[0.096s] Invoking command in '/home/hou/catkin_ws/build/driver': CMAKE_PREFIX_PATH=/opt/ros/humble /usr/bin/cmake --build /home/hou/catkin_ws/build/driver -- -j10 -l10
[0.202s] -- Found ament_cmake: 1.3.11 (/opt/ros/humble/share/ament_cmake/cmake)
[0.672s] -- Found rclcpp: 16.0.11 (/opt/ros/humble/share/rclcpp/cmake)
[0.734s] -- Found rosidl_generator_c: 3.1.6 (/opt/ros/humble/share/rosidl_generator_c/cmake)
[0.752s] -- Found rosidl_adapter: 3.1.6 (/opt/ros/humble/share/rosidl_adapter/cmake)
[0.773s] -- Found rosidl_generator_cpp: 3.1.6 (/opt/ros/humble/share/rosidl_generator_cpp/cmake)
[0.818s] -- Using all available rosidl_typesupport_c: rosidl_typesupport_fastrtps_c;rosidl_typesupport_introspection_c
[0.874s] -- Using all available rosidl_typesupport_cpp: rosidl_typesupport_fastrtps_cpp;rosidl_typesupport_introspection_cpp
[1.024s] -- Found rmw_implementation_cmake: 6.1.2 (/opt/ros/humble/share/rmw_implementation_cmake/cmake)
[1.024s] -- Found rmw_fastrtps_cpp: 6.2.7 (/opt/ros/humble/share/rmw_fastrtps_cpp/cmake)
[1.400s] -- Using RMW implementation 'rmw_fastrtps_cpp' as default
[1.510s] [31mCMake Error at /opt/ros/humble/share/ament_cmake_target_dependencies/cmake/ament_target_dependencies.cmake:77 (message):
[1.510s]   ament_target_dependencies() the passed package name 'driver_msgs' was not
[1.510s]   found before
[1.510s] Call Stack (most recent call first):
[1.510s]   CMakeLists.txt:18 (ament_target_dependencies)
[1.510s] 
[1.510s] [0m
[1.510s] -- Configuring incomplete, errors occurred!
[1.510s] See also "/home/hou/catkin_ws/build/driver/CMakeFiles/CMakeOutput.log".
[1.531s] gmake: *** [Makefile:267：cmake_check_build_system] 错误 1
[1.564s] Invoked command in '/home/hou/catkin_ws/build/driver' returned '2': CMAKE_PREFIX_PATH=/opt/ros/humble /usr/bin/cmake --build /home/hou/catkin_ws/build/driver -- -j10 -l10
