[0.793s] Invoking command in '/home/hou/catkin_ws/src/process': CMAKE_PREFIX_PATH=/home/hou/catkin_ws/install/driver_msgs:/home/hou/catkin_ws/install/driver PYTHONPATH=/home/hou/catkin_ws/build/process/prefix_override:/usr/lib/python3/dist-packages/colcon_core/task/python/colcon_distutils_commands:/home/hou/catkin_ws/install/process/lib/python3.10/site-packages:${PYTHONPATH} /usr/bin/python3 -W ignore:setup.py install is deprecated -W ignore:easy_install command is deprecated setup.py egg_info --egg-base ../../build/process build --build-base /home/hou/catkin_ws/build/process/build install --record /home/hou/catkin_ws/build/process/install.log --single-version-externally-managed install_data
[1.176s] running egg_info
[1.177s] writing ../../build/process/process.egg-info/PKG-INFO
[1.190s] writing dependency_links to ../../build/process/process.egg-info/dependency_links.txt
[1.193s] writing entry points to ../../build/process/process.egg-info/entry_points.txt
[1.208s] writing requirements to ../../build/process/process.egg-info/requires.txt
[1.212s] writing top-level names to ../../build/process/process.egg-info/top_level.txt
[1.213s] reading manifest file '../../build/process/process.egg-info/SOURCES.txt'
[1.221s] writing manifest file '../../build/process/process.egg-info/SOURCES.txt'
[1.221s] running build
[1.221s] running build_py
[1.221s] running install
[1.221s] running install_lib
[1.222s] running install_data
[1.222s] copying package.xml -> /home/hou/catkin_ws/install/process/share/process
[1.222s] running install_egg_info
[1.224s] removing '/home/hou/catkin_ws/install/process/lib/python3.10/site-packages/process-0.0.0-py3.10.egg-info' (and everything under it)
[1.229s] Copying ../../build/process/process.egg-info to /home/hou/catkin_ws/install/process/lib/python3.10/site-packages/process-0.0.0-py3.10.egg-info
[1.229s] running install_scripts
[1.242s] Installing process_node script to /home/hou/catkin_ws/install/process/lib/process
[1.242s] writing list of installed files to '/home/hou/catkin_ws/build/process/install.log'
[1.258s] Invoked command in '/home/hou/catkin_ws/src/process' returned '0': CMAKE_PREFIX_PATH=/home/hou/catkin_ws/install/driver_msgs:/home/hou/catkin_ws/install/driver PYTHONPATH=/home/hou/catkin_ws/build/process/prefix_override:/usr/lib/python3/dist-packages/colcon_core/task/python/colcon_distutils_commands:/home/hou/catkin_ws/install/process/lib/python3.10/site-packages:${PYTHONPATH} /usr/bin/python3 -W ignore:setup.py install is deprecated -W ignore:easy_install command is deprecated setup.py egg_info --egg-base ../../build/process build --build-base /home/hou/catkin_ws/build/process/build install --record /home/hou/catkin_ws/build/process/install.log --single-version-externally-managed install_data
