[0.060s] Invoking command in '/home/hou/catkin_ws/build/driver': AMENT_PREFIX_PATH=/home/hou/catkin_ws/install/driver_msgs:${AMENT_PREFIX_PATH} CMAKE_PREFIX_PATH=/home/hou/catkin_ws/install/driver_msgs:/opt/ros/humble LD_LIBRARY_PATH=/home/hou/catkin_ws/install/driver_msgs/lib:${LD_LIBRARY_PATH} PYTHONPATH=/home/hou/catkin_ws/install/driver_msgs/local/lib/python3.10/dist-packages:${PYTHONPATH} /usr/bin/cmake /home/hou/catkin_ws/src/driver -DCMAKE_INSTALL_PREFIX=/home/hou/catkin_ws/install/driver
[0.110s] -- Found ament_cmake: 1.3.11 (/opt/ros/humble/share/ament_cmake/cmake)
[0.637s] -- Found rclcpp: 16.0.11 (/opt/ros/humble/share/rclcpp/cmake)
[0.656s] -- Found rosidl_generator_c: 3.1.6 (/opt/ros/humble/share/rosidl_generator_c/cmake)
[0.658s] -- Found rosidl_adapter: 3.1.6 (/opt/ros/humble/share/rosidl_adapter/cmake)
[0.668s] -- Found rosidl_generator_cpp: 3.1.6 (/opt/ros/humble/share/rosidl_generator_cpp/cmake)
[0.683s] -- Using all available rosidl_typesupport_c: rosidl_typesupport_fastrtps_c;rosidl_typesupport_introspection_c
[0.694s] -- Using all available rosidl_typesupport_cpp: rosidl_typesupport_fastrtps_cpp;rosidl_typesupport_introspection_cpp
[0.719s] -- Found rmw_implementation_cmake: 6.1.2 (/opt/ros/humble/share/rmw_implementation_cmake/cmake)
[0.720s] -- Found rmw_fastrtps_cpp: 6.2.7 (/opt/ros/humble/share/rmw_fastrtps_cpp/cmake)
[0.805s] -- Using RMW implementation 'rmw_fastrtps_cpp' as default
[0.871s] -- Found driver_msgs: 0.0.0 (/home/hou/catkin_ws/install/driver_msgs/share/driver_msgs/cmake)
[0.891s] -- Found ament_lint_auto: 0.12.11 (/opt/ros/humble/share/ament_lint_auto/cmake)
[0.957s] -- Added test 'cppcheck' to perform static code analysis on C / C++ code
[0.958s] -- Configured cppcheck include dirs: 
[0.958s] -- Configured cppcheck exclude dirs and/or files: 
[0.960s] -- Added test 'flake8' to check Python code syntax and style conventions
[0.960s] -- Added test 'lint_cmake' to check CMake code style
[0.960s] -- Added test 'pep257' to check Python code against some of the docstring style conventions in PEP 257
[0.960s] -- Added test 'uncrustify' to check C / C++ code style
[0.960s] -- Configured uncrustify additional arguments: 
[0.961s] -- Added test 'xmllint' to check XML markup files
[0.962s] -- Configuring done
[0.971s] -- Generating done
[0.975s] -- Build files have been written to: /home/hou/catkin_ws/build/driver
[1.014s] Invoked command in '/home/hou/catkin_ws/build/driver' returned '0': AMENT_PREFIX_PATH=/home/hou/catkin_ws/install/driver_msgs:${AMENT_PREFIX_PATH} CMAKE_PREFIX_PATH=/home/hou/catkin_ws/install/driver_msgs:/opt/ros/humble LD_LIBRARY_PATH=/home/hou/catkin_ws/install/driver_msgs/lib:${LD_LIBRARY_PATH} PYTHONPATH=/home/hou/catkin_ws/install/driver_msgs/local/lib/python3.10/dist-packages:${PYTHONPATH} /usr/bin/cmake /home/hou/catkin_ws/src/driver -DCMAKE_INSTALL_PREFIX=/home/hou/catkin_ws/install/driver
[1.027s] Invoking command in '/home/hou/catkin_ws/build/driver': AMENT_PREFIX_PATH=/home/hou/catkin_ws/install/driver_msgs:${AMENT_PREFIX_PATH} CMAKE_PREFIX_PATH=/home/hou/catkin_ws/install/driver_msgs:/opt/ros/humble LD_LIBRARY_PATH=/home/hou/catkin_ws/install/driver_msgs/lib:${LD_LIBRARY_PATH} PYTHONPATH=/home/hou/catkin_ws/install/driver_msgs/local/lib/python3.10/dist-packages:${PYTHONPATH} /usr/bin/cmake --build /home/hou/catkin_ws/build/driver -- -j10 -l10
[1.292s] [ 50%] [32mBuilding CXX object CMakeFiles/driver_node.dir/src/driver_node.cpp.o[0m
[7.072s] [100%] [32m[1mLinking CXX executable driver_node[0m
[7.332s] [100%] Built target driver_node
[7.352s] Invoked command in '/home/hou/catkin_ws/build/driver' returned '0': AMENT_PREFIX_PATH=/home/hou/catkin_ws/install/driver_msgs:${AMENT_PREFIX_PATH} CMAKE_PREFIX_PATH=/home/hou/catkin_ws/install/driver_msgs:/opt/ros/humble LD_LIBRARY_PATH=/home/hou/catkin_ws/install/driver_msgs/lib:${LD_LIBRARY_PATH} PYTHONPATH=/home/hou/catkin_ws/install/driver_msgs/local/lib/python3.10/dist-packages:${PYTHONPATH} /usr/bin/cmake --build /home/hou/catkin_ws/build/driver -- -j10 -l10
[7.363s] Invoking command in '/home/hou/catkin_ws/build/driver': AMENT_PREFIX_PATH=/home/hou/catkin_ws/install/driver_msgs:${AMENT_PREFIX_PATH} CMAKE_PREFIX_PATH=/home/hou/catkin_ws/install/driver_msgs:/opt/ros/humble LD_LIBRARY_PATH=/home/hou/catkin_ws/install/driver_msgs/lib:${LD_LIBRARY_PATH} PYTHONPATH=/home/hou/catkin_ws/install/driver_msgs/local/lib/python3.10/dist-packages:${PYTHONPATH} /usr/bin/cmake --install /home/hou/catkin_ws/build/driver
[7.371s] -- Install configuration: ""
[7.371s] -- Installing: /home/hou/catkin_ws/install/driver/lib/driver/driver_node
[7.373s] -- Set runtime path of "/home/hou/catkin_ws/install/driver/lib/driver/driver_node" to ""
[7.373s] -- Installing: /home/hou/catkin_ws/install/driver/share/ament_index/resource_index/package_run_dependencies/driver
[7.373s] -- Installing: /home/hou/catkin_ws/install/driver/share/ament_index/resource_index/parent_prefix_path/driver
[7.373s] -- Installing: /home/hou/catkin_ws/install/driver/share/driver/environment/ament_prefix_path.sh
[7.377s] -- Installing: /home/hou/catkin_ws/install/driver/share/driver/environment/ament_prefix_path.dsv
[7.377s] -- Installing: /home/hou/catkin_ws/install/driver/share/driver/environment/path.sh
[7.377s] -- Installing: /home/hou/catkin_ws/install/driver/share/driver/environment/path.dsv
[7.378s] -- Installing: /home/hou/catkin_ws/install/driver/share/driver/local_setup.bash
[7.378s] -- Installing: /home/hou/catkin_ws/install/driver/share/driver/local_setup.sh
[7.379s] -- Installing: /home/hou/catkin_ws/install/driver/share/driver/local_setup.zsh
[7.379s] -- Installing: /home/hou/catkin_ws/install/driver/share/driver/local_setup.dsv
[7.380s] -- Installing: /home/hou/catkin_ws/install/driver/share/driver/package.dsv
[7.380s] -- Installing: /home/hou/catkin_ws/install/driver/share/ament_index/resource_index/packages/driver
[7.380s] -- Installing: /home/hou/catkin_ws/install/driver/share/driver/cmake/driverConfig.cmake
[7.380s] -- Installing: /home/hou/catkin_ws/install/driver/share/driver/cmake/driverConfig-version.cmake
[7.380s] -- Installing: /home/hou/catkin_ws/install/driver/share/driver/package.xml
[7.380s] Invoked command in '/home/hou/catkin_ws/build/driver' returned '0': AMENT_PREFIX_PATH=/home/hou/catkin_ws/install/driver_msgs:${AMENT_PREFIX_PATH} CMAKE_PREFIX_PATH=/home/hou/catkin_ws/install/driver_msgs:/opt/ros/humble LD_LIBRARY_PATH=/home/hou/catkin_ws/install/driver_msgs/lib:${LD_LIBRARY_PATH} PYTHONPATH=/home/hou/catkin_ws/install/driver_msgs/local/lib/python3.10/dist-packages:${PYTHONPATH} /usr/bin/cmake --install /home/hou/catkin_ws/build/driver
