[0.041s] Invoking command in '/home/hou/catkin_ws/build/driver_msgs': CMAKE_PREFIX_PATH=${CMAKE_PREFIX_PATH}:/home/hou/catkin_ws/install/process:/opt/ros/humble /usr/bin/cmake /home/hou/catkin_ws/src/driver_msgs -DCMAKE_INSTALL_PREFIX=/home/hou/catkin_ws/install/driver_msgs
[0.607s] -- The C compiler identification is GNU 11.4.0
[0.753s] -- The CXX compiler identification is GNU 11.4.0
[0.790s] -- Detecting C compiler ABI info
[1.005s] -- Detecting C compiler ABI info - done
[1.021s] -- Check for working C compiler: /usr/bin/cc - skipped
[1.031s] -- Detecting C compile features
[1.046s] -- Detecting C compile features - done
[1.088s] -- Detecting CXX compiler ABI info
[1.674s] -- Detecting CXX compiler ABI info - done
[1.678s] -- Check for working CXX compiler: /usr/bin/c++ - skipped
[1.678s] -- Detecting CXX compile features
[1.679s] -- Detecting CXX compile features - done
[1.698s] -- Found ament_cmake: 1.3.11 (/opt/ros/humble/share/ament_cmake/cmake)
[2.121s] -- Found Python3: /usr/bin/python3 (found version "3.10.12") found components: Interpreter 
[2.327s] -- Found geometry_msgs: 4.2.4 (/opt/ros/humble/share/geometry_msgs/cmake)
[2.413s] -- Found rosidl_generator_c: 3.1.6 (/opt/ros/humble/share/rosidl_generator_c/cmake)
[2.421s] -- Found rosidl_adapter: 3.1.6 (/opt/ros/humble/share/rosidl_adapter/cmake)
[2.435s] -- Found rosidl_generator_cpp: 3.1.6 (/opt/ros/humble/share/rosidl_generator_cpp/cmake)
[2.455s] -- Using all available rosidl_typesupport_c: rosidl_typesupport_fastrtps_c;rosidl_typesupport_introspection_c
[2.489s] -- Using all available rosidl_typesupport_cpp: rosidl_typesupport_fastrtps_cpp;rosidl_typesupport_introspection_cpp
[2.776s] -- Found ament_cmake_ros: 0.10.0 (/opt/ros/humble/share/ament_cmake_ros/cmake)
[3.143s] -- Using all available rosidl_typesupport_c: rosidl_typesupport_fastrtps_c;rosidl_typesupport_introspection_c
[3.274s] -- Using all available rosidl_typesupport_cpp: rosidl_typesupport_fastrtps_cpp;rosidl_typesupport_introspection_cpp
[3.276s] -- Found ament_lint_auto: 0.12.11 (/opt/ros/humble/share/ament_lint_auto/cmake)
[3.358s] -- Added test 'lint_cmake' to check CMake code style
[3.360s] -- Added test 'xmllint' to check XML markup files
[3.363s] -- Configuring done
[3.382s] -- Generating done
[3.399s] -- Build files have been written to: /home/hou/catkin_ws/build/driver_msgs
[3.407s] Invoked command in '/home/hou/catkin_ws/build/driver_msgs' returned '0': CMAKE_PREFIX_PATH=${CMAKE_PREFIX_PATH}:/home/hou/catkin_ws/install/process:/opt/ros/humble /usr/bin/cmake /home/hou/catkin_ws/src/driver_msgs -DCMAKE_INSTALL_PREFIX=/home/hou/catkin_ws/install/driver_msgs
[3.408s] Invoking command in '/home/hou/catkin_ws/build/driver_msgs': CMAKE_PREFIX_PATH=${CMAKE_PREFIX_PATH}:/home/hou/catkin_ws/install/process:/opt/ros/humble /usr/bin/cmake --build /home/hou/catkin_ws/build/driver_msgs -- -j10 -l10
[3.447s] [  4%] [34m[1mGenerating C code for ROS interfaces[0m
[3.464s] [  9%] [34m[1mGenerating C++ code for ROS interfaces[0m
[3.811s] [  9%] Built target driver_msgs__cpp
[3.867s] [ 13%] [34m[1mGenerating C++ type support for eProsima Fast-RTPS[0m
[3.871s] [ 18%] [34m[1mGenerating C++ introspection for ROS interfaces[0m
[3.896s] [ 22%] [34m[1mGenerating C++ type support dispatch for ROS interfaces[0m
[3.915s] [ 27%] [32mBuilding C object CMakeFiles/driver_msgs__rosidl_generator_c.dir/rosidl_generator_c/driver_msgs/msg/detail/target__functions.c.o[0m
[4.485s] [ 31%] [32mBuilding CXX object CMakeFiles/driver_msgs__rosidl_typesupport_fastrtps_cpp.dir/rosidl_typesupport_fastrtps_cpp/driver_msgs/msg/detail/dds_fastrtps/target__type_support.cpp.o[0m
[4.486s] [ 36%] [32mBuilding CXX object CMakeFiles/driver_msgs__rosidl_typesupport_introspection_cpp.dir/rosidl_typesupport_introspection_cpp/driver_msgs/msg/detail/target__type_support.cpp.o[0m
[4.518s] [ 40%] [32m[1mLinking C shared library libdriver_msgs__rosidl_generator_c.so[0m
[4.639s] [ 45%] [32mBuilding CXX object CMakeFiles/driver_msgs__rosidl_typesupport_cpp.dir/rosidl_typesupport_cpp/driver_msgs/msg/target__type_support.cpp.o[0m
[4.765s] [ 45%] Built target driver_msgs__rosidl_generator_c
[4.863s] [ 50%] [34m[1mGenerating C type support for eProsima Fast-RTPS[0m
[4.882s] [ 54%] [34m[1mGenerating C introspection for ROS interfaces[0m
[4.906s] [ 59%] [34m[1mGenerating C type support dispatch for ROS interfaces[0m
[5.511s] [ 63%] [32mBuilding CXX object CMakeFiles/driver_msgs__rosidl_typesupport_c.dir/rosidl_typesupport_c/driver_msgs/msg/target__type_support.cpp.o[0m
[5.549s] [ 68%] [32mBuilding C object CMakeFiles/driver_msgs__rosidl_typesupport_introspection_c.dir/rosidl_typesupport_introspection_c/driver_msgs/msg/detail/target__type_support.c.o[0m
[5.688s] [ 72%] [32mBuilding CXX object CMakeFiles/driver_msgs__rosidl_typesupport_fastrtps_c.dir/rosidl_typesupport_fastrtps_c/driver_msgs/msg/detail/target__type_support_c.cpp.o[0m
[5.879s] [ 77%] [32m[1mLinking CXX shared library libdriver_msgs__rosidl_typesupport_c.so[0m
[5.914s] [ 81%] [32m[1mLinking C shared library libdriver_msgs__rosidl_typesupport_introspection_c.so[0m
[6.267s] [ 81%] Built target driver_msgs__rosidl_typesupport_introspection_c
[6.295s] [ 86%] [32m[1mLinking CXX shared library libdriver_msgs__rosidl_typesupport_cpp.so[0m
[6.484s] [ 86%] Built target driver_msgs__rosidl_typesupport_c
[6.650s] [ 86%] Built target driver_msgs__rosidl_typesupport_cpp
[6.707s] [ 90%] [32m[1mLinking CXX shared library libdriver_msgs__rosidl_typesupport_introspection_cpp.so[0m
[6.751s] [ 95%] [32m[1mLinking CXX shared library libdriver_msgs__rosidl_typesupport_fastrtps_cpp.so[0m
[6.954s] [100%] [32m[1mLinking CXX shared library libdriver_msgs__rosidl_typesupport_fastrtps_c.so[0m
[7.109s] [100%] Built target driver_msgs__rosidl_typesupport_introspection_cpp
[7.141s] [100%] Built target driver_msgs__rosidl_typesupport_fastrtps_cpp
[7.325s] [100%] Built target driver_msgs__rosidl_typesupport_fastrtps_c
[7.461s] [100%] Built target driver_msgs
[7.537s] Invoked command in '/home/hou/catkin_ws/build/driver_msgs' returned '0': CMAKE_PREFIX_PATH=${CMAKE_PREFIX_PATH}:/home/hou/catkin_ws/install/process:/opt/ros/humble /usr/bin/cmake --build /home/hou/catkin_ws/build/driver_msgs -- -j10 -l10
[7.566s] Invoking command in '/home/hou/catkin_ws/build/driver_msgs': CMAKE_PREFIX_PATH=${CMAKE_PREFIX_PATH}:/home/hou/catkin_ws/install/process:/opt/ros/humble /usr/bin/cmake --install /home/hou/catkin_ws/build/driver_msgs
[7.592s] -- Install configuration: ""
[7.598s] -- Installing: /home/hou/catkin_ws/install/driver_msgs/share/ament_index/resource_index/rosidl_interfaces/driver_msgs
[7.602s] -- Installing: /home/hou/catkin_ws/install/driver_msgs/include/driver_msgs/driver_msgs
[7.612s] -- Installing: /home/hou/catkin_ws/install/driver_msgs/include/driver_msgs/driver_msgs/msg
[7.612s] -- Installing: /home/hou/catkin_ws/install/driver_msgs/include/driver_msgs/driver_msgs/msg/rosidl_generator_c__visibility_control.h
[7.613s] -- Installing: /home/hou/catkin_ws/install/driver_msgs/include/driver_msgs/driver_msgs/msg/detail
[7.613s] -- Installing: /home/hou/catkin_ws/install/driver_msgs/include/driver_msgs/driver_msgs/msg/detail/target__struct.h
[7.613s] -- Installing: /home/hou/catkin_ws/install/driver_msgs/include/driver_msgs/driver_msgs/msg/detail/target__type_support.h
[7.613s] -- Installing: /home/hou/catkin_ws/install/driver_msgs/include/driver_msgs/driver_msgs/msg/detail/target__functions.h
[7.613s] -- Installing: /home/hou/catkin_ws/install/driver_msgs/include/driver_msgs/driver_msgs/msg/detail/target__functions.c
[7.613s] -- Installing: /home/hou/catkin_ws/install/driver_msgs/include/driver_msgs/driver_msgs/msg/target.h
[7.622s] -- Installing: /home/hou/catkin_ws/install/driver_msgs/share/driver_msgs/environment/library_path.sh
[7.622s] -- Installing: /home/hou/catkin_ws/install/driver_msgs/share/driver_msgs/environment/library_path.dsv
[7.622s] -- Installing: /home/hou/catkin_ws/install/driver_msgs/lib/libdriver_msgs__rosidl_generator_c.so
[7.622s] -- Set runtime path of "/home/hou/catkin_ws/install/driver_msgs/lib/libdriver_msgs__rosidl_generator_c.so" to ""
[7.622s] -- Up-to-date: /home/hou/catkin_ws/install/driver_msgs/include/driver_msgs/driver_msgs
[7.622s] -- Up-to-date: /home/hou/catkin_ws/install/driver_msgs/include/driver_msgs/driver_msgs/msg
[7.622s] -- Up-to-date: /home/hou/catkin_ws/install/driver_msgs/include/driver_msgs/driver_msgs/msg/detail
[7.622s] -- Installing: /home/hou/catkin_ws/install/driver_msgs/include/driver_msgs/driver_msgs/msg/detail/target__rosidl_typesupport_fastrtps_c.h
[7.623s] -- Installing: /home/hou/catkin_ws/install/driver_msgs/include/driver_msgs/driver_msgs/msg/rosidl_typesupport_fastrtps_c__visibility_control.h
[7.623s] -- Installing: /home/hou/catkin_ws/install/driver_msgs/lib/libdriver_msgs__rosidl_typesupport_fastrtps_c.so
[7.623s] -- Set runtime path of "/home/hou/catkin_ws/install/driver_msgs/lib/libdriver_msgs__rosidl_typesupport_fastrtps_c.so" to ""
[7.623s] -- Up-to-date: /home/hou/catkin_ws/install/driver_msgs/include/driver_msgs/driver_msgs
[7.623s] -- Up-to-date: /home/hou/catkin_ws/install/driver_msgs/include/driver_msgs/driver_msgs/msg
[7.623s] -- Up-to-date: /home/hou/catkin_ws/install/driver_msgs/include/driver_msgs/driver_msgs/msg/detail
[7.623s] -- Installing: /home/hou/catkin_ws/install/driver_msgs/include/driver_msgs/driver_msgs/msg/detail/target__builder.hpp
[7.624s] -- Installing: /home/hou/catkin_ws/install/driver_msgs/include/driver_msgs/driver_msgs/msg/detail/target__type_support.hpp
[7.624s] -- Installing: /home/hou/catkin_ws/install/driver_msgs/include/driver_msgs/driver_msgs/msg/detail/target__traits.hpp
[7.624s] -- Installing: /home/hou/catkin_ws/install/driver_msgs/include/driver_msgs/driver_msgs/msg/detail/target__struct.hpp
[7.624s] -- Installing: /home/hou/catkin_ws/install/driver_msgs/include/driver_msgs/driver_msgs/msg/target.hpp
[7.626s] -- Installing: /home/hou/catkin_ws/install/driver_msgs/include/driver_msgs/driver_msgs/msg/rosidl_generator_cpp__visibility_control.hpp
[7.626s] -- Up-to-date: /home/hou/catkin_ws/install/driver_msgs/include/driver_msgs/driver_msgs
[7.626s] -- Up-to-date: /home/hou/catkin_ws/install/driver_msgs/include/driver_msgs/driver_msgs/msg
[7.626s] -- Up-to-date: /home/hou/catkin_ws/install/driver_msgs/include/driver_msgs/driver_msgs/msg/detail
[7.626s] -- Installing: /home/hou/catkin_ws/install/driver_msgs/include/driver_msgs/driver_msgs/msg/detail/target__rosidl_typesupport_fastrtps_cpp.hpp
[7.626s] -- Installing: /home/hou/catkin_ws/install/driver_msgs/include/driver_msgs/driver_msgs/msg/detail/dds_fastrtps
[7.626s] -- Installing: /home/hou/catkin_ws/install/driver_msgs/include/driver_msgs/driver_msgs/msg/rosidl_typesupport_fastrtps_cpp__visibility_control.h
[7.626s] -- Installing: /home/hou/catkin_ws/install/driver_msgs/lib/libdriver_msgs__rosidl_typesupport_fastrtps_cpp.so
[7.626s] -- Set runtime path of "/home/hou/catkin_ws/install/driver_msgs/lib/libdriver_msgs__rosidl_typesupport_fastrtps_cpp.so" to ""
[7.626s] -- Up-to-date: /home/hou/catkin_ws/install/driver_msgs/include/driver_msgs/driver_msgs
[7.626s] -- Up-to-date: /home/hou/catkin_ws/install/driver_msgs/include/driver_msgs/driver_msgs/msg
[7.626s] -- Up-to-date: /home/hou/catkin_ws/install/driver_msgs/include/driver_msgs/driver_msgs/msg/detail
[7.626s] -- Installing: /home/hou/catkin_ws/install/driver_msgs/include/driver_msgs/driver_msgs/msg/detail/target__rosidl_typesupport_introspection_c.h
[7.626s] -- Installing: /home/hou/catkin_ws/install/driver_msgs/include/driver_msgs/driver_msgs/msg/detail/target__type_support.c
[7.626s] -- Installing: /home/hou/catkin_ws/install/driver_msgs/include/driver_msgs/driver_msgs/msg/rosidl_typesupport_introspection_c__visibility_control.h
[7.626s] -- Installing: /home/hou/catkin_ws/install/driver_msgs/lib/libdriver_msgs__rosidl_typesupport_introspection_c.so
[7.630s] -- Set runtime path of "/home/hou/catkin_ws/install/driver_msgs/lib/libdriver_msgs__rosidl_typesupport_introspection_c.so" to ""
[7.632s] -- Installing: /home/hou/catkin_ws/install/driver_msgs/lib/libdriver_msgs__rosidl_typesupport_c.so
[7.632s] -- Set runtime path of "/home/hou/catkin_ws/install/driver_msgs/lib/libdriver_msgs__rosidl_typesupport_c.so" to ""
[7.632s] -- Up-to-date: /home/hou/catkin_ws/install/driver_msgs/include/driver_msgs/driver_msgs
[7.632s] -- Up-to-date: /home/hou/catkin_ws/install/driver_msgs/include/driver_msgs/driver_msgs/msg
[7.632s] -- Up-to-date: /home/hou/catkin_ws/install/driver_msgs/include/driver_msgs/driver_msgs/msg/detail
[7.632s] -- Installing: /home/hou/catkin_ws/install/driver_msgs/include/driver_msgs/driver_msgs/msg/detail/target__type_support.cpp
[7.633s] -- Installing: /home/hou/catkin_ws/install/driver_msgs/include/driver_msgs/driver_msgs/msg/detail/target__rosidl_typesupport_introspection_cpp.hpp
[7.633s] -- Installing: /home/hou/catkin_ws/install/driver_msgs/lib/libdriver_msgs__rosidl_typesupport_introspection_cpp.so
[7.633s] -- Set runtime path of "/home/hou/catkin_ws/install/driver_msgs/lib/libdriver_msgs__rosidl_typesupport_introspection_cpp.so" to ""
[7.634s] -- Installing: /home/hou/catkin_ws/install/driver_msgs/lib/libdriver_msgs__rosidl_typesupport_cpp.so
[7.634s] -- Set runtime path of "/home/hou/catkin_ws/install/driver_msgs/lib/libdriver_msgs__rosidl_typesupport_cpp.so" to ""
[7.634s] -- Installing: /home/hou/catkin_ws/install/driver_msgs/share/driver_msgs/msg/Target.idl
[7.634s] -- Installing: /home/hou/catkin_ws/install/driver_msgs/share/driver_msgs/msg/Target.msg
[7.634s] -- Installing: /home/hou/catkin_ws/install/driver_msgs/share/ament_index/resource_index/package_run_dependencies/driver_msgs
[7.634s] -- Installing: /home/hou/catkin_ws/install/driver_msgs/share/ament_index/resource_index/parent_prefix_path/driver_msgs
[7.634s] -- Installing: /home/hou/catkin_ws/install/driver_msgs/share/driver_msgs/environment/ament_prefix_path.sh
[7.634s] -- Installing: /home/hou/catkin_ws/install/driver_msgs/share/driver_msgs/environment/ament_prefix_path.dsv
[7.634s] -- Installing: /home/hou/catkin_ws/install/driver_msgs/share/driver_msgs/environment/path.sh
[7.634s] -- Installing: /home/hou/catkin_ws/install/driver_msgs/share/driver_msgs/environment/path.dsv
[7.634s] -- Installing: /home/hou/catkin_ws/install/driver_msgs/share/driver_msgs/local_setup.bash
[7.635s] -- Installing: /home/hou/catkin_ws/install/driver_msgs/share/driver_msgs/local_setup.sh
[7.635s] -- Installing: /home/hou/catkin_ws/install/driver_msgs/share/driver_msgs/local_setup.zsh
[7.635s] -- Installing: /home/hou/catkin_ws/install/driver_msgs/share/driver_msgs/local_setup.dsv
[7.635s] -- Installing: /home/hou/catkin_ws/install/driver_msgs/share/driver_msgs/package.dsv
[7.635s] -- Installing: /home/hou/catkin_ws/install/driver_msgs/share/ament_index/resource_index/packages/driver_msgs
[7.635s] -- Installing: /home/hou/catkin_ws/install/driver_msgs/share/driver_msgs/cmake/export_driver_msgs__rosidl_generator_cExport.cmake
[7.635s] -- Installing: /home/hou/catkin_ws/install/driver_msgs/share/driver_msgs/cmake/export_driver_msgs__rosidl_generator_cExport-noconfig.cmake
[7.635s] -- Installing: /home/hou/catkin_ws/install/driver_msgs/share/driver_msgs/cmake/export_driver_msgs__rosidl_typesupport_fastrtps_cExport.cmake
[7.635s] -- Installing: /home/hou/catkin_ws/install/driver_msgs/share/driver_msgs/cmake/export_driver_msgs__rosidl_typesupport_fastrtps_cExport-noconfig.cmake
[7.635s] -- Installing: /home/hou/catkin_ws/install/driver_msgs/share/driver_msgs/cmake/export_driver_msgs__rosidl_generator_cppExport.cmake
[7.635s] -- Installing: /home/hou/catkin_ws/install/driver_msgs/share/driver_msgs/cmake/export_driver_msgs__rosidl_typesupport_fastrtps_cppExport.cmake
[7.636s] -- Installing: /home/hou/catkin_ws/install/driver_msgs/share/driver_msgs/cmake/export_driver_msgs__rosidl_typesupport_fastrtps_cppExport-noconfig.cmake
[7.636s] -- Installing: /home/hou/catkin_ws/install/driver_msgs/share/driver_msgs/cmake/driver_msgs__rosidl_typesupport_introspection_cExport.cmake
[7.636s] -- Installing: /home/hou/catkin_ws/install/driver_msgs/share/driver_msgs/cmake/driver_msgs__rosidl_typesupport_introspection_cExport-noconfig.cmake
[7.636s] -- Installing: /home/hou/catkin_ws/install/driver_msgs/share/driver_msgs/cmake/driver_msgs__rosidl_typesupport_cExport.cmake
[7.636s] -- Installing: /home/hou/catkin_ws/install/driver_msgs/share/driver_msgs/cmake/driver_msgs__rosidl_typesupport_cExport-noconfig.cmake
[7.636s] -- Installing: /home/hou/catkin_ws/install/driver_msgs/share/driver_msgs/cmake/driver_msgs__rosidl_typesupport_introspection_cppExport.cmake
[7.636s] -- Installing: /home/hou/catkin_ws/install/driver_msgs/share/driver_msgs/cmake/driver_msgs__rosidl_typesupport_introspection_cppExport-noconfig.cmake
[7.636s] -- Installing: /home/hou/catkin_ws/install/driver_msgs/share/driver_msgs/cmake/driver_msgs__rosidl_typesupport_cppExport.cmake
[7.636s] -- Installing: /home/hou/catkin_ws/install/driver_msgs/share/driver_msgs/cmake/driver_msgs__rosidl_typesupport_cppExport-noconfig.cmake
[7.637s] -- Installing: /home/hou/catkin_ws/install/driver_msgs/share/driver_msgs/cmake/rosidl_cmake-extras.cmake
[7.637s] -- Installing: /home/hou/catkin_ws/install/driver_msgs/share/driver_msgs/cmake/ament_cmake_export_dependencies-extras.cmake
[7.637s] -- Installing: /home/hou/catkin_ws/install/driver_msgs/share/driver_msgs/cmake/ament_cmake_export_include_directories-extras.cmake
[7.637s] -- Installing: /home/hou/catkin_ws/install/driver_msgs/share/driver_msgs/cmake/ament_cmake_export_libraries-extras.cmake
[7.637s] -- Installing: /home/hou/catkin_ws/install/driver_msgs/share/driver_msgs/cmake/ament_cmake_export_targets-extras.cmake
[7.637s] -- Installing: /home/hou/catkin_ws/install/driver_msgs/share/driver_msgs/cmake/rosidl_cmake_export_typesupport_targets-extras.cmake
[7.637s] -- Installing: /home/hou/catkin_ws/install/driver_msgs/share/driver_msgs/cmake/rosidl_cmake_export_typesupport_libraries-extras.cmake
[7.637s] -- Installing: /home/hou/catkin_ws/install/driver_msgs/share/driver_msgs/cmake/driver_msgsConfig.cmake
[7.637s] -- Installing: /home/hou/catkin_ws/install/driver_msgs/share/driver_msgs/cmake/driver_msgsConfig-version.cmake
[7.638s] -- Installing: /home/hou/catkin_ws/install/driver_msgs/share/driver_msgs/package.xml
[7.638s] Invoked command in '/home/hou/catkin_ws/build/driver_msgs' returned '0': CMAKE_PREFIX_PATH=${CMAKE_PREFIX_PATH}:/home/hou/catkin_ws/install/process:/opt/ros/humble /usr/bin/cmake --install /home/hou/catkin_ws/build/driver_msgs
