[0.011s] Invoking command in '/home/hou/catkin_ws/build/driver_msgs': CMAKE_PREFIX_PATH=${CMAKE_PREFIX_PATH}:/home/hou/catkin_ws/install/process:/opt/ros/humble /usr/bin/cmake --build /home/hou/catkin_ws/build/driver_msgs -- -j10 -l10
[0.063s] -- Found rosidl_default_generators: 1.2.0 (/opt/ros/humble/share/rosidl_default_generators/cmake)
[0.063s] -- Found ament_cmake_core: 1.3.11 (/opt/ros/humble/share/ament_cmake_core/cmake)
[0.150s] -- Using all available rosidl_typesupport_c: rosidl_typesupport_fastrtps_c;rosidl_typesupport_introspection_c
[0.152s] -- Found rosidl_adapter: 3.1.6 (/opt/ros/humble/share/rosidl_adapter/cmake)
[0.176s] -- Using all available rosidl_typesupport_cpp: rosidl_typesupport_fastrtps_cpp;rosidl_typesupport_introspection_cpp
[0.204s] -- Found geometry_msgs: 4.2.4 (/opt/ros/humble/share/geometry_msgs/cmake)
[0.475s] -- Found ament_cmake_ros: 0.10.0 (/opt/ros/humble/share/ament_cmake_ros/cmake)
[0.708s] -- Using all available rosidl_typesupport_c: rosidl_typesupport_fastrtps_c;rosidl_typesupport_introspection_c
[1.028s] -- Using all available rosidl_typesupport_cpp: rosidl_typesupport_fastrtps_cpp;rosidl_typesupport_introspection_cpp
[1.044s] -- Found python_cmake_module: 0.10.0 (/opt/ros/humble/share/python_cmake_module/cmake)
[1.065s] -- Using PYTHON_EXECUTABLE: /usr/bin/python3
[1.065s] -- Using PYTHON_INCLUDE_DIRS: /usr/include/python3.10
[1.066s] -- Using PYTHON_LIBRARIES: /usr/lib/x86_64-linux-gnu/libpython3.10.so
[1.090s] [31mCMake Error at /opt/ros/humble/share/ament_cmake_python/cmake/ament_python_install_package.cmake:66 (message):
[1.090s]   ament_python_install_package() the Python package folder
[1.090s]   '/home/hou/catkin_ws/src/driver_msgs/driver_msgs' doesn't contain an
[1.090s]   '__init__.py' file
[1.090s] Call Stack (most recent call first):
[1.090s]   /opt/ros/humble/share/ament_cmake_python/cmake/ament_python_install_package.cmake:39 (_ament_cmake_python_install_package)
[1.090s]   CMakeLists.txt:20 (ament_python_install_package)
[1.090s] 
[1.090s] [0m
[1.090s] -- Configuring incomplete, errors occurred!
[1.090s] See also "/home/hou/catkin_ws/build/driver_msgs/CMakeFiles/CMakeOutput.log".
[1.095s] gmake: *** [Makefile:541：cmake_check_build_system] 错误 1
[1.097s] Invoked command in '/home/hou/catkin_ws/build/driver_msgs' returned '2': CMAKE_PREFIX_PATH=${CMAKE_PREFIX_PATH}:/home/hou/catkin_ws/install/process:/opt/ros/humble /usr/bin/cmake --build /home/hou/catkin_ws/build/driver_msgs -- -j10 -l10
