[0.011s] Invoking command in '/home/hou/catkin_ws/build/driver_msgs': CMAKE_PREFIX_PATH=/opt/ros/humble /usr/bin/cmake --build /home/hou/catkin_ws/build/driver_msgs -- -j10 -l10
[0.037s] -- Found rosidl_default_generators: 1.2.0 (/opt/ros/humble/share/rosidl_default_generators/cmake)
[0.037s] -- Found ament_cmake_core: 1.3.11 (/opt/ros/humble/share/ament_cmake_core/cmake)
[0.370s] -- Using all available rosidl_typesupport_c: rosidl_typesupport_fastrtps_c;rosidl_typesupport_introspection_c
[0.372s] -- Found rosidl_adapter: 3.1.6 (/opt/ros/humble/share/rosidl_adapter/cmake)
[0.424s] -- Using all available rosidl_typesupport_cpp: rosidl_typesupport_fastrtps_cpp;rosidl_typesupport_introspection_cpp
[0.444s] -- Found geometry_msgs: 4.2.4 (/opt/ros/humble/share/geometry_msgs/cmake)
[0.807s] -- Found ament_cmake_ros: 0.10.0 (/opt/ros/humble/share/ament_cmake_ros/cmake)
[1.219s] -- Using all available rosidl_typesupport_c: rosidl_typesupport_fastrtps_c;rosidl_typesupport_introspection_c
[1.735s] -- Using all available rosidl_typesupport_cpp: rosidl_typesupport_fastrtps_cpp;rosidl_typesupport_introspection_cpp
[1.759s] -- Found python_cmake_module: 0.10.0 (/opt/ros/humble/share/python_cmake_module/cmake)
[1.779s] -- Using PYTHON_EXECUTABLE: /usr/bin/python3
[1.779s] -- Using PYTHON_INCLUDE_DIRS: /usr/include/python3.10
[1.779s] -- Using PYTHON_LIBRARIES: /usr/lib/x86_64-linux-gnu/libpython3.10.so
[1.803s] -- Found ament_lint_auto: 0.12.11 (/opt/ros/humble/share/ament_lint_auto/cmake)
[1.811s] -- Added test 'lint_cmake' to check CMake code style
[1.811s] -- Added test 'xmllint' to check XML markup files
[1.813s] -- Configuring done
[1.924s] -- Generating done
[1.967s] -- Build files have been written to: /home/hou/catkin_ws/build/driver_msgs
[2.041s] [35m[1mConsolidate compiler generated dependencies of target driver_msgs__rosidl_generator_c[0m
[2.101s] [  3%] Built target driver_msgs__cpp
[2.112s] [  3%] Built target ament_cmake_python_copy_driver_msgs
[2.113s] [ 12%] Built target driver_msgs__rosidl_generator_c
[2.184s] [35m[1mConsolidate compiler generated dependencies of target driver_msgs__rosidl_typesupport_introspection_c[0m
[2.184s] [35m[1mConsolidate compiler generated dependencies of target driver_msgs__rosidl_typesupport_fastrtps_c[0m
[2.184s] [35m[1mConsolidate compiler generated dependencies of target driver_msgs__rosidl_typesupport_introspection_cpp[0m
[2.214s] [35m[1mConsolidate compiler generated dependencies of target driver_msgs__rosidl_typesupport_c[0m
[2.220s] [35m[1mConsolidate compiler generated dependencies of target driver_msgs__rosidl_typesupport_fastrtps_cpp[0m
[2.326s] [ 22%] Built target driver_msgs__rosidl_typesupport_fastrtps_c
[2.354s] [ 35%] Built target driver_msgs__rosidl_typesupport_c
[2.370s] [ 45%] Built target driver_msgs__rosidl_typesupport_introspection_cpp
[2.381s] [ 54%] Built target driver_msgs__rosidl_typesupport_fastrtps_cpp
[2.381s] [ 61%] Built target driver_msgs__rosidl_typesupport_introspection_c
[2.395s] [35m[1mConsolidate compiler generated dependencies of target driver_msgs__rosidl_typesupport_cpp[0m
[2.501s] [ 70%] Built target driver_msgs__rosidl_typesupport_cpp
[2.674s] [ 70%] Built target driver_msgs
[2.908s] [ 74%] Built target driver_msgs__py
[3.018s] [35m[1mConsolidate compiler generated dependencies of target driver_msgs__rosidl_generator_py[0m
[3.120s] running egg_info
[3.127s] writing driver_msgs.egg-info/PKG-INFO
[3.127s] writing dependency_links to driver_msgs.egg-info/dependency_links.txt
[3.137s] writing top-level names to driver_msgs.egg-info/top_level.txt
[3.197s] reading manifest file 'driver_msgs.egg-info/SOURCES.txt'
[3.201s] writing manifest file 'driver_msgs.egg-info/SOURCES.txt'
[3.220s] [ 80%] Built target driver_msgs__rosidl_generator_py
[3.340s] [35m[1mConsolidate compiler generated dependencies of target driver_msgs__rosidl_typesupport_introspection_c__pyext[0m
[3.340s] [35m[1mConsolidate compiler generated dependencies of target driver_msgs__rosidl_typesupport_fastrtps_c__pyext[0m
[3.345s] [ 80%] Built target ament_cmake_python_build_driver_msgs_egg
[3.371s] [35m[1mConsolidate compiler generated dependencies of target driver_msgs__rosidl_typesupport_c__pyext[0m
[3.444s] [ 87%] Built target driver_msgs__rosidl_typesupport_fastrtps_c__pyext
[3.457s] [ 93%] Built target driver_msgs__rosidl_typesupport_introspection_c__pyext
[3.509s] [100%] Built target driver_msgs__rosidl_typesupport_c__pyext
[3.623s] Invoked command in '/home/hou/catkin_ws/build/driver_msgs' returned '0': CMAKE_PREFIX_PATH=/opt/ros/humble /usr/bin/cmake --build /home/hou/catkin_ws/build/driver_msgs -- -j10 -l10
[3.721s] Invoking command in '/home/hou/catkin_ws/build/driver_msgs': CMAKE_PREFIX_PATH=/opt/ros/humble /usr/bin/cmake --install /home/hou/catkin_ws/build/driver_msgs
[3.786s] -- Install configuration: ""
[3.787s] -- Up-to-date: /home/hou/catkin_ws/install/driver_msgs/share/ament_index/resource_index/rosidl_interfaces/driver_msgs
[3.787s] -- Up-to-date: /home/hou/catkin_ws/install/driver_msgs/include/driver_msgs/driver_msgs
[3.787s] -- Up-to-date: /home/hou/catkin_ws/install/driver_msgs/include/driver_msgs/driver_msgs/msg
[3.787s] -- Up-to-date: /home/hou/catkin_ws/install/driver_msgs/include/driver_msgs/driver_msgs/msg/rosidl_generator_c__visibility_control.h
[3.787s] -- Up-to-date: /home/hou/catkin_ws/install/driver_msgs/include/driver_msgs/driver_msgs/msg/detail
[3.788s] -- Up-to-date: /home/hou/catkin_ws/install/driver_msgs/include/driver_msgs/driver_msgs/msg/detail/target__struct.h
[3.788s] -- Up-to-date: /home/hou/catkin_ws/install/driver_msgs/include/driver_msgs/driver_msgs/msg/detail/target__type_support.h
[3.788s] -- Up-to-date: /home/hou/catkin_ws/install/driver_msgs/include/driver_msgs/driver_msgs/msg/detail/target__functions.h
[3.788s] -- Up-to-date: /home/hou/catkin_ws/install/driver_msgs/include/driver_msgs/driver_msgs/msg/detail/target__functions.c
[3.789s] -- Up-to-date: /home/hou/catkin_ws/install/driver_msgs/include/driver_msgs/driver_msgs/msg/target.h
[3.789s] -- Up-to-date: /home/hou/catkin_ws/install/driver_msgs/share/driver_msgs/environment/library_path.sh
[3.789s] -- Installing: /home/hou/catkin_ws/install/driver_msgs/share/driver_msgs/environment/library_path.dsv
[3.789s] -- Up-to-date: /home/hou/catkin_ws/install/driver_msgs/lib/libdriver_msgs__rosidl_generator_c.so
[3.789s] -- Up-to-date: /home/hou/catkin_ws/install/driver_msgs/include/driver_msgs/driver_msgs
[3.789s] -- Up-to-date: /home/hou/catkin_ws/install/driver_msgs/include/driver_msgs/driver_msgs/msg
[3.789s] -- Up-to-date: /home/hou/catkin_ws/install/driver_msgs/include/driver_msgs/driver_msgs/msg/detail
[3.789s] -- Up-to-date: /home/hou/catkin_ws/install/driver_msgs/include/driver_msgs/driver_msgs/msg/detail/target__rosidl_typesupport_fastrtps_c.h
[3.789s] -- Up-to-date: /home/hou/catkin_ws/install/driver_msgs/include/driver_msgs/driver_msgs/msg/rosidl_typesupport_fastrtps_c__visibility_control.h
[3.791s] -- Up-to-date: /home/hou/catkin_ws/install/driver_msgs/lib/libdriver_msgs__rosidl_typesupport_fastrtps_c.so
[3.791s] -- Up-to-date: /home/hou/catkin_ws/install/driver_msgs/include/driver_msgs/driver_msgs
[3.791s] -- Up-to-date: /home/hou/catkin_ws/install/driver_msgs/include/driver_msgs/driver_msgs/msg
[3.791s] -- Up-to-date: /home/hou/catkin_ws/install/driver_msgs/include/driver_msgs/driver_msgs/msg/detail
[3.791s] -- Up-to-date: /home/hou/catkin_ws/install/driver_msgs/include/driver_msgs/driver_msgs/msg/detail/target__rosidl_typesupport_introspection_c.h
[3.791s] -- Up-to-date: /home/hou/catkin_ws/install/driver_msgs/include/driver_msgs/driver_msgs/msg/detail/target__type_support.c
[3.791s] -- Up-to-date: /home/hou/catkin_ws/install/driver_msgs/include/driver_msgs/driver_msgs/msg/rosidl_typesupport_introspection_c__visibility_control.h
[3.791s] -- Up-to-date: /home/hou/catkin_ws/install/driver_msgs/lib/libdriver_msgs__rosidl_typesupport_introspection_c.so
[3.791s] -- Up-to-date: /home/hou/catkin_ws/install/driver_msgs/lib/libdriver_msgs__rosidl_typesupport_c.so
[3.791s] -- Up-to-date: /home/hou/catkin_ws/install/driver_msgs/include/driver_msgs/driver_msgs
[3.791s] -- Up-to-date: /home/hou/catkin_ws/install/driver_msgs/include/driver_msgs/driver_msgs/msg
[3.793s] -- Up-to-date: /home/hou/catkin_ws/install/driver_msgs/include/driver_msgs/driver_msgs/msg/detail
[3.793s] -- Up-to-date: /home/hou/catkin_ws/install/driver_msgs/include/driver_msgs/driver_msgs/msg/detail/target__builder.hpp
[3.793s] -- Up-to-date: /home/hou/catkin_ws/install/driver_msgs/include/driver_msgs/driver_msgs/msg/detail/target__type_support.hpp
[3.793s] -- Up-to-date: /home/hou/catkin_ws/install/driver_msgs/include/driver_msgs/driver_msgs/msg/detail/target__traits.hpp
[3.793s] -- Up-to-date: /home/hou/catkin_ws/install/driver_msgs/include/driver_msgs/driver_msgs/msg/detail/target__struct.hpp
[3.793s] -- Up-to-date: /home/hou/catkin_ws/install/driver_msgs/include/driver_msgs/driver_msgs/msg/target.hpp
[3.793s] -- Up-to-date: /home/hou/catkin_ws/install/driver_msgs/include/driver_msgs/driver_msgs/msg/rosidl_generator_cpp__visibility_control.hpp
[3.793s] -- Up-to-date: /home/hou/catkin_ws/install/driver_msgs/include/driver_msgs/driver_msgs
[3.793s] -- Up-to-date: /home/hou/catkin_ws/install/driver_msgs/include/driver_msgs/driver_msgs/msg
[3.793s] -- Up-to-date: /home/hou/catkin_ws/install/driver_msgs/include/driver_msgs/driver_msgs/msg/detail
[3.793s] -- Up-to-date: /home/hou/catkin_ws/install/driver_msgs/include/driver_msgs/driver_msgs/msg/detail/target__rosidl_typesupport_fastrtps_cpp.hpp
[3.793s] -- Up-to-date: /home/hou/catkin_ws/install/driver_msgs/include/driver_msgs/driver_msgs/msg/detail/dds_fastrtps
[3.793s] -- Up-to-date: /home/hou/catkin_ws/install/driver_msgs/include/driver_msgs/driver_msgs/msg/rosidl_typesupport_fastrtps_cpp__visibility_control.h
[3.793s] -- Up-to-date: /home/hou/catkin_ws/install/driver_msgs/lib/libdriver_msgs__rosidl_typesupport_fastrtps_cpp.so
[3.793s] -- Up-to-date: /home/hou/catkin_ws/install/driver_msgs/include/driver_msgs/driver_msgs
[3.793s] -- Up-to-date: /home/hou/catkin_ws/install/driver_msgs/include/driver_msgs/driver_msgs/msg
[3.793s] -- Up-to-date: /home/hou/catkin_ws/install/driver_msgs/include/driver_msgs/driver_msgs/msg/detail
[3.793s] -- Up-to-date: /home/hou/catkin_ws/install/driver_msgs/include/driver_msgs/driver_msgs/msg/detail/target__type_support.cpp
[3.793s] -- Up-to-date: /home/hou/catkin_ws/install/driver_msgs/include/driver_msgs/driver_msgs/msg/detail/target__rosidl_typesupport_introspection_cpp.hpp
[3.795s] -- Up-to-date: /home/hou/catkin_ws/install/driver_msgs/lib/libdriver_msgs__rosidl_typesupport_introspection_cpp.so
[3.795s] -- Up-to-date: /home/hou/catkin_ws/install/driver_msgs/lib/libdriver_msgs__rosidl_typesupport_cpp.so
[3.795s] -- Up-to-date: /home/hou/catkin_ws/install/driver_msgs/share/driver_msgs/environment/pythonpath.sh
[3.795s] -- Installing: /home/hou/catkin_ws/install/driver_msgs/share/driver_msgs/environment/pythonpath.dsv
[3.795s] -- Up-to-date: /home/hou/catkin_ws/install/driver_msgs/local/lib/python3.10/dist-packages/driver_msgs-0.0.0-py3.10.egg-info
[3.797s] -- Installing: /home/hou/catkin_ws/install/driver_msgs/local/lib/python3.10/dist-packages/driver_msgs-0.0.0-py3.10.egg-info/SOURCES.txt
[3.797s] -- Installing: /home/hou/catkin_ws/install/driver_msgs/local/lib/python3.10/dist-packages/driver_msgs-0.0.0-py3.10.egg-info/dependency_links.txt
[3.797s] -- Installing: /home/hou/catkin_ws/install/driver_msgs/local/lib/python3.10/dist-packages/driver_msgs-0.0.0-py3.10.egg-info/PKG-INFO
[3.797s] -- Installing: /home/hou/catkin_ws/install/driver_msgs/local/lib/python3.10/dist-packages/driver_msgs-0.0.0-py3.10.egg-info/top_level.txt
[3.797s] -- Up-to-date: /home/hou/catkin_ws/install/driver_msgs/local/lib/python3.10/dist-packages/driver_msgs
[3.797s] -- Installing: /home/hou/catkin_ws/install/driver_msgs/local/lib/python3.10/dist-packages/driver_msgs/__init__.py
[3.797s] -- Up-to-date: /home/hou/catkin_ws/install/driver_msgs/local/lib/python3.10/dist-packages/driver_msgs/_driver_msgs_s.ep.rosidl_typesupport_fastrtps_c.c
[3.797s] -- Up-to-date: /home/hou/catkin_ws/install/driver_msgs/local/lib/python3.10/dist-packages/driver_msgs/driver_msgs_s__rosidl_typesupport_c.cpython-310-x86_64-linux-gnu.so
[3.797s] -- Up-to-date: /home/hou/catkin_ws/install/driver_msgs/local/lib/python3.10/dist-packages/driver_msgs/driver_msgs_s__rosidl_typesupport_introspection_c.cpython-310-x86_64-linux-gnu.so
[3.797s] -- Up-to-date: /home/hou/catkin_ws/install/driver_msgs/local/lib/python3.10/dist-packages/driver_msgs/driver_msgs_s__rosidl_typesupport_fastrtps_c.cpython-310-x86_64-linux-gnu.so
[3.797s] -- Up-to-date: /home/hou/catkin_ws/install/driver_msgs/local/lib/python3.10/dist-packages/driver_msgs/_driver_msgs_s.ep.rosidl_typesupport_introspection_c.c
[3.797s] -- Up-to-date: /home/hou/catkin_ws/install/driver_msgs/local/lib/python3.10/dist-packages/driver_msgs/msg
[3.797s] -- Up-to-date: /home/hou/catkin_ws/install/driver_msgs/local/lib/python3.10/dist-packages/driver_msgs/msg/__init__.py
[3.797s] -- Up-to-date: /home/hou/catkin_ws/install/driver_msgs/local/lib/python3.10/dist-packages/driver_msgs/msg/_target.py
[3.797s] -- Up-to-date: /home/hou/catkin_ws/install/driver_msgs/local/lib/python3.10/dist-packages/driver_msgs/msg/_target_s.c
[3.797s] -- Up-to-date: /home/hou/catkin_ws/install/driver_msgs/local/lib/python3.10/dist-packages/driver_msgs/_driver_msgs_s.ep.rosidl_typesupport_c.c
[3.797s] -- Up-to-date: /home/hou/catkin_ws/install/driver_msgs/local/lib/python3.10/dist-packages/driver_msgs/libdriver_msgs__rosidl_generator_py.so
[3.895s] Listing '/home/hou/catkin_ws/install/driver_msgs/local/lib/python3.10/dist-packages/driver_msgs'...
[3.895s] Compiling '/home/hou/catkin_ws/install/driver_msgs/local/lib/python3.10/dist-packages/driver_msgs/__init__.py'...
[3.895s] Listing '/home/hou/catkin_ws/install/driver_msgs/local/lib/python3.10/dist-packages/driver_msgs/msg'...
[3.928s] -- Up-to-date: /home/hou/catkin_ws/install/driver_msgs/local/lib/python3.10/dist-packages/driver_msgs/driver_msgs_s__rosidl_typesupport_fastrtps_c.cpython-310-x86_64-linux-gnu.so
[3.929s] -- Up-to-date: /home/hou/catkin_ws/install/driver_msgs/local/lib/python3.10/dist-packages/driver_msgs/driver_msgs_s__rosidl_typesupport_introspection_c.cpython-310-x86_64-linux-gnu.so
[3.930s] -- Up-to-date: /home/hou/catkin_ws/install/driver_msgs/local/lib/python3.10/dist-packages/driver_msgs/driver_msgs_s__rosidl_typesupport_c.cpython-310-x86_64-linux-gnu.so
[3.937s] -- Up-to-date: /home/hou/catkin_ws/install/driver_msgs/lib/libdriver_msgs__rosidl_generator_py.so
[3.937s] -- Up-to-date: /home/hou/catkin_ws/install/driver_msgs/share/driver_msgs/msg/Target.idl
[3.937s] -- Up-to-date: /home/hou/catkin_ws/install/driver_msgs/share/driver_msgs/msg/Target.msg
[3.937s] -- Up-to-date: /home/hou/catkin_ws/install/driver_msgs/share/ament_index/resource_index/package_run_dependencies/driver_msgs
[3.937s] -- Up-to-date: /home/hou/catkin_ws/install/driver_msgs/share/ament_index/resource_index/parent_prefix_path/driver_msgs
[3.937s] -- Up-to-date: /home/hou/catkin_ws/install/driver_msgs/share/driver_msgs/environment/ament_prefix_path.sh
[3.937s] -- Installing: /home/hou/catkin_ws/install/driver_msgs/share/driver_msgs/environment/ament_prefix_path.dsv
[3.937s] -- Up-to-date: /home/hou/catkin_ws/install/driver_msgs/share/driver_msgs/environment/path.sh
[3.937s] -- Installing: /home/hou/catkin_ws/install/driver_msgs/share/driver_msgs/environment/path.dsv
[3.937s] -- Up-to-date: /home/hou/catkin_ws/install/driver_msgs/share/driver_msgs/local_setup.bash
[3.937s] -- Up-to-date: /home/hou/catkin_ws/install/driver_msgs/share/driver_msgs/local_setup.sh
[3.937s] -- Up-to-date: /home/hou/catkin_ws/install/driver_msgs/share/driver_msgs/local_setup.zsh
[3.937s] -- Installing: /home/hou/catkin_ws/install/driver_msgs/share/driver_msgs/local_setup.dsv
[3.944s] -- Installing: /home/hou/catkin_ws/install/driver_msgs/share/driver_msgs/package.dsv
[3.944s] -- Up-to-date: /home/hou/catkin_ws/install/driver_msgs/share/ament_index/resource_index/packages/driver_msgs
[3.944s] -- Up-to-date: /home/hou/catkin_ws/install/driver_msgs/share/driver_msgs/cmake/export_driver_msgs__rosidl_generator_cExport.cmake
[3.944s] -- Up-to-date: /home/hou/catkin_ws/install/driver_msgs/share/driver_msgs/cmake/export_driver_msgs__rosidl_generator_cExport-noconfig.cmake
[3.944s] -- Up-to-date: /home/hou/catkin_ws/install/driver_msgs/share/driver_msgs/cmake/export_driver_msgs__rosidl_typesupport_fastrtps_cExport.cmake
[3.946s] -- Up-to-date: /home/hou/catkin_ws/install/driver_msgs/share/driver_msgs/cmake/export_driver_msgs__rosidl_typesupport_fastrtps_cExport-noconfig.cmake
[3.946s] -- Up-to-date: /home/hou/catkin_ws/install/driver_msgs/share/driver_msgs/cmake/driver_msgs__rosidl_typesupport_introspection_cExport.cmake
[3.946s] -- Up-to-date: /home/hou/catkin_ws/install/driver_msgs/share/driver_msgs/cmake/driver_msgs__rosidl_typesupport_introspection_cExport-noconfig.cmake
[3.946s] -- Up-to-date: /home/hou/catkin_ws/install/driver_msgs/share/driver_msgs/cmake/driver_msgs__rosidl_typesupport_cExport.cmake
[3.946s] -- Up-to-date: /home/hou/catkin_ws/install/driver_msgs/share/driver_msgs/cmake/driver_msgs__rosidl_typesupport_cExport-noconfig.cmake
[3.946s] -- Up-to-date: /home/hou/catkin_ws/install/driver_msgs/share/driver_msgs/cmake/export_driver_msgs__rosidl_generator_cppExport.cmake
[3.946s] -- Up-to-date: /home/hou/catkin_ws/install/driver_msgs/share/driver_msgs/cmake/export_driver_msgs__rosidl_typesupport_fastrtps_cppExport.cmake
[3.948s] -- Up-to-date: /home/hou/catkin_ws/install/driver_msgs/share/driver_msgs/cmake/export_driver_msgs__rosidl_typesupport_fastrtps_cppExport-noconfig.cmake
[3.948s] -- Up-to-date: /home/hou/catkin_ws/install/driver_msgs/share/driver_msgs/cmake/driver_msgs__rosidl_typesupport_introspection_cppExport.cmake
[3.948s] -- Up-to-date: /home/hou/catkin_ws/install/driver_msgs/share/driver_msgs/cmake/driver_msgs__rosidl_typesupport_introspection_cppExport-noconfig.cmake
[3.948s] -- Up-to-date: /home/hou/catkin_ws/install/driver_msgs/share/driver_msgs/cmake/driver_msgs__rosidl_typesupport_cppExport.cmake
[3.948s] -- Up-to-date: /home/hou/catkin_ws/install/driver_msgs/share/driver_msgs/cmake/driver_msgs__rosidl_typesupport_cppExport-noconfig.cmake
[3.948s] -- Up-to-date: /home/hou/catkin_ws/install/driver_msgs/share/driver_msgs/cmake/export_driver_msgs__rosidl_generator_pyExport.cmake
[3.948s] -- Up-to-date: /home/hou/catkin_ws/install/driver_msgs/share/driver_msgs/cmake/export_driver_msgs__rosidl_generator_pyExport-noconfig.cmake
[3.948s] -- Up-to-date: /home/hou/catkin_ws/install/driver_msgs/share/driver_msgs/cmake/rosidl_cmake-extras.cmake
[3.948s] -- Installing: /home/hou/catkin_ws/install/driver_msgs/share/driver_msgs/cmake/ament_cmake_export_dependencies-extras.cmake
[3.948s] -- Installing: /home/hou/catkin_ws/install/driver_msgs/share/driver_msgs/cmake/ament_cmake_export_include_directories-extras.cmake
[3.948s] -- Installing: /home/hou/catkin_ws/install/driver_msgs/share/driver_msgs/cmake/ament_cmake_export_libraries-extras.cmake
[3.948s] -- Up-to-date: /home/hou/catkin_ws/install/driver_msgs/share/driver_msgs/cmake/ament_cmake_export_targets-extras.cmake
[3.948s] -- Up-to-date: /home/hou/catkin_ws/install/driver_msgs/share/driver_msgs/cmake/rosidl_cmake_export_typesupport_targets-extras.cmake
[3.948s] -- Up-to-date: /home/hou/catkin_ws/install/driver_msgs/share/driver_msgs/cmake/rosidl_cmake_export_typesupport_libraries-extras.cmake
[3.948s] -- Up-to-date: /home/hou/catkin_ws/install/driver_msgs/share/driver_msgs/cmake/driver_msgsConfig.cmake
[3.948s] -- Up-to-date: /home/hou/catkin_ws/install/driver_msgs/share/driver_msgs/cmake/driver_msgsConfig-version.cmake
[3.948s] -- Up-to-date: /home/hou/catkin_ws/install/driver_msgs/share/driver_msgs/package.xml
[4.021s] Invoked command in '/home/hou/catkin_ws/build/driver_msgs' returned '0': CMAKE_PREFIX_PATH=/opt/ros/humble /usr/bin/cmake --install /home/hou/catkin_ws/build/driver_msgs
