[0.120s] DEBUG:colcon:Command line arguments: ['/usr/bin/colcon', 'build']
[0.120s] DEBUG:colcon:Parsed command line arguments: Namespace(log_base=None, log_level=None, verb_name='build', build_base='build', install_base='install', merge_install=False, symlink_install=False, test_result_base=None, continue_on_error=False, executor='parallel', parallel_workers=10, event_handlers=None, ignore_user_meta=False, metas=['./colcon.meta'], base_paths=['.'], packages_ignore=None, packages_ignore_regex=None, paths=None, packages_up_to=None, packages_up_to_regex=None, packages_above=None, packages_above_and_dependencies=None, packages_above_depth=None, packages_select_by_dep=None, packages_skip_by_dep=None, packages_skip_up_to=None, packages_select_build_failed=False, packages_skip_build_finished=False, packages_select_test_failures=False, packages_skip_test_passed=False, packages_select=None, packages_skip=None, packages_select_regex=None, packages_skip_regex=None, packages_start=None, packages_end=None, allow_overriding=[], cmake_args=None, cmake_target=None, cmake_target_skip_unavailable=False, cmake_clean_cache=False, cmake_clean_first=False, cmake_force_configure=False, ament_cmake_args=None, catkin_cmake_args=None, catkin_skip_building_tests=False, verb_parser=<colcon_defaults.argument_parser.defaults.DefaultArgumentsDecorator object at 0x796b51de6260>, verb_extension=<colcon_core.verb.build.BuildVerb object at 0x796b51de5d50>, main=<bound method BuildVerb.main of <colcon_core.verb.build.BuildVerb object at 0x796b51de5d50>>)
[0.244s] Level 1:colcon.colcon_core.package_discovery:discover_packages(colcon_meta) check parameters
[0.244s] Level 1:colcon.colcon_core.package_discovery:discover_packages(recursive) check parameters
[0.245s] Level 1:colcon.colcon_core.package_discovery:discover_packages(ignore) check parameters
[0.245s] Level 1:colcon.colcon_core.package_discovery:discover_packages(path) check parameters
[0.245s] Level 1:colcon.colcon_core.package_discovery:discover_packages(colcon_meta) discover
[0.245s] Level 1:colcon.colcon_core.package_discovery:discover_packages(recursive) discover
[0.245s] INFO:colcon.colcon_core.package_discovery:Crawling recursively for packages in '/home/hou/catkin_ws'
[0.245s] Level 1:colcon.colcon_core.package_identification:_identify(.) by extensions ['ignore', 'ignore_ament_install']
[0.245s] Level 1:colcon.colcon_core.package_identification:_identify(.) by extension 'ignore'
[0.245s] Level 1:colcon.colcon_core.package_identification:_identify(.) by extension 'ignore_ament_install'
[0.246s] Level 1:colcon.colcon_core.package_identification:_identify(.) by extensions ['colcon_pkg']
[0.246s] Level 1:colcon.colcon_core.package_identification:_identify(.) by extension 'colcon_pkg'
[0.246s] Level 1:colcon.colcon_core.package_identification:_identify(.) by extensions ['colcon_meta']
[0.246s] Level 1:colcon.colcon_core.package_identification:_identify(.) by extension 'colcon_meta'
[0.246s] Level 1:colcon.colcon_core.package_identification:_identify(.) by extensions ['ros']
[0.246s] Level 1:colcon.colcon_core.package_identification:_identify(.) by extension 'ros'
[0.263s] Level 1:colcon.colcon_core.package_identification:_identify(.) by extensions ['cmake', 'python']
[0.263s] Level 1:colcon.colcon_core.package_identification:_identify(.) by extension 'cmake'
[0.263s] Level 1:colcon.colcon_core.package_identification:_identify(.) by extension 'python'
[0.263s] Level 1:colcon.colcon_core.package_identification:_identify(.) by extensions ['python_setup_py']
[0.263s] Level 1:colcon.colcon_core.package_identification:_identify(.) by extension 'python_setup_py'
[0.263s] Level 1:colcon.colcon_core.package_identification:_identify(build) by extensions ['ignore', 'ignore_ament_install']
[0.263s] Level 1:colcon.colcon_core.package_identification:_identify(build) by extension 'ignore'
[0.263s] Level 1:colcon.colcon_core.package_identification:_identify(build) ignored
[0.263s] Level 1:colcon.colcon_core.package_identification:_identify(install) by extensions ['ignore', 'ignore_ament_install']
[0.263s] Level 1:colcon.colcon_core.package_identification:_identify(install) by extension 'ignore'
[0.263s] Level 1:colcon.colcon_core.package_identification:_identify(install) ignored
[0.263s] Level 1:colcon.colcon_core.package_identification:_identify(log) by extensions ['ignore', 'ignore_ament_install']
[0.263s] Level 1:colcon.colcon_core.package_identification:_identify(log) by extension 'ignore'
[0.263s] Level 1:colcon.colcon_core.package_identification:_identify(log) ignored
[0.263s] Level 1:colcon.colcon_core.package_identification:_identify(src) by extensions ['ignore', 'ignore_ament_install']
[0.263s] Level 1:colcon.colcon_core.package_identification:_identify(src) by extension 'ignore'
[0.264s] Level 1:colcon.colcon_core.package_identification:_identify(src) by extension 'ignore_ament_install'
[0.264s] Level 1:colcon.colcon_core.package_identification:_identify(src) by extensions ['colcon_pkg']
[0.264s] Level 1:colcon.colcon_core.package_identification:_identify(src) by extension 'colcon_pkg'
[0.264s] Level 1:colcon.colcon_core.package_identification:_identify(src) by extensions ['colcon_meta']
[0.264s] Level 1:colcon.colcon_core.package_identification:_identify(src) by extension 'colcon_meta'
[0.264s] Level 1:colcon.colcon_core.package_identification:_identify(src) by extensions ['ros']
[0.264s] Level 1:colcon.colcon_core.package_identification:_identify(src) by extension 'ros'
[0.264s] Level 1:colcon.colcon_core.package_identification:_identify(src) by extensions ['cmake', 'python']
[0.264s] Level 1:colcon.colcon_core.package_identification:_identify(src) by extension 'cmake'
[0.264s] Level 1:colcon.colcon_core.package_identification:_identify(src) by extension 'python'
[0.264s] Level 1:colcon.colcon_core.package_identification:_identify(src) by extensions ['python_setup_py']
[0.264s] Level 1:colcon.colcon_core.package_identification:_identify(src) by extension 'python_setup_py'
[0.264s] Level 1:colcon.colcon_core.package_identification:_identify(src/driver) by extensions ['ignore', 'ignore_ament_install']
[0.264s] Level 1:colcon.colcon_core.package_identification:_identify(src/driver) by extension 'ignore'
[0.264s] Level 1:colcon.colcon_core.package_identification:_identify(src/driver) by extension 'ignore_ament_install'
[0.264s] Level 1:colcon.colcon_core.package_identification:_identify(src/driver) by extensions ['colcon_pkg']
[0.264s] Level 1:colcon.colcon_core.package_identification:_identify(src/driver) by extension 'colcon_pkg'
[0.264s] Level 1:colcon.colcon_core.package_identification:_identify(src/driver) by extensions ['colcon_meta']
[0.264s] Level 1:colcon.colcon_core.package_identification:_identify(src/driver) by extension 'colcon_meta'
[0.264s] Level 1:colcon.colcon_core.package_identification:_identify(src/driver) by extensions ['ros']
[0.264s] Level 1:colcon.colcon_core.package_identification:_identify(src/driver) by extension 'ros'
[0.266s] DEBUG:colcon.colcon_core.package_identification:Package 'src/driver' with type 'ros.ament_cmake' and name 'driver'
[0.267s] Level 1:colcon.colcon_core.package_identification:_identify(src/driver_msgs) by extensions ['ignore', 'ignore_ament_install']
[0.267s] Level 1:colcon.colcon_core.package_identification:_identify(src/driver_msgs) by extension 'ignore'
[0.267s] Level 1:colcon.colcon_core.package_identification:_identify(src/driver_msgs) by extension 'ignore_ament_install'
[0.267s] Level 1:colcon.colcon_core.package_identification:_identify(src/driver_msgs) by extensions ['colcon_pkg']
[0.267s] Level 1:colcon.colcon_core.package_identification:_identify(src/driver_msgs) by extension 'colcon_pkg'
[0.267s] Level 1:colcon.colcon_core.package_identification:_identify(src/driver_msgs) by extensions ['colcon_meta']
[0.267s] Level 1:colcon.colcon_core.package_identification:_identify(src/driver_msgs) by extension 'colcon_meta'
[0.268s] Level 1:colcon.colcon_core.package_identification:_identify(src/driver_msgs) by extensions ['ros']
[0.268s] Level 1:colcon.colcon_core.package_identification:_identify(src/driver_msgs) by extension 'ros'
[0.268s] DEBUG:colcon.colcon_core.package_identification:Package 'src/driver_msgs' with type 'ros.ament_cmake' and name 'driver_msgs'
[0.269s] Level 1:colcon.colcon_core.package_identification:_identify(src/process) by extensions ['ignore', 'ignore_ament_install']
[0.269s] Level 1:colcon.colcon_core.package_identification:_identify(src/process) by extension 'ignore'
[0.269s] Level 1:colcon.colcon_core.package_identification:_identify(src/process) by extension 'ignore_ament_install'
[0.269s] Level 1:colcon.colcon_core.package_identification:_identify(src/process) by extensions ['colcon_pkg']
[0.269s] Level 1:colcon.colcon_core.package_identification:_identify(src/process) by extension 'colcon_pkg'
[0.269s] Level 1:colcon.colcon_core.package_identification:_identify(src/process) by extensions ['colcon_meta']
[0.269s] Level 1:colcon.colcon_core.package_identification:_identify(src/process) by extension 'colcon_meta'
[0.269s] Level 1:colcon.colcon_core.package_identification:_identify(src/process) by extensions ['ros']
[0.269s] Level 1:colcon.colcon_core.package_identification:_identify(src/process) by extension 'ros'
[0.270s] DEBUG:colcon.colcon_core.package_identification:Package 'src/process' with type 'ros.ament_python' and name 'process'
[0.270s] Level 1:colcon.colcon_core.package_discovery:discover_packages(recursive) using defaults
[0.270s] Level 1:colcon.colcon_core.package_discovery:discover_packages(ignore) discover
[0.270s] Level 1:colcon.colcon_core.package_discovery:discover_packages(ignore) using defaults
[0.270s] Level 1:colcon.colcon_core.package_discovery:discover_packages(path) discover
[0.270s] Level 1:colcon.colcon_core.package_discovery:discover_packages(path) using defaults
[0.335s] Level 1:colcon.colcon_core.package_discovery:discover_packages(prefix_path) check parameters
[0.335s] Level 1:colcon.colcon_core.package_discovery:discover_packages(prefix_path) discover
[0.343s] DEBUG:colcon.colcon_installed_package_information.package_discovery:Found 270 installed packages in /opt/ros/humble
[0.356s] Level 1:colcon.colcon_core.package_discovery:discover_packages(prefix_path) using defaults
[0.531s] Level 5:colcon.colcon_core.verb:set package 'driver' build argument 'cmake_args' from command line to 'None'
[0.531s] Level 5:colcon.colcon_core.verb:set package 'driver' build argument 'cmake_target' from command line to 'None'
[0.531s] Level 5:colcon.colcon_core.verb:set package 'driver' build argument 'cmake_target_skip_unavailable' from command line to 'False'
[0.531s] Level 5:colcon.colcon_core.verb:set package 'driver' build argument 'cmake_clean_cache' from command line to 'False'
[0.531s] Level 5:colcon.colcon_core.verb:set package 'driver' build argument 'cmake_clean_first' from command line to 'False'
[0.532s] Level 5:colcon.colcon_core.verb:set package 'driver' build argument 'cmake_force_configure' from command line to 'False'
[0.532s] Level 5:colcon.colcon_core.verb:set package 'driver' build argument 'ament_cmake_args' from command line to 'None'
[0.532s] Level 5:colcon.colcon_core.verb:set package 'driver' build argument 'catkin_cmake_args' from command line to 'None'
[0.532s] Level 5:colcon.colcon_core.verb:set package 'driver' build argument 'catkin_skip_building_tests' from command line to 'False'
[0.532s] DEBUG:colcon.colcon_core.verb:Building package 'driver' with the following arguments: {'ament_cmake_args': None, 'build_base': '/home/hou/catkin_ws/build/driver', 'catkin_cmake_args': None, 'catkin_skip_building_tests': False, 'cmake_args': None, 'cmake_clean_cache': False, 'cmake_clean_first': False, 'cmake_force_configure': False, 'cmake_target': None, 'cmake_target_skip_unavailable': False, 'install_base': '/home/hou/catkin_ws/install/driver', 'merge_install': False, 'path': '/home/hou/catkin_ws/src/driver', 'symlink_install': False, 'test_result_base': None}
[0.532s] Level 5:colcon.colcon_core.verb:set package 'driver_msgs' build argument 'cmake_args' from command line to 'None'
[0.532s] Level 5:colcon.colcon_core.verb:set package 'driver_msgs' build argument 'cmake_target' from command line to 'None'
[0.532s] Level 5:colcon.colcon_core.verb:set package 'driver_msgs' build argument 'cmake_target_skip_unavailable' from command line to 'False'
[0.532s] Level 5:colcon.colcon_core.verb:set package 'driver_msgs' build argument 'cmake_clean_cache' from command line to 'False'
[0.532s] Level 5:colcon.colcon_core.verb:set package 'driver_msgs' build argument 'cmake_clean_first' from command line to 'False'
[0.532s] Level 5:colcon.colcon_core.verb:set package 'driver_msgs' build argument 'cmake_force_configure' from command line to 'False'
[0.532s] Level 5:colcon.colcon_core.verb:set package 'driver_msgs' build argument 'ament_cmake_args' from command line to 'None'
[0.532s] Level 5:colcon.colcon_core.verb:set package 'driver_msgs' build argument 'catkin_cmake_args' from command line to 'None'
[0.532s] Level 5:colcon.colcon_core.verb:set package 'driver_msgs' build argument 'catkin_skip_building_tests' from command line to 'False'
[0.532s] DEBUG:colcon.colcon_core.verb:Building package 'driver_msgs' with the following arguments: {'ament_cmake_args': None, 'build_base': '/home/hou/catkin_ws/build/driver_msgs', 'catkin_cmake_args': None, 'catkin_skip_building_tests': False, 'cmake_args': None, 'cmake_clean_cache': False, 'cmake_clean_first': False, 'cmake_force_configure': False, 'cmake_target': None, 'cmake_target_skip_unavailable': False, 'install_base': '/home/hou/catkin_ws/install/driver_msgs', 'merge_install': False, 'path': '/home/hou/catkin_ws/src/driver_msgs', 'symlink_install': False, 'test_result_base': None}
[0.533s] Level 5:colcon.colcon_core.verb:set package 'process' build argument 'cmake_args' from command line to 'None'
[0.533s] Level 5:colcon.colcon_core.verb:set package 'process' build argument 'cmake_target' from command line to 'None'
[0.533s] Level 5:colcon.colcon_core.verb:set package 'process' build argument 'cmake_target_skip_unavailable' from command line to 'False'
[0.533s] Level 5:colcon.colcon_core.verb:set package 'process' build argument 'cmake_clean_cache' from command line to 'False'
[0.533s] Level 5:colcon.colcon_core.verb:set package 'process' build argument 'cmake_clean_first' from command line to 'False'
[0.533s] Level 5:colcon.colcon_core.verb:set package 'process' build argument 'cmake_force_configure' from command line to 'False'
[0.533s] Level 5:colcon.colcon_core.verb:set package 'process' build argument 'ament_cmake_args' from command line to 'None'
[0.533s] Level 5:colcon.colcon_core.verb:set package 'process' build argument 'catkin_cmake_args' from command line to 'None'
[0.533s] Level 5:colcon.colcon_core.verb:set package 'process' build argument 'catkin_skip_building_tests' from command line to 'False'
[0.533s] DEBUG:colcon.colcon_core.verb:Building package 'process' with the following arguments: {'ament_cmake_args': None, 'build_base': '/home/hou/catkin_ws/build/process', 'catkin_cmake_args': None, 'catkin_skip_building_tests': False, 'cmake_args': None, 'cmake_clean_cache': False, 'cmake_clean_first': False, 'cmake_force_configure': False, 'cmake_target': None, 'cmake_target_skip_unavailable': False, 'install_base': '/home/hou/catkin_ws/install/process', 'merge_install': False, 'path': '/home/hou/catkin_ws/src/process', 'symlink_install': False, 'test_result_base': None}
[0.533s] INFO:colcon.colcon_core.executor:Executing jobs using 'parallel' executor
[0.535s] DEBUG:colcon.colcon_parallel_executor.executor.parallel:run_until_complete
[0.535s] INFO:colcon.colcon_ros.task.ament_cmake.build:Building ROS package in '/home/hou/catkin_ws/src/driver' with build type 'ament_cmake'
[0.535s] INFO:colcon.colcon_cmake.task.cmake.build:Building CMake package in '/home/hou/catkin_ws/src/driver'
[0.543s] INFO:colcon.colcon_core.plugin_system:Skipping extension 'colcon_core.shell.bat': Not used on non-Windows systems
[0.543s] INFO:colcon.colcon_core.shell:Skip shell extension 'powershell' for command environment: Not usable outside of PowerShell
[0.543s] DEBUG:colcon.colcon_core.shell:Skip shell extension 'dsv' for command environment
[0.582s] INFO:colcon.colcon_ros.task.ament_cmake.build:Building ROS package in '/home/hou/catkin_ws/src/driver_msgs' with build type 'ament_cmake'
[0.582s] INFO:colcon.colcon_cmake.task.cmake.build:Building CMake package in '/home/hou/catkin_ws/src/driver_msgs'
[0.582s] INFO:colcon.colcon_core.shell:Skip shell extension 'powershell' for command environment: Not usable outside of PowerShell
[0.582s] DEBUG:colcon.colcon_core.shell:Skip shell extension 'dsv' for command environment
[0.621s] INFO:colcon.colcon_ros.task.ament_python.build:Building ROS package in '/home/hou/catkin_ws/src/process' with build type 'ament_python'
[0.627s] Level 1:colcon.colcon_core.shell:create_environment_hook('process', 'ament_prefix_path')
[0.627s] INFO:colcon.colcon_core.shell:Creating environment hook '/home/hou/catkin_ws/install/process/share/process/hook/ament_prefix_path.ps1'
[0.637s] INFO:colcon.colcon_core.shell:Creating environment descriptor '/home/hou/catkin_ws/install/process/share/process/hook/ament_prefix_path.dsv'
[0.657s] INFO:colcon.colcon_core.shell:Creating environment hook '/home/hou/catkin_ws/install/process/share/process/hook/ament_prefix_path.sh'
[0.669s] INFO:colcon.colcon_core.shell:Skip shell extension 'powershell' for command environment: Not usable outside of PowerShell
[0.669s] DEBUG:colcon.colcon_core.shell:Skip shell extension 'dsv' for command environment
[0.700s] DEBUG:colcon.colcon_core.event_handler.log_command:Invoking command in '/home/hou/catkin_ws/build/driver': CMAKE_PREFIX_PATH=/opt/ros/humble /usr/bin/cmake --build /home/hou/catkin_ws/build/driver -- -j10 -l10
[0.856s] DEBUG:colcon.colcon_core.event_handler.log_command:Invoking command in '/home/hou/catkin_ws/build/driver_msgs': CMAKE_PREFIX_PATH=/opt/ros/humble /usr/bin/cmake --build /home/hou/catkin_ws/build/driver_msgs -- -j10 -l10
[1.932s] INFO:colcon.colcon_core.task.python.build:Building Python package in '/home/hou/catkin_ws/src/process'
[1.941s] INFO:colcon.colcon_core.shell:Skip shell extension 'powershell' for command environment: Not usable outside of PowerShell
[1.941s] DEBUG:colcon.colcon_core.shell:Skip shell extension 'dsv' for command environment
[2.013s] DEBUG:colcon.colcon_core.event_handler.log_command:Invoked command in '/home/hou/catkin_ws/build/driver_msgs' returned '0': CMAKE_PREFIX_PATH=/opt/ros/humble /usr/bin/cmake --build /home/hou/catkin_ws/build/driver_msgs -- -j10 -l10
[2.071s] DEBUG:colcon.colcon_core.event_handler.log_command:Invoking command in '/home/hou/catkin_ws/build/driver_msgs': CMAKE_PREFIX_PATH=/opt/ros/humble /usr/bin/cmake --install /home/hou/catkin_ws/build/driver_msgs
[2.211s] Level 1:colcon.colcon_core.environment:create_environment_scripts_only(driver_msgs)
[2.266s] Level 1:colcon.colcon_core.environment:checking '/home/hou/catkin_ws/install/driver_msgs' for CMake module files
[2.309s] Level 1:colcon.colcon_core.environment:checking '/home/hou/catkin_ws/install/driver_msgs' for CMake config files
[2.330s] Level 1:colcon.colcon_core.shell:create_environment_hook('driver_msgs', 'cmake_prefix_path')
[2.330s] INFO:colcon.colcon_core.shell:Creating environment hook '/home/hou/catkin_ws/install/driver_msgs/share/driver_msgs/hook/cmake_prefix_path.ps1'
[2.401s] DEBUG:colcon.colcon_core.event_handler.log_command:Invoked command in '/home/hou/catkin_ws/build/driver_msgs' returned '0': CMAKE_PREFIX_PATH=/opt/ros/humble /usr/bin/cmake --install /home/hou/catkin_ws/build/driver_msgs
[2.403s] INFO:colcon.colcon_core.shell:Creating environment descriptor '/home/hou/catkin_ws/install/driver_msgs/share/driver_msgs/hook/cmake_prefix_path.dsv'
[2.415s] INFO:colcon.colcon_core.shell:Creating environment hook '/home/hou/catkin_ws/install/driver_msgs/share/driver_msgs/hook/cmake_prefix_path.sh'
[2.426s] Level 1:colcon.colcon_core.environment:checking '/home/hou/catkin_ws/install/driver_msgs/lib'
[2.426s] Level 1:colcon.colcon_core.shell:create_environment_hook('driver_msgs', 'ld_library_path_lib')
[2.426s] INFO:colcon.colcon_core.shell:Creating environment hook '/home/hou/catkin_ws/install/driver_msgs/share/driver_msgs/hook/ld_library_path_lib.ps1'
[2.429s] INFO:colcon.colcon_core.shell:Creating environment descriptor '/home/hou/catkin_ws/install/driver_msgs/share/driver_msgs/hook/ld_library_path_lib.dsv'
[2.439s] INFO:colcon.colcon_core.shell:Creating environment hook '/home/hou/catkin_ws/install/driver_msgs/share/driver_msgs/hook/ld_library_path_lib.sh'
[2.449s] Level 1:colcon.colcon_core.environment:checking '/home/hou/catkin_ws/install/driver_msgs/bin'
[2.449s] Level 1:colcon.colcon_core.environment:checking '/home/hou/catkin_ws/install/driver_msgs/lib/pkgconfig/driver_msgs.pc'
[2.453s] Level 1:colcon.colcon_core.environment:checking '/home/hou/catkin_ws/install/driver_msgs/lib/python3.10/site-packages'
[2.480s] Level 1:colcon.colcon_core.environment:checking '/home/hou/catkin_ws/install/driver_msgs/bin'
[2.480s] INFO:colcon.colcon_core.shell:Creating package script '/home/hou/catkin_ws/install/driver_msgs/share/driver_msgs/package.ps1'
[2.492s] INFO:colcon.colcon_core.shell:Creating package descriptor '/home/hou/catkin_ws/install/driver_msgs/share/driver_msgs/package.dsv'
[2.496s] INFO:colcon.colcon_core.shell:Creating package script '/home/hou/catkin_ws/install/driver_msgs/share/driver_msgs/package.sh'
[2.509s] INFO:colcon.colcon_core.shell:Creating package script '/home/hou/catkin_ws/install/driver_msgs/share/driver_msgs/package.bash'
[2.531s] INFO:colcon.colcon_core.shell:Creating package script '/home/hou/catkin_ws/install/driver_msgs/share/driver_msgs/package.zsh'
[2.538s] Level 1:colcon.colcon_core.environment:create_file_with_runtime_dependencies(/home/hou/catkin_ws/install/driver_msgs/share/colcon-core/packages/driver_msgs)
[2.555s] Level 1:colcon.colcon_core.environment:create_environment_scripts_only(driver_msgs)
[2.561s] Level 1:colcon.colcon_core.environment:checking '/home/hou/catkin_ws/install/driver_msgs' for CMake module files
[2.566s] Level 1:colcon.colcon_core.environment:checking '/home/hou/catkin_ws/install/driver_msgs' for CMake config files
[2.566s] Level 1:colcon.colcon_core.shell:create_environment_hook('driver_msgs', 'cmake_prefix_path')
[2.566s] INFO:colcon.colcon_core.shell:Creating environment hook '/home/hou/catkin_ws/install/driver_msgs/share/driver_msgs/hook/cmake_prefix_path.ps1'
[2.570s] INFO:colcon.colcon_core.shell:Creating environment descriptor '/home/hou/catkin_ws/install/driver_msgs/share/driver_msgs/hook/cmake_prefix_path.dsv'
[2.574s] INFO:colcon.colcon_core.shell:Creating environment hook '/home/hou/catkin_ws/install/driver_msgs/share/driver_msgs/hook/cmake_prefix_path.sh'
[2.584s] Level 1:colcon.colcon_core.environment:checking '/home/hou/catkin_ws/install/driver_msgs/lib'
[2.584s] Level 1:colcon.colcon_core.shell:create_environment_hook('driver_msgs', 'ld_library_path_lib')
[2.584s] INFO:colcon.colcon_core.shell:Creating environment hook '/home/hou/catkin_ws/install/driver_msgs/share/driver_msgs/hook/ld_library_path_lib.ps1'
[2.598s] INFO:colcon.colcon_core.shell:Creating environment descriptor '/home/hou/catkin_ws/install/driver_msgs/share/driver_msgs/hook/ld_library_path_lib.dsv'
[2.614s] INFO:colcon.colcon_core.shell:Creating environment hook '/home/hou/catkin_ws/install/driver_msgs/share/driver_msgs/hook/ld_library_path_lib.sh'
[2.616s] Level 1:colcon.colcon_core.environment:checking '/home/hou/catkin_ws/install/driver_msgs/bin'
[2.616s] Level 1:colcon.colcon_core.environment:checking '/home/hou/catkin_ws/install/driver_msgs/lib/pkgconfig/driver_msgs.pc'
[2.618s] Level 1:colcon.colcon_core.environment:checking '/home/hou/catkin_ws/install/driver_msgs/lib/python3.10/site-packages'
[2.618s] Level 1:colcon.colcon_core.environment:checking '/home/hou/catkin_ws/install/driver_msgs/bin'
[2.618s] INFO:colcon.colcon_core.shell:Creating package script '/home/hou/catkin_ws/install/driver_msgs/share/driver_msgs/package.ps1'
[2.628s] INFO:colcon.colcon_core.shell:Creating package descriptor '/home/hou/catkin_ws/install/driver_msgs/share/driver_msgs/package.dsv'
[2.634s] INFO:colcon.colcon_core.shell:Creating package script '/home/hou/catkin_ws/install/driver_msgs/share/driver_msgs/package.sh'
[2.641s] INFO:colcon.colcon_core.shell:Creating package script '/home/hou/catkin_ws/install/driver_msgs/share/driver_msgs/package.bash'
[2.643s] INFO:colcon.colcon_core.shell:Creating package script '/home/hou/catkin_ws/install/driver_msgs/share/driver_msgs/package.zsh'
[2.652s] Level 1:colcon.colcon_core.environment:create_file_with_runtime_dependencies(/home/hou/catkin_ws/install/driver_msgs/share/colcon-core/packages/driver_msgs)
[2.674s] Level 1:colcon.colcon_core.environment:create_environment_scripts_only(driver)
[2.678s] Level 1:colcon.colcon_core.environment:checking '/home/hou/catkin_ws/install/driver' for CMake module files
[2.693s] Level 1:colcon.colcon_core.environment:checking '/home/hou/catkin_ws/install/driver' for CMake config files
[2.694s] Level 1:colcon.colcon_core.environment:checking '/home/hou/catkin_ws/install/driver/bin'
[2.695s] Level 1:colcon.colcon_core.environment:checking '/home/hou/catkin_ws/install/driver/lib/pkgconfig/driver.pc'
[2.695s] Level 1:colcon.colcon_core.environment:checking '/home/hou/catkin_ws/install/driver/lib/python3.10/site-packages'
[2.695s] Level 1:colcon.colcon_core.environment:checking '/home/hou/catkin_ws/install/driver/bin'
[2.695s] INFO:colcon.colcon_core.shell:Creating package script '/home/hou/catkin_ws/install/driver/share/driver/package.ps1'
[2.703s] DEBUG:colcon.colcon_core.event_handler.log_command:Invoked command in '/home/hou/catkin_ws/build/driver' returned '2': CMAKE_PREFIX_PATH=/opt/ros/humble /usr/bin/cmake --build /home/hou/catkin_ws/build/driver -- -j10 -l10
[2.708s] INFO:colcon.colcon_core.shell:Creating package descriptor '/home/hou/catkin_ws/install/driver/share/driver/package.dsv'
[2.715s] INFO:colcon.colcon_core.shell:Creating package script '/home/hou/catkin_ws/install/driver/share/driver/package.sh'
[2.724s] INFO:colcon.colcon_core.shell:Creating package script '/home/hou/catkin_ws/install/driver/share/driver/package.bash'
[2.728s] INFO:colcon.colcon_core.shell:Creating package script '/home/hou/catkin_ws/install/driver/share/driver/package.zsh'
[2.738s] Level 1:colcon.colcon_core.environment:create_file_with_runtime_dependencies(/home/hou/catkin_ws/install/driver/share/colcon-core/packages/driver)
[3.199s] DEBUG:colcon.colcon_parallel_executor.executor.parallel:closing loop
[3.207s] DEBUG:colcon.colcon_parallel_executor.executor.parallel:loop closed
[3.207s] DEBUG:colcon.colcon_parallel_executor.executor.parallel:run_until_complete finished with '2'
[3.212s] DEBUG:colcon.colcon_core.event_reactor:joining thread
[3.264s] INFO:colcon.colcon_core.plugin_system:Skipping extension 'colcon_notification.desktop_notification.terminal_notifier': Not used on non-Darwin systems
[3.266s] INFO:colcon.colcon_core.plugin_system:Skipping extension 'colcon_notification.desktop_notification.win32': Not used on non-Windows systems
[3.266s] INFO:colcon.colcon_notification.desktop_notification:Sending desktop notification using 'notify2'
[3.415s] DEBUG:colcon.colcon_core.event_reactor:joined thread
[3.421s] INFO:colcon.colcon_core.shell:Creating prefix script '/home/hou/catkin_ws/install/local_setup.ps1'
[3.437s] INFO:colcon.colcon_core.shell:Creating prefix util module '/home/hou/catkin_ws/install/_local_setup_util_ps1.py'
[3.451s] INFO:colcon.colcon_core.shell:Creating prefix chain script '/home/hou/catkin_ws/install/setup.ps1'
[3.461s] INFO:colcon.colcon_core.shell:Creating prefix script '/home/hou/catkin_ws/install/local_setup.sh'
[3.467s] INFO:colcon.colcon_core.shell:Creating prefix util module '/home/hou/catkin_ws/install/_local_setup_util_sh.py'
[3.481s] INFO:colcon.colcon_core.shell:Creating prefix chain script '/home/hou/catkin_ws/install/setup.sh'
[3.502s] INFO:colcon.colcon_core.shell:Creating prefix script '/home/hou/catkin_ws/install/local_setup.bash'
[3.509s] INFO:colcon.colcon_core.shell:Creating prefix chain script '/home/hou/catkin_ws/install/setup.bash'
[3.518s] INFO:colcon.colcon_core.shell:Creating prefix script '/home/hou/catkin_ws/install/local_setup.zsh'
[3.522s] INFO:colcon.colcon_core.shell:Creating prefix chain script '/home/hou/catkin_ws/install/setup.zsh'
