[0.402s] Invoking command in '/home/hou/catkin_ws/src/process': CMAKE_PREFIX_PATH=/home/hou/catkin_ws/install/driver_msgs:/home/hou/catkin_ws/install/driver PYTHONPATH=/home/hou/catkin_ws/build/process/prefix_override:/usr/lib/python3/dist-packages/colcon_core/task/python/colcon_distutils_commands:/home/hou/catkin_ws/install/process/lib/python3.10/site-packages:${PYTHONPATH} /usr/bin/python3 -W ignore:setup.py install is deprecated -W ignore:easy_install command is deprecated setup.py egg_info --egg-base ../../build/process build --build-base /home/hou/catkin_ws/build/process/build install --record /home/hou/catkin_ws/build/process/install.log --single-version-externally-managed install_data
[0.543s] running egg_info
[0.543s] creating ../../build/process/process.egg-info
[0.543s] writing ../../build/process/process.egg-info/PKG-INFO
[0.543s] writing dependency_links to ../../build/process/process.egg-info/dependency_links.txt
[0.543s] writing entry points to ../../build/process/process.egg-info/entry_points.txt
[0.543s] writing requirements to ../../build/process/process.egg-info/requires.txt
[0.544s] writing top-level names to ../../build/process/process.egg-info/top_level.txt
[0.544s] writing manifest file '../../build/process/process.egg-info/SOURCES.txt'
[0.545s] reading manifest file '../../build/process/process.egg-info/SOURCES.txt'
[0.545s] writing manifest file '../../build/process/process.egg-info/SOURCES.txt'
[0.545s] running build
[0.545s] running build_py
[0.546s] creating /home/hou/catkin_ws/build/process/build
[0.546s] creating /home/hou/catkin_ws/build/process/build/lib
[0.546s] creating /home/hou/catkin_ws/build/process/build/lib/process
[0.546s] copying process/__init__.py -> /home/hou/catkin_ws/build/process/build/lib/process
[0.546s] copying process/process_node.py -> /home/hou/catkin_ws/build/process/build/lib/process
[0.546s] running install
[0.546s] running install_lib
[0.547s] running install_data
[0.547s] running install_egg_info
[0.549s] removing '/home/hou/catkin_ws/install/process/lib/python3.10/site-packages/process-0.0.0-py3.10.egg-info' (and everything under it)
[0.549s] Copying ../../build/process/process.egg-info to /home/hou/catkin_ws/install/process/lib/python3.10/site-packages/process-0.0.0-py3.10.egg-info
[0.549s] running install_scripts
[0.563s] Installing process_node script to /home/hou/catkin_ws/install/process/lib/process
[0.563s] writing list of installed files to '/home/hou/catkin_ws/build/process/install.log'
[0.581s] Invoked command in '/home/hou/catkin_ws/src/process' returned '0': CMAKE_PREFIX_PATH=/home/hou/catkin_ws/install/driver_msgs:/home/hou/catkin_ws/install/driver PYTHONPATH=/home/hou/catkin_ws/build/process/prefix_override:/usr/lib/python3/dist-packages/colcon_core/task/python/colcon_distutils_commands:/home/hou/catkin_ws/install/process/lib/python3.10/site-packages:${PYTHONPATH} /usr/bin/python3 -W ignore:setup.py install is deprecated -W ignore:easy_install command is deprecated setup.py egg_info --egg-base ../../build/process build --build-base /home/hou/catkin_ws/build/process/build install --record /home/hou/catkin_ws/build/process/install.log --single-version-externally-managed install_data
