[0.249s] Invoking command in '/home/hou/catkin_ws/build/driver': CMAKE_PREFIX_PATH=/opt/ros/humble /usr/bin/cmake --build /home/hou/catkin_ws/build/driver -- -j10 -l10
[2.093s] -- Found ament_cmake: 1.3.11 (/opt/ros/humble/share/ament_cmake/cmake)
[4.414s] -- Found rclcpp: 16.0.11 (/opt/ros/humble/share/rclcpp/cmake)
[5.325s] -- Found rosidl_generator_c: 3.1.6 (/opt/ros/humble/share/rosidl_generator_c/cmake)
[5.399s] -- Found rosidl_adapter: 3.1.6 (/opt/ros/humble/share/rosidl_adapter/cmake)
[5.555s] -- Found rosidl_generator_cpp: 3.1.6 (/opt/ros/humble/share/rosidl_generator_cpp/cmake)
[5.828s] -- Using all available rosidl_typesupport_c: rosidl_typesupport_fastrtps_c;rosidl_typesupport_introspection_c
[6.036s] -- Using all available rosidl_typesupport_cpp: rosidl_typesupport_fastrtps_cpp;rosidl_typesupport_introspection_cpp
[6.410s] -- Found rmw_implementation_cmake: 6.1.2 (/opt/ros/humble/share/rmw_implementation_cmake/cmake)
[6.431s] -- Found rmw_fastrtps_cpp: 6.2.7 (/opt/ros/humble/share/rmw_fastrtps_cpp/cmake)
[6.672s] -- Using RMW implementation 'rmw_fastrtps_cpp' as default
[6.801s] [31mCMake Error at CMakeLists.txt:15 (find_package):
[6.801s]   By not providing "Finddriver_msgs.cmake" in CMAKE_MODULE_PATH this project
[6.801s]   has asked CMake to find a package configuration file provided by
[6.801s]   "driver_msgs", but CMake did not find one.
[6.801s] 
[6.802s]   Could not find a package configuration file provided by "driver_msgs" with
[6.802s]   any of the following names:
[6.802s] 
[6.802s]     driver_msgsConfig.cmake
[6.802s]     driver_msgs-config.cmake
[6.802s] 
[6.802s]   Add the installation prefix of "driver_msgs" to CMAKE_PREFIX_PATH or set
[6.802s]   "driver_msgs_DIR" to a directory containing one of the above files.  If
[6.802s]   "driver_msgs" provides a separate development package or SDK, be sure it
[6.802s]   has been installed.
[6.802s] 
[6.802s] [0m
[6.802s] -- Configuring incomplete, errors occurred!
[6.802s] See also "/home/hou/catkin_ws/build/driver/CMakeFiles/CMakeOutput.log".
[6.808s] gmake: *** [Makefile:267：cmake_check_build_system] 错误 1
[6.811s] Invoked command in '/home/hou/catkin_ws/build/driver' returned '2': CMAKE_PREFIX_PATH=/opt/ros/humble /usr/bin/cmake --build /home/hou/catkin_ws/build/driver -- -j10 -l10
