[0.156s] Invoking command in '/home/hou/catkin_ws/build/driver_msgs': CMAKE_PREFIX_PATH=/opt/ros/humble /usr/bin/cmake --build /home/hou/catkin_ws/build/driver_msgs -- -j10 -l10
[0.508s] [  4%] Built target driver_msgs__cpp
[0.512s] [ 18%] Built target driver_msgs__rosidl_generator_c
[0.856s] [ 31%] Built target driver_msgs__rosidl_typesupport_introspection_c
[0.856s] [ 45%] Built target driver_msgs__rosidl_typesupport_fastrtps_cpp
[0.871s] [ 59%] Built target driver_msgs__rosidl_typesupport_cpp
[0.915s] [ 72%] Built target driver_msgs__rosidl_typesupport_fastrtps_c
[0.941s] [ 86%] Built target driver_msgs__rosidl_typesupport_introspection_cpp
[0.955s] [100%] Built target driver_msgs__rosidl_typesupport_c
[1.180s] [100%] Built target driver_msgs
[1.326s] Invoked command in '/home/hou/catkin_ws/build/driver_msgs' returned '0': CMAKE_PREFIX_PATH=/opt/ros/humble /usr/bin/cmake --build /home/hou/catkin_ws/build/driver_msgs -- -j10 -l10
[1.424s] Invoking command in '/home/hou/catkin_ws/build/driver_msgs': CMAKE_PREFIX_PATH=/opt/ros/humble /usr/bin/cmake --install /home/hou/catkin_ws/build/driver_msgs
[1.475s] -- Install configuration: ""
[1.479s] -- Up-to-date: /home/hou/catkin_ws/install/driver_msgs/share/ament_index/resource_index/rosidl_interfaces/driver_msgs
[1.505s] -- Up-to-date: /home/hou/catkin_ws/install/driver_msgs/include/driver_msgs/driver_msgs
[1.508s] -- Up-to-date: /home/hou/catkin_ws/install/driver_msgs/include/driver_msgs/driver_msgs/msg
[1.508s] -- Up-to-date: /home/hou/catkin_ws/install/driver_msgs/include/driver_msgs/driver_msgs/msg/rosidl_generator_c__visibility_control.h
[1.508s] -- Up-to-date: /home/hou/catkin_ws/install/driver_msgs/include/driver_msgs/driver_msgs/msg/detail
[1.508s] -- Up-to-date: /home/hou/catkin_ws/install/driver_msgs/include/driver_msgs/driver_msgs/msg/detail/target__struct.h
[1.508s] -- Up-to-date: /home/hou/catkin_ws/install/driver_msgs/include/driver_msgs/driver_msgs/msg/detail/target__type_support.h
[1.508s] -- Up-to-date: /home/hou/catkin_ws/install/driver_msgs/include/driver_msgs/driver_msgs/msg/detail/target__functions.h
[1.509s] -- Up-to-date: /home/hou/catkin_ws/install/driver_msgs/include/driver_msgs/driver_msgs/msg/detail/target__functions.c
[1.509s] -- Up-to-date: /home/hou/catkin_ws/install/driver_msgs/include/driver_msgs/driver_msgs/msg/target.h
[1.509s] -- Up-to-date: /home/hou/catkin_ws/install/driver_msgs/share/driver_msgs/environment/library_path.sh
[1.514s] -- Up-to-date: /home/hou/catkin_ws/install/driver_msgs/share/driver_msgs/environment/library_path.dsv
[1.519s] -- Up-to-date: /home/hou/catkin_ws/install/driver_msgs/lib/libdriver_msgs__rosidl_generator_c.so
[1.519s] -- Up-to-date: /home/hou/catkin_ws/install/driver_msgs/include/driver_msgs/driver_msgs
[1.519s] -- Up-to-date: /home/hou/catkin_ws/install/driver_msgs/include/driver_msgs/driver_msgs/msg
[1.519s] -- Up-to-date: /home/hou/catkin_ws/install/driver_msgs/include/driver_msgs/driver_msgs/msg/detail
[1.519s] -- Up-to-date: /home/hou/catkin_ws/install/driver_msgs/include/driver_msgs/driver_msgs/msg/detail/target__rosidl_typesupport_fastrtps_c.h
[1.519s] -- Up-to-date: /home/hou/catkin_ws/install/driver_msgs/include/driver_msgs/driver_msgs/msg/rosidl_typesupport_fastrtps_c__visibility_control.h
[1.519s] -- Up-to-date: /home/hou/catkin_ws/install/driver_msgs/lib/libdriver_msgs__rosidl_typesupport_fastrtps_c.so
[1.519s] -- Up-to-date: /home/hou/catkin_ws/install/driver_msgs/include/driver_msgs/driver_msgs
[1.519s] -- Up-to-date: /home/hou/catkin_ws/install/driver_msgs/include/driver_msgs/driver_msgs/msg
[1.519s] -- Up-to-date: /home/hou/catkin_ws/install/driver_msgs/include/driver_msgs/driver_msgs/msg/detail
[1.519s] -- Up-to-date: /home/hou/catkin_ws/install/driver_msgs/include/driver_msgs/driver_msgs/msg/detail/target__builder.hpp
[1.519s] -- Up-to-date: /home/hou/catkin_ws/install/driver_msgs/include/driver_msgs/driver_msgs/msg/detail/target__type_support.hpp
[1.519s] -- Up-to-date: /home/hou/catkin_ws/install/driver_msgs/include/driver_msgs/driver_msgs/msg/detail/target__traits.hpp
[1.519s] -- Up-to-date: /home/hou/catkin_ws/install/driver_msgs/include/driver_msgs/driver_msgs/msg/detail/target__struct.hpp
[1.546s] -- Up-to-date: /home/hou/catkin_ws/install/driver_msgs/include/driver_msgs/driver_msgs/msg/target.hpp
[1.563s] -- Up-to-date: /home/hou/catkin_ws/install/driver_msgs/include/driver_msgs/driver_msgs/msg/rosidl_generator_cpp__visibility_control.hpp
[1.563s] -- Up-to-date: /home/hou/catkin_ws/install/driver_msgs/include/driver_msgs/driver_msgs
[1.563s] -- Up-to-date: /home/hou/catkin_ws/install/driver_msgs/include/driver_msgs/driver_msgs/msg
[1.563s] -- Up-to-date: /home/hou/catkin_ws/install/driver_msgs/include/driver_msgs/driver_msgs/msg/detail
[1.563s] -- Up-to-date: /home/hou/catkin_ws/install/driver_msgs/include/driver_msgs/driver_msgs/msg/detail/target__rosidl_typesupport_fastrtps_cpp.hpp
[1.563s] -- Up-to-date: /home/hou/catkin_ws/install/driver_msgs/include/driver_msgs/driver_msgs/msg/detail/dds_fastrtps
[1.563s] -- Up-to-date: /home/hou/catkin_ws/install/driver_msgs/include/driver_msgs/driver_msgs/msg/rosidl_typesupport_fastrtps_cpp__visibility_control.h
[1.563s] -- Up-to-date: /home/hou/catkin_ws/install/driver_msgs/lib/libdriver_msgs__rosidl_typesupport_fastrtps_cpp.so
[1.564s] -- Up-to-date: /home/hou/catkin_ws/install/driver_msgs/include/driver_msgs/driver_msgs
[1.565s] -- Up-to-date: /home/hou/catkin_ws/install/driver_msgs/include/driver_msgs/driver_msgs/msg
[1.571s] -- Up-to-date: /home/hou/catkin_ws/install/driver_msgs/include/driver_msgs/driver_msgs/msg/detail
[1.571s] -- Up-to-date: /home/hou/catkin_ws/install/driver_msgs/include/driver_msgs/driver_msgs/msg/detail/target__rosidl_typesupport_introspection_c.h
[1.571s] -- Up-to-date: /home/hou/catkin_ws/install/driver_msgs/include/driver_msgs/driver_msgs/msg/detail/target__type_support.c
[1.571s] -- Up-to-date: /home/hou/catkin_ws/install/driver_msgs/include/driver_msgs/driver_msgs/msg/rosidl_typesupport_introspection_c__visibility_control.h
[1.571s] -- Up-to-date: /home/hou/catkin_ws/install/driver_msgs/lib/libdriver_msgs__rosidl_typesupport_introspection_c.so
[1.571s] -- Up-to-date: /home/hou/catkin_ws/install/driver_msgs/lib/libdriver_msgs__rosidl_typesupport_c.so
[1.571s] -- Up-to-date: /home/hou/catkin_ws/install/driver_msgs/include/driver_msgs/driver_msgs
[1.573s] -- Up-to-date: /home/hou/catkin_ws/install/driver_msgs/include/driver_msgs/driver_msgs/msg
[1.573s] -- Up-to-date: /home/hou/catkin_ws/install/driver_msgs/include/driver_msgs/driver_msgs/msg/detail
[1.573s] -- Up-to-date: /home/hou/catkin_ws/install/driver_msgs/include/driver_msgs/driver_msgs/msg/detail/target__type_support.cpp
[1.573s] -- Up-to-date: /home/hou/catkin_ws/install/driver_msgs/include/driver_msgs/driver_msgs/msg/detail/target__rosidl_typesupport_introspection_cpp.hpp
[1.573s] -- Up-to-date: /home/hou/catkin_ws/install/driver_msgs/lib/libdriver_msgs__rosidl_typesupport_introspection_cpp.so
[1.573s] -- Up-to-date: /home/hou/catkin_ws/install/driver_msgs/lib/libdriver_msgs__rosidl_typesupport_cpp.so
[1.573s] -- Up-to-date: /home/hou/catkin_ws/install/driver_msgs/share/driver_msgs/msg/Target.idl
[1.573s] -- Up-to-date: /home/hou/catkin_ws/install/driver_msgs/share/driver_msgs/msg/Target.msg
[1.573s] -- Up-to-date: /home/hou/catkin_ws/install/driver_msgs/share/ament_index/resource_index/package_run_dependencies/driver_msgs
[1.573s] -- Up-to-date: /home/hou/catkin_ws/install/driver_msgs/share/ament_index/resource_index/parent_prefix_path/driver_msgs
[1.573s] -- Up-to-date: /home/hou/catkin_ws/install/driver_msgs/share/driver_msgs/environment/ament_prefix_path.sh
[1.573s] -- Up-to-date: /home/hou/catkin_ws/install/driver_msgs/share/driver_msgs/environment/ament_prefix_path.dsv
[1.573s] -- Up-to-date: /home/hou/catkin_ws/install/driver_msgs/share/driver_msgs/environment/path.sh
[1.573s] -- Up-to-date: /home/hou/catkin_ws/install/driver_msgs/share/driver_msgs/environment/path.dsv
[1.573s] -- Up-to-date: /home/hou/catkin_ws/install/driver_msgs/share/driver_msgs/local_setup.bash
[1.573s] -- Up-to-date: /home/hou/catkin_ws/install/driver_msgs/share/driver_msgs/local_setup.sh
[1.573s] -- Up-to-date: /home/hou/catkin_ws/install/driver_msgs/share/driver_msgs/local_setup.zsh
[1.573s] -- Up-to-date: /home/hou/catkin_ws/install/driver_msgs/share/driver_msgs/local_setup.dsv
[1.573s] -- Up-to-date: /home/hou/catkin_ws/install/driver_msgs/share/driver_msgs/package.dsv
[1.573s] -- Up-to-date: /home/hou/catkin_ws/install/driver_msgs/share/ament_index/resource_index/packages/driver_msgs
[1.573s] -- Up-to-date: /home/hou/catkin_ws/install/driver_msgs/share/driver_msgs/cmake/export_driver_msgs__rosidl_generator_cExport.cmake
[1.573s] -- Up-to-date: /home/hou/catkin_ws/install/driver_msgs/share/driver_msgs/cmake/export_driver_msgs__rosidl_generator_cExport-noconfig.cmake
[1.573s] -- Up-to-date: /home/hou/catkin_ws/install/driver_msgs/share/driver_msgs/cmake/export_driver_msgs__rosidl_typesupport_fastrtps_cExport.cmake
[1.578s] -- Up-to-date: /home/hou/catkin_ws/install/driver_msgs/share/driver_msgs/cmake/export_driver_msgs__rosidl_typesupport_fastrtps_cExport-noconfig.cmake
[1.578s] -- Up-to-date: /home/hou/catkin_ws/install/driver_msgs/share/driver_msgs/cmake/export_driver_msgs__rosidl_generator_cppExport.cmake
[1.579s] -- Up-to-date: /home/hou/catkin_ws/install/driver_msgs/share/driver_msgs/cmake/export_driver_msgs__rosidl_typesupport_fastrtps_cppExport.cmake
[1.579s] -- Up-to-date: /home/hou/catkin_ws/install/driver_msgs/share/driver_msgs/cmake/export_driver_msgs__rosidl_typesupport_fastrtps_cppExport-noconfig.cmake
[1.579s] -- Up-to-date: /home/hou/catkin_ws/install/driver_msgs/share/driver_msgs/cmake/driver_msgs__rosidl_typesupport_introspection_cExport.cmake
[1.579s] -- Up-to-date: /home/hou/catkin_ws/install/driver_msgs/share/driver_msgs/cmake/driver_msgs__rosidl_typesupport_introspection_cExport-noconfig.cmake
[1.579s] -- Up-to-date: /home/hou/catkin_ws/install/driver_msgs/share/driver_msgs/cmake/driver_msgs__rosidl_typesupport_cExport.cmake
[1.579s] -- Up-to-date: /home/hou/catkin_ws/install/driver_msgs/share/driver_msgs/cmake/driver_msgs__rosidl_typesupport_cExport-noconfig.cmake
[1.579s] -- Up-to-date: /home/hou/catkin_ws/install/driver_msgs/share/driver_msgs/cmake/driver_msgs__rosidl_typesupport_introspection_cppExport.cmake
[1.579s] -- Up-to-date: /home/hou/catkin_ws/install/driver_msgs/share/driver_msgs/cmake/driver_msgs__rosidl_typesupport_introspection_cppExport-noconfig.cmake
[1.579s] -- Up-to-date: /home/hou/catkin_ws/install/driver_msgs/share/driver_msgs/cmake/driver_msgs__rosidl_typesupport_cppExport.cmake
[1.579s] -- Up-to-date: /home/hou/catkin_ws/install/driver_msgs/share/driver_msgs/cmake/driver_msgs__rosidl_typesupport_cppExport-noconfig.cmake
[1.579s] -- Up-to-date: /home/hou/catkin_ws/install/driver_msgs/share/driver_msgs/cmake/rosidl_cmake-extras.cmake
[1.579s] -- Up-to-date: /home/hou/catkin_ws/install/driver_msgs/share/driver_msgs/cmake/ament_cmake_export_dependencies-extras.cmake
[1.581s] -- Up-to-date: /home/hou/catkin_ws/install/driver_msgs/share/driver_msgs/cmake/ament_cmake_export_include_directories-extras.cmake
[1.582s] -- Up-to-date: /home/hou/catkin_ws/install/driver_msgs/share/driver_msgs/cmake/ament_cmake_export_libraries-extras.cmake
[1.582s] -- Up-to-date: /home/hou/catkin_ws/install/driver_msgs/share/driver_msgs/cmake/ament_cmake_export_targets-extras.cmake
[1.582s] -- Up-to-date: /home/hou/catkin_ws/install/driver_msgs/share/driver_msgs/cmake/rosidl_cmake_export_typesupport_targets-extras.cmake
[1.582s] -- Up-to-date: /home/hou/catkin_ws/install/driver_msgs/share/driver_msgs/cmake/rosidl_cmake_export_typesupport_libraries-extras.cmake
[1.582s] -- Up-to-date: /home/hou/catkin_ws/install/driver_msgs/share/driver_msgs/cmake/driver_msgsConfig.cmake
[1.582s] -- Up-to-date: /home/hou/catkin_ws/install/driver_msgs/share/driver_msgs/cmake/driver_msgsConfig-version.cmake
[1.582s] -- Up-to-date: /home/hou/catkin_ws/install/driver_msgs/share/driver_msgs/package.xml
[1.582s] Invoked command in '/home/hou/catkin_ws/build/driver_msgs' returned '0': CMAKE_PREFIX_PATH=/opt/ros/humble /usr/bin/cmake --install /home/hou/catkin_ws/build/driver_msgs
