[0.165s] Invoking command in '/home/hou/catkin_ws/build/driver_msgs': CMAKE_PREFIX_PATH=${CMAKE_PREFIX_PATH}:/opt/ros/humble /usr/bin/cmake --build /home/hou/catkin_ws/build/driver_msgs -- -j10 -l10
[0.286s] [35m[1mConsolidate compiler generated dependencies of target driver_msgs__rosidl_generator_c[0m
[0.360s] [ 13%] Built target driver_msgs__rosidl_generator_c
[0.360s] [ 18%] Built target driver_msgs__cpp
[0.459s] [35m[1mConsolidate compiler generated dependencies of target driver_msgs__rosidl_typesupport_introspection_c[0m
[0.459s] [35m[1mConsolidate compiler generated dependencies of target driver_msgs__rosidl_typesupport_fastrtps_c[0m
[0.497s] [35m[1mConsolidate compiler generated dependencies of target driver_msgs__rosidl_typesupport_c[0m
[0.521s] [35m[1mConsolidate compiler generated dependencies of target driver_msgs__rosidl_typesupport_introspection_cpp[0m
[0.541s] [ 31%] Built target driver_msgs__rosidl_typesupport_introspection_c
[0.654s] [ 45%] Built target driver_msgs__rosidl_typesupport_c
[0.656s] [ 59%] Built target driver_msgs__rosidl_typesupport_fastrtps_c
[0.656s] [35m[1mConsolidate compiler generated dependencies of target driver_msgs__rosidl_typesupport_cpp[0m
[0.656s] [ 72%] Built target driver_msgs__rosidl_typesupport_introspection_cpp
[0.656s] [35m[1mConsolidate compiler generated dependencies of target driver_msgs__rosidl_typesupport_fastrtps_cpp[0m
[0.714s] [ 86%] Built target driver_msgs__rosidl_typesupport_cpp
[0.788s] [100%] Built target driver_msgs__rosidl_typesupport_fastrtps_cpp
[0.958s] [100%] Built target driver_msgs
[1.105s] Invoked command in '/home/hou/catkin_ws/build/driver_msgs' returned '0': CMAKE_PREFIX_PATH=${CMAKE_PREFIX_PATH}:/opt/ros/humble /usr/bin/cmake --build /home/hou/catkin_ws/build/driver_msgs -- -j10 -l10
[1.189s] Invoking command in '/home/hou/catkin_ws/build/driver_msgs': CMAKE_PREFIX_PATH=${CMAKE_PREFIX_PATH}:/opt/ros/humble /usr/bin/cmake --install /home/hou/catkin_ws/build/driver_msgs
[1.191s] -- Install configuration: ""
[1.191s] -- Up-to-date: /home/hou/catkin_ws/install/driver_msgs/share/ament_index/resource_index/rosidl_interfaces/driver_msgs
[1.191s] -- Up-to-date: /home/hou/catkin_ws/install/driver_msgs/include/driver_msgs/driver_msgs
[1.191s] -- Up-to-date: /home/hou/catkin_ws/install/driver_msgs/include/driver_msgs/driver_msgs/msg
[1.191s] -- Up-to-date: /home/hou/catkin_ws/install/driver_msgs/include/driver_msgs/driver_msgs/msg/rosidl_generator_c__visibility_control.h
[1.191s] -- Up-to-date: /home/hou/catkin_ws/install/driver_msgs/include/driver_msgs/driver_msgs/msg/detail
[1.191s] -- Up-to-date: /home/hou/catkin_ws/install/driver_msgs/include/driver_msgs/driver_msgs/msg/detail/target__struct.h
[1.191s] -- Up-to-date: /home/hou/catkin_ws/install/driver_msgs/include/driver_msgs/driver_msgs/msg/detail/target__type_support.h
[1.191s] -- Up-to-date: /home/hou/catkin_ws/install/driver_msgs/include/driver_msgs/driver_msgs/msg/detail/target__functions.h
[1.191s] -- Up-to-date: /home/hou/catkin_ws/install/driver_msgs/include/driver_msgs/driver_msgs/msg/detail/target__functions.c
[1.191s] -- Up-to-date: /home/hou/catkin_ws/install/driver_msgs/include/driver_msgs/driver_msgs/msg/target.h
[1.191s] -- Up-to-date: /home/hou/catkin_ws/install/driver_msgs/share/driver_msgs/environment/library_path.sh
[1.191s] -- Up-to-date: /home/hou/catkin_ws/install/driver_msgs/share/driver_msgs/environment/library_path.dsv
[1.191s] -- Up-to-date: /home/hou/catkin_ws/install/driver_msgs/lib/libdriver_msgs__rosidl_generator_c.so
[1.191s] -- Up-to-date: /home/hou/catkin_ws/install/driver_msgs/include/driver_msgs/driver_msgs
[1.191s] -- Up-to-date: /home/hou/catkin_ws/install/driver_msgs/include/driver_msgs/driver_msgs/msg
[1.191s] -- Up-to-date: /home/hou/catkin_ws/install/driver_msgs/include/driver_msgs/driver_msgs/msg/detail
[1.191s] -- Up-to-date: /home/hou/catkin_ws/install/driver_msgs/include/driver_msgs/driver_msgs/msg/detail/target__rosidl_typesupport_fastrtps_c.h
[1.191s] -- Up-to-date: /home/hou/catkin_ws/install/driver_msgs/include/driver_msgs/driver_msgs/msg/rosidl_typesupport_fastrtps_c__visibility_control.h
[1.191s] -- Up-to-date: /home/hou/catkin_ws/install/driver_msgs/lib/libdriver_msgs__rosidl_typesupport_fastrtps_c.so
[1.191s] -- Up-to-date: /home/hou/catkin_ws/install/driver_msgs/include/driver_msgs/driver_msgs
[1.191s] -- Up-to-date: /home/hou/catkin_ws/install/driver_msgs/include/driver_msgs/driver_msgs/msg
[1.191s] -- Up-to-date: /home/hou/catkin_ws/install/driver_msgs/include/driver_msgs/driver_msgs/msg/detail
[1.191s] -- Up-to-date: /home/hou/catkin_ws/install/driver_msgs/include/driver_msgs/driver_msgs/msg/detail/target__builder.hpp
[1.191s] -- Up-to-date: /home/hou/catkin_ws/install/driver_msgs/include/driver_msgs/driver_msgs/msg/detail/target__type_support.hpp
[1.199s] -- Up-to-date: /home/hou/catkin_ws/install/driver_msgs/include/driver_msgs/driver_msgs/msg/detail/target__traits.hpp
[1.199s] -- Up-to-date: /home/hou/catkin_ws/install/driver_msgs/include/driver_msgs/driver_msgs/msg/detail/target__struct.hpp
[1.199s] -- Up-to-date: /home/hou/catkin_ws/install/driver_msgs/include/driver_msgs/driver_msgs/msg/target.hpp
[1.199s] -- Up-to-date: /home/hou/catkin_ws/install/driver_msgs/include/driver_msgs/driver_msgs/msg/rosidl_generator_cpp__visibility_control.hpp
[1.199s] -- Up-to-date: /home/hou/catkin_ws/install/driver_msgs/include/driver_msgs/driver_msgs
[1.206s] -- Up-to-date: /home/hou/catkin_ws/install/driver_msgs/include/driver_msgs/driver_msgs/msg
[1.206s] -- Up-to-date: /home/hou/catkin_ws/install/driver_msgs/include/driver_msgs/driver_msgs/msg/detail
[1.206s] -- Up-to-date: /home/hou/catkin_ws/install/driver_msgs/include/driver_msgs/driver_msgs/msg/detail/target__rosidl_typesupport_fastrtps_cpp.hpp
[1.206s] -- Up-to-date: /home/hou/catkin_ws/install/driver_msgs/include/driver_msgs/driver_msgs/msg/detail/dds_fastrtps
[1.206s] -- Up-to-date: /home/hou/catkin_ws/install/driver_msgs/include/driver_msgs/driver_msgs/msg/rosidl_typesupport_fastrtps_cpp__visibility_control.h
[1.206s] -- Up-to-date: /home/hou/catkin_ws/install/driver_msgs/lib/libdriver_msgs__rosidl_typesupport_fastrtps_cpp.so
[1.206s] -- Up-to-date: /home/hou/catkin_ws/install/driver_msgs/include/driver_msgs/driver_msgs
[1.206s] -- Up-to-date: /home/hou/catkin_ws/install/driver_msgs/include/driver_msgs/driver_msgs/msg
[1.206s] -- Up-to-date: /home/hou/catkin_ws/install/driver_msgs/include/driver_msgs/driver_msgs/msg/detail
[1.206s] -- Up-to-date: /home/hou/catkin_ws/install/driver_msgs/include/driver_msgs/driver_msgs/msg/detail/target__rosidl_typesupport_introspection_c.h
[1.206s] -- Up-to-date: /home/hou/catkin_ws/install/driver_msgs/include/driver_msgs/driver_msgs/msg/detail/target__type_support.c
[1.206s] -- Up-to-date: /home/hou/catkin_ws/install/driver_msgs/include/driver_msgs/driver_msgs/msg/rosidl_typesupport_introspection_c__visibility_control.h
[1.206s] -- Up-to-date: /home/hou/catkin_ws/install/driver_msgs/lib/libdriver_msgs__rosidl_typesupport_introspection_c.so
[1.206s] -- Up-to-date: /home/hou/catkin_ws/install/driver_msgs/lib/libdriver_msgs__rosidl_typesupport_c.so
[1.224s] -- Up-to-date: /home/hou/catkin_ws/install/driver_msgs/include/driver_msgs/driver_msgs
[1.224s] -- Up-to-date: /home/hou/catkin_ws/install/driver_msgs/include/driver_msgs/driver_msgs/msg
[1.224s] -- Up-to-date: /home/hou/catkin_ws/install/driver_msgs/include/driver_msgs/driver_msgs/msg/detail
[1.224s] -- Up-to-date: /home/hou/catkin_ws/install/driver_msgs/include/driver_msgs/driver_msgs/msg/detail/target__type_support.cpp
[1.224s] -- Up-to-date: /home/hou/catkin_ws/install/driver_msgs/include/driver_msgs/driver_msgs/msg/detail/target__rosidl_typesupport_introspection_cpp.hpp
[1.224s] -- Up-to-date: /home/hou/catkin_ws/install/driver_msgs/lib/libdriver_msgs__rosidl_typesupport_introspection_cpp.so
[1.226s] -- Up-to-date: /home/hou/catkin_ws/install/driver_msgs/lib/libdriver_msgs__rosidl_typesupport_cpp.so
[1.226s] -- Up-to-date: /home/hou/catkin_ws/install/driver_msgs/share/driver_msgs/msg/Target.idl
[1.226s] -- Up-to-date: /home/hou/catkin_ws/install/driver_msgs/share/driver_msgs/msg/Target.msg
[1.226s] -- Up-to-date: /home/hou/catkin_ws/install/driver_msgs/share/ament_index/resource_index/package_run_dependencies/driver_msgs
[1.226s] -- Up-to-date: /home/hou/catkin_ws/install/driver_msgs/share/ament_index/resource_index/parent_prefix_path/driver_msgs
[1.226s] -- Up-to-date: /home/hou/catkin_ws/install/driver_msgs/share/driver_msgs/environment/ament_prefix_path.sh
[1.226s] -- Up-to-date: /home/hou/catkin_ws/install/driver_msgs/share/driver_msgs/environment/ament_prefix_path.dsv
[1.226s] -- Up-to-date: /home/hou/catkin_ws/install/driver_msgs/share/driver_msgs/environment/path.sh
[1.226s] -- Up-to-date: /home/hou/catkin_ws/install/driver_msgs/share/driver_msgs/environment/path.dsv
[1.226s] -- Up-to-date: /home/hou/catkin_ws/install/driver_msgs/share/driver_msgs/local_setup.bash
[1.226s] -- Up-to-date: /home/hou/catkin_ws/install/driver_msgs/share/driver_msgs/local_setup.sh
[1.226s] -- Up-to-date: /home/hou/catkin_ws/install/driver_msgs/share/driver_msgs/local_setup.zsh
[1.226s] -- Up-to-date: /home/hou/catkin_ws/install/driver_msgs/share/driver_msgs/local_setup.dsv
[1.226s] -- Installing: /home/hou/catkin_ws/install/driver_msgs/share/driver_msgs/package.dsv
[1.226s] -- Up-to-date: /home/hou/catkin_ws/install/driver_msgs/share/ament_index/resource_index/packages/driver_msgs
[1.226s] -- Up-to-date: /home/hou/catkin_ws/install/driver_msgs/share/driver_msgs/cmake/export_driver_msgs__rosidl_generator_cExport.cmake
[1.226s] -- Up-to-date: /home/hou/catkin_ws/install/driver_msgs/share/driver_msgs/cmake/export_driver_msgs__rosidl_generator_cExport-noconfig.cmake
[1.226s] -- Up-to-date: /home/hou/catkin_ws/install/driver_msgs/share/driver_msgs/cmake/export_driver_msgs__rosidl_typesupport_fastrtps_cExport.cmake
[1.226s] -- Up-to-date: /home/hou/catkin_ws/install/driver_msgs/share/driver_msgs/cmake/export_driver_msgs__rosidl_typesupport_fastrtps_cExport-noconfig.cmake
[1.226s] -- Up-to-date: /home/hou/catkin_ws/install/driver_msgs/share/driver_msgs/cmake/export_driver_msgs__rosidl_generator_cppExport.cmake
[1.226s] -- Up-to-date: /home/hou/catkin_ws/install/driver_msgs/share/driver_msgs/cmake/export_driver_msgs__rosidl_typesupport_fastrtps_cppExport.cmake
[1.226s] -- Up-to-date: /home/hou/catkin_ws/install/driver_msgs/share/driver_msgs/cmake/export_driver_msgs__rosidl_typesupport_fastrtps_cppExport-noconfig.cmake
[1.226s] -- Up-to-date: /home/hou/catkin_ws/install/driver_msgs/share/driver_msgs/cmake/driver_msgs__rosidl_typesupport_introspection_cExport.cmake
[1.226s] -- Up-to-date: /home/hou/catkin_ws/install/driver_msgs/share/driver_msgs/cmake/driver_msgs__rosidl_typesupport_introspection_cExport-noconfig.cmake
[1.252s] -- Up-to-date: /home/hou/catkin_ws/install/driver_msgs/share/driver_msgs/cmake/driver_msgs__rosidl_typesupport_cExport.cmake
[1.252s] -- Up-to-date: /home/hou/catkin_ws/install/driver_msgs/share/driver_msgs/cmake/driver_msgs__rosidl_typesupport_cExport-noconfig.cmake
[1.252s] -- Up-to-date: /home/hou/catkin_ws/install/driver_msgs/share/driver_msgs/cmake/driver_msgs__rosidl_typesupport_introspection_cppExport.cmake
[1.267s] -- Up-to-date: /home/hou/catkin_ws/install/driver_msgs/share/driver_msgs/cmake/driver_msgs__rosidl_typesupport_introspection_cppExport-noconfig.cmake
[1.267s] -- Up-to-date: /home/hou/catkin_ws/install/driver_msgs/share/driver_msgs/cmake/driver_msgs__rosidl_typesupport_cppExport.cmake
[1.267s] -- Up-to-date: /home/hou/catkin_ws/install/driver_msgs/share/driver_msgs/cmake/driver_msgs__rosidl_typesupport_cppExport-noconfig.cmake
[1.267s] -- Up-to-date: /home/hou/catkin_ws/install/driver_msgs/share/driver_msgs/cmake/rosidl_cmake-extras.cmake
[1.267s] -- Up-to-date: /home/hou/catkin_ws/install/driver_msgs/share/driver_msgs/cmake/ament_cmake_export_dependencies-extras.cmake
[1.267s] -- Up-to-date: /home/hou/catkin_ws/install/driver_msgs/share/driver_msgs/cmake/ament_cmake_export_include_directories-extras.cmake
[1.267s] -- Up-to-date: /home/hou/catkin_ws/install/driver_msgs/share/driver_msgs/cmake/ament_cmake_export_libraries-extras.cmake
[1.267s] -- Up-to-date: /home/hou/catkin_ws/install/driver_msgs/share/driver_msgs/cmake/ament_cmake_export_targets-extras.cmake
[1.267s] -- Up-to-date: /home/hou/catkin_ws/install/driver_msgs/share/driver_msgs/cmake/rosidl_cmake_export_typesupport_targets-extras.cmake
[1.267s] -- Up-to-date: /home/hou/catkin_ws/install/driver_msgs/share/driver_msgs/cmake/rosidl_cmake_export_typesupport_libraries-extras.cmake
[1.267s] -- Up-to-date: /home/hou/catkin_ws/install/driver_msgs/share/driver_msgs/cmake/driver_msgsConfig.cmake
[1.267s] -- Up-to-date: /home/hou/catkin_ws/install/driver_msgs/share/driver_msgs/cmake/driver_msgsConfig-version.cmake
[1.267s] -- Up-to-date: /home/hou/catkin_ws/install/driver_msgs/share/driver_msgs/package.xml
[1.267s] Invoked command in '/home/hou/catkin_ws/build/driver_msgs' returned '0': CMAKE_PREFIX_PATH=${CMAKE_PREFIX_PATH}:/opt/ros/humble /usr/bin/cmake --install /home/hou/catkin_ws/build/driver_msgs
