[1.282s] Invoking command in '/home/hou/catkin_ws/src/process': CMAKE_PREFIX_PATH=/home/hou/catkin_ws/install/driver_msgs:/home/hou/catkin_ws/install/driver PYTHONPATH=/home/hou/catkin_ws/build/process/prefix_override:/usr/lib/python3/dist-packages/colcon_core/task/python/colcon_distutils_commands:/home/hou/catkin_ws/install/process/lib/python3.10/site-packages:${PYTHONPATH} /usr/bin/python3 -W ignore:setup.py install is deprecated -W ignore:easy_install command is deprecated setup.py egg_info --egg-base ../../build/process build --build-base /home/hou/catkin_ws/build/process/build install --record /home/hou/catkin_ws/build/process/install.log --single-version-externally-managed install_data
[1.547s] running egg_info
[1.548s] creating ../../build/process/process.egg-info
[1.548s] writing ../../build/process/process.egg-info/PKG-INFO
[1.548s] writing dependency_links to ../../build/process/process.egg-info/dependency_links.txt
[1.548s] writing entry points to ../../build/process/process.egg-info/entry_points.txt
[1.548s] writing requirements to ../../build/process/process.egg-info/requires.txt
[1.548s] writing top-level names to ../../build/process/process.egg-info/top_level.txt
[1.548s] writing manifest file '../../build/process/process.egg-info/SOURCES.txt'
[1.549s] reading manifest file '../../build/process/process.egg-info/SOURCES.txt'
[1.550s] writing manifest file '../../build/process/process.egg-info/SOURCES.txt'
[1.550s] running build
[1.550s] running build_py
[1.550s] creating /home/hou/catkin_ws/build/process/build
[1.551s] creating /home/hou/catkin_ws/build/process/build/lib
[1.551s] creating /home/hou/catkin_ws/build/process/build/lib/process
[1.551s] copying process/__init__.py -> /home/hou/catkin_ws/build/process/build/lib/process
[1.551s] copying process/process_node.py -> /home/hou/catkin_ws/build/process/build/lib/process
[1.551s] running install
[1.552s] running install_lib
[1.552s] creating /home/hou/catkin_ws/install/process/lib/python3.10/site-packages/process
[1.552s] copying /home/hou/catkin_ws/build/process/build/lib/process/__init__.py -> /home/hou/catkin_ws/install/process/lib/python3.10/site-packages/process
[1.552s] copying /home/hou/catkin_ws/build/process/build/lib/process/process_node.py -> /home/hou/catkin_ws/install/process/lib/python3.10/site-packages/process
[1.553s] byte-compiling /home/hou/catkin_ws/install/process/lib/python3.10/site-packages/process/__init__.py to __init__.cpython-310.pyc
[1.553s] byte-compiling /home/hou/catkin_ws/install/process/lib/python3.10/site-packages/process/process_node.py to process_node.cpython-310.pyc
[1.553s] running install_data
[1.553s] creating /home/hou/catkin_ws/install/process/share/ament_index
[1.553s] creating /home/hou/catkin_ws/install/process/share/ament_index/resource_index
[1.553s] creating /home/hou/catkin_ws/install/process/share/ament_index/resource_index/packages
[1.554s] copying resource/process -> /home/hou/catkin_ws/install/process/share/ament_index/resource_index/packages
[1.554s] copying package.xml -> /home/hou/catkin_ws/install/process/share/process
[1.554s] running install_egg_info
[1.555s] Copying ../../build/process/process.egg-info to /home/hou/catkin_ws/install/process/lib/python3.10/site-packages/process-0.0.0-py3.10.egg-info
[1.556s] running install_scripts
[1.569s] Installing process_node script to /home/hou/catkin_ws/install/process/lib/process
[1.569s] writing list of installed files to '/home/hou/catkin_ws/build/process/install.log'
[1.592s] Invoked command in '/home/hou/catkin_ws/src/process' returned '0': CMAKE_PREFIX_PATH=/home/hou/catkin_ws/install/driver_msgs:/home/hou/catkin_ws/install/driver PYTHONPATH=/home/hou/catkin_ws/build/process/prefix_override:/usr/lib/python3/dist-packages/colcon_core/task/python/colcon_distutils_commands:/home/hou/catkin_ws/install/process/lib/python3.10/site-packages:${PYTHONPATH} /usr/bin/python3 -W ignore:setup.py install is deprecated -W ignore:easy_install command is deprecated setup.py egg_info --egg-base ../../build/process build --build-base /home/hou/catkin_ws/build/process/build install --record /home/hou/catkin_ws/build/process/install.log --single-version-externally-managed install_data
