[0.015s] Invoking command in '/home/hou/catkin_ws/build/driver': CMAKE_PREFIX_PATH=/opt/ros/humble /usr/bin/cmake /home/hou/catkin_ws/src/driver -DCMAKE_INSTALL_PREFIX=/home/hou/catkin_ws/install/driver
[0.390s] -- The C compiler identification is GNU 11.4.0
[0.701s] -- The CXX compiler identification is GNU 11.4.0
[0.773s] -- Detecting C compiler ABI info
[1.371s] -- Detecting C compiler ABI info - done
[1.381s] -- Check for working C compiler: /usr/bin/cc - skipped
[1.381s] -- Detecting C compile features
[1.381s] -- Detecting C compile features - done
[1.381s] -- Detecting CXX compiler ABI info
[1.896s] -- Detecting CXX compiler ABI info - done
[1.925s] -- Check for working CXX compiler: /usr/bin/c++ - skipped
[1.925s] -- Detecting CXX compile features
[1.931s] -- Detecting CXX compile features - done
[1.940s] -- Found ament_cmake: 1.3.11 (/opt/ros/humble/share/ament_cmake/cmake)
[2.440s] -- Found Python3: /usr/bin/python3 (found version "3.10.12") found components: Interpreter 
[2.576s] -- Found rclcpp: 16.0.11 (/opt/ros/humble/share/rclcpp/cmake)
[2.601s] -- Found rosidl_generator_c: 3.1.6 (/opt/ros/humble/share/rosidl_generator_c/cmake)
[2.603s] -- Found rosidl_adapter: 3.1.6 (/opt/ros/humble/share/rosidl_adapter/cmake)
[2.610s] -- Found rosidl_generator_cpp: 3.1.6 (/opt/ros/humble/share/rosidl_generator_cpp/cmake)
[2.645s] -- Using all available rosidl_typesupport_c: rosidl_typesupport_fastrtps_c;rosidl_typesupport_introspection_c
[2.672s] -- Using all available rosidl_typesupport_cpp: rosidl_typesupport_fastrtps_cpp;rosidl_typesupport_introspection_cpp
[2.702s] -- Found rmw_implementation_cmake: 6.1.2 (/opt/ros/humble/share/rmw_implementation_cmake/cmake)
[2.704s] -- Found rmw_fastrtps_cpp: 6.2.7 (/opt/ros/humble/share/rmw_fastrtps_cpp/cmake)
[2.779s] -- Found OpenSSL: /usr/lib/x86_64-linux-gnu/libcrypto.so (found version "3.0.2")  
[2.796s] -- Found FastRTPS: /opt/ros/humble/include  
[2.831s] -- Using RMW implementation 'rmw_fastrtps_cpp' as default
[2.831s] -- Looking for pthread.h
[2.901s] -- Looking for pthread.h - found
[2.901s] -- Performing Test CMAKE_HAVE_LIBC_PTHREAD
[2.993s] -- Performing Test CMAKE_HAVE_LIBC_PTHREAD - Success
[2.994s] -- Found Threads: TRUE  
[3.087s] -- Found ament_lint_auto: 0.12.11 (/opt/ros/humble/share/ament_lint_auto/cmake)
[3.157s] -- Added test 'cppcheck' to perform static code analysis on C / C++ code
[3.157s] -- Configured cppcheck include dirs: 
[3.157s] -- Configured cppcheck exclude dirs and/or files: 
[3.157s] -- Added test 'flake8' to check Python code syntax and style conventions
[3.158s] -- Added test 'lint_cmake' to check CMake code style
[3.158s] -- Added test 'pep257' to check Python code against some of the docstring style conventions in PEP 257
[3.159s] -- Added test 'uncrustify' to check C / C++ code style
[3.159s] -- Configured uncrustify additional arguments: 
[3.160s] -- Added test 'xmllint' to check XML markup files
[3.160s] -- Configuring done
[3.169s] -- Generating done
[3.175s] -- Build files have been written to: /home/hou/catkin_ws/build/driver
