[0.013s] Invoking command in '/home/hou/catkin_ws/build/driver_msgs': CMAKE_PREFIX_PATH=/opt/ros/humble /usr/bin/cmake /home/hou/catkin_ws/src/driver_msgs -DCMAKE_INSTALL_PREFIX=/home/hou/catkin_ws/install/driver_msgs
[0.335s] -- The C compiler identification is GNU 11.4.0
[0.605s] -- The CXX compiler identification is GNU 11.4.0
[0.648s] -- Detecting C compiler ABI info
[1.189s] -- Detecting C compiler ABI info - done
[1.205s] -- Check for working C compiler: /usr/bin/cc - skipped
[1.205s] -- Detecting C compile features
[1.206s] -- Detecting C compile features - done
[1.210s] -- Detecting CXX compiler ABI info
[1.700s] -- Detecting CXX compiler ABI info - done
[1.718s] -- Check for working CXX compiler: /usr/bin/c++ - skipped
[1.718s] -- Detecting CXX compile features
[1.718s] -- Detecting CXX compile features - done
[1.721s] -- Found ament_cmake: 1.3.11 (/opt/ros/humble/share/ament_cmake/cmake)
[2.381s] -- Found Python3: /usr/bin/python3 (found version "3.10.12") found components: Interpreter 
[2.568s] -- Found geometry_msgs: 4.2.4 (/opt/ros/humble/share/geometry_msgs/cmake)
[2.589s] -- Found rosidl_generator_c: 3.1.6 (/opt/ros/humble/share/rosidl_generator_c/cmake)
[2.589s] -- Found rosidl_adapter: 3.1.6 (/opt/ros/humble/share/rosidl_adapter/cmake)
[2.596s] -- Found rosidl_generator_cpp: 3.1.6 (/opt/ros/humble/share/rosidl_generator_cpp/cmake)
[2.619s] -- Using all available rosidl_typesupport_c: rosidl_typesupport_fastrtps_c;rosidl_typesupport_introspection_c
[2.629s] -- Using all available rosidl_typesupport_cpp: rosidl_typesupport_fastrtps_cpp;rosidl_typesupport_introspection_cpp
[2.868s] [31mCMake Error at /opt/ros/humble/share/rosidl_cmake/cmake/rosidl_generate_interfaces.cmake:229 (message):
[2.868s]   Packages installing interfaces must include
[2.868s]   '<member_of_group>rosidl_interface_packages</member_of_group>' in their
[2.868s]   package.xml
[2.868s] Call Stack (most recent call first):
[2.868s]   CMakeLists.txt:13 (rosidl_generate_interfaces)
[2.868s] 
[2.868s] [0m
[2.869s] -- Configuring incomplete, errors occurred!
[2.869s] See also "/home/hou/catkin_ws/build/driver_msgs/CMakeFiles/CMakeOutput.log".
[2.877s] Invoked command in '/home/hou/catkin_ws/build/driver_msgs' returned '1': CMAKE_PREFIX_PATH=/opt/ros/humble /usr/bin/cmake /home/hou/catkin_ws/src/driver_msgs -DCMAKE_INSTALL_PREFIX=/home/hou/catkin_ws/install/driver_msgs
