[0.045s] Invoking command in '/home/hou/catkin_ws/build/driver': AMENT_PREFIX_PATH=/home/hou/catkin_ws/install/driver_msgs:${AMENT_PREFIX_PATH} CMAKE_PREFIX_PATH=/home/hou/catkin_ws/install/driver_msgs:/opt/ros/humble LD_LIBRARY_PATH=/home/hou/catkin_ws/install/driver_msgs/lib:${LD_LIBRARY_PATH} PYTHONPATH=/home/hou/catkin_ws/install/driver_msgs/local/lib/python3.10/dist-packages:${PYTHONPATH} /usr/bin/cmake /home/hou/catkin_ws/src/driver -DCMAKE_INSTALL_PREFIX=/home/hou/catkin_ws/install/driver
[0.354s] -- The C compiler identification is GNU 11.4.0
[0.532s] -- The CXX compiler identification is GNU 11.4.0
[0.545s] -- Detecting C compiler ABI info
[0.679s] -- Detecting C compiler ABI info - done
[0.686s] -- Check for working C compiler: /usr/bin/cc - skipped
[0.688s] -- Detecting C compile features
[0.691s] -- Detecting C compile features - done
[0.695s] -- Detecting CXX compiler ABI info
[0.815s] -- Detecting CXX compiler ABI info - done
[0.820s] -- Check for working CXX compiler: /usr/bin/c++ - skipped
[0.820s] -- Detecting CXX compile features
[0.821s] -- Detecting CXX compile features - done
[0.823s] -- Found ament_cmake: 1.3.11 (/opt/ros/humble/share/ament_cmake/cmake)
[1.264s] -- Found Python3: /usr/bin/python3 (found version "3.10.12") found components: Interpreter 
[1.347s] -- Found rclcpp: 16.0.11 (/opt/ros/humble/share/rclcpp/cmake)
[1.388s] -- Found rosidl_generator_c: 3.1.6 (/opt/ros/humble/share/rosidl_generator_c/cmake)
[1.396s] -- Found rosidl_adapter: 3.1.6 (/opt/ros/humble/share/rosidl_adapter/cmake)
[1.399s] -- Found rosidl_generator_cpp: 3.1.6 (/opt/ros/humble/share/rosidl_generator_cpp/cmake)
[1.420s] -- Using all available rosidl_typesupport_c: rosidl_typesupport_fastrtps_c;rosidl_typesupport_introspection_c
[1.431s] -- Using all available rosidl_typesupport_cpp: rosidl_typesupport_fastrtps_cpp;rosidl_typesupport_introspection_cpp
[1.539s] -- Found rmw_implementation_cmake: 6.1.2 (/opt/ros/humble/share/rmw_implementation_cmake/cmake)
[1.546s] -- Found rmw_fastrtps_cpp: 6.2.7 (/opt/ros/humble/share/rmw_fastrtps_cpp/cmake)
[1.893s] -- Found OpenSSL: /usr/lib/x86_64-linux-gnu/libcrypto.so (found version "3.0.2")  
[1.961s] -- Found FastRTPS: /opt/ros/humble/include  
[1.996s] -- Using RMW implementation 'rmw_fastrtps_cpp' as default
[2.047s] -- Looking for pthread.h
[2.175s] -- Looking for pthread.h - found
[2.177s] -- Performing Test CMAKE_HAVE_LIBC_PTHREAD
[2.336s] -- Performing Test CMAKE_HAVE_LIBC_PTHREAD - Success
[2.336s] -- Found Threads: TRUE  
[2.443s] -- Found driver_msgs: 0.0.0 (/home/hou/catkin_ws/install/driver_msgs/share/driver_msgs/cmake)
[2.458s] [31mCMake Error at /home/hou/catkin_ws/install/driver_msgs/share/driver_msgs/cmake/ament_cmake_export_libraries-extras.cmake:48 (message):
[2.458s]   Package 'driver_msgs' exports the library 'driver_msgs' which couldn't be
[2.458s]   found
[2.458s] Call Stack (most recent call first):
[2.458s]   /home/hou/catkin_ws/install/driver_msgs/share/driver_msgs/cmake/driver_msgsConfig.cmake:41 (include)
[2.458s]   CMakeLists.txt:15 (find_package)
[2.458s] 
[2.458s] [0m
[2.459s] -- Configuring incomplete, errors occurred!
[2.459s] See also "/home/hou/catkin_ws/build/driver/CMakeFiles/CMakeOutput.log".
[2.469s] Invoked command in '/home/hou/catkin_ws/build/driver' returned '1': AMENT_PREFIX_PATH=/home/hou/catkin_ws/install/driver_msgs:${AMENT_PREFIX_PATH} CMAKE_PREFIX_PATH=/home/hou/catkin_ws/install/driver_msgs:/opt/ros/humble LD_LIBRARY_PATH=/home/hou/catkin_ws/install/driver_msgs/lib:${LD_LIBRARY_PATH} PYTHONPATH=/home/hou/catkin_ws/install/driver_msgs/local/lib/python3.10/dist-packages:${PYTHONPATH} /usr/bin/cmake /home/hou/catkin_ws/src/driver -DCMAKE_INSTALL_PREFIX=/home/hou/catkin_ws/install/driver
