[0.023s] Invoking command in '/home/hou/catkin_ws/build/driver': AMENT_PREFIX_PATH=/home/hou/catkin_ws/install/driver_msgs:${AMENT_PREFIX_PATH} CMAKE_PREFIX_PATH=/home/hou/catkin_ws/install/driver_msgs:/opt/ros/humble LD_LIBRARY_PATH=/home/hou/catkin_ws/install/driver_msgs/lib:${LD_LIBRARY_PATH} /usr/bin/cmake --build /home/hou/catkin_ws/build/driver -- -j10 -l10
[0.251s] [35m[1mConsolidate compiler generated dependencies of target driver_node[0m
[0.525s] [100%] Built target driver_node
[0.536s] Invoked command in '/home/hou/catkin_ws/build/driver' returned '0': AMENT_PREFIX_PATH=/home/hou/catkin_ws/install/driver_msgs:${AMENT_PREFIX_PATH} CMAKE_PREFIX_PATH=/home/hou/catkin_ws/install/driver_msgs:/opt/ros/humble LD_LIBRARY_PATH=/home/hou/catkin_ws/install/driver_msgs/lib:${LD_LIBRARY_PATH} /usr/bin/cmake --build /home/hou/catkin_ws/build/driver -- -j10 -l10
[0.538s] Invoking command in '/home/hou/catkin_ws/build/driver': AMENT_PREFIX_PATH=/home/hou/catkin_ws/install/driver_msgs:${AMENT_PREFIX_PATH} CMAKE_PREFIX_PATH=/home/hou/catkin_ws/install/driver_msgs:/opt/ros/humble LD_LIBRARY_PATH=/home/hou/catkin_ws/install/driver_msgs/lib:${LD_LIBRARY_PATH} /usr/bin/cmake --install /home/hou/catkin_ws/build/driver
[0.546s] -- Install configuration: ""
[0.549s] -- Up-to-date: /home/hou/catkin_ws/install/driver/lib/driver/driver_node
[0.549s] -- Up-to-date: /home/hou/catkin_ws/install/driver/share/ament_index/resource_index/package_run_dependencies/driver
[0.549s] -- Up-to-date: /home/hou/catkin_ws/install/driver/share/ament_index/resource_index/parent_prefix_path/driver
[0.549s] -- Up-to-date: /home/hou/catkin_ws/install/driver/share/driver/environment/ament_prefix_path.sh
[0.549s] -- Up-to-date: /home/hou/catkin_ws/install/driver/share/driver/environment/ament_prefix_path.dsv
[0.549s] -- Up-to-date: /home/hou/catkin_ws/install/driver/share/driver/environment/path.sh
[0.549s] -- Up-to-date: /home/hou/catkin_ws/install/driver/share/driver/environment/path.dsv
[0.549s] -- Up-to-date: /home/hou/catkin_ws/install/driver/share/driver/local_setup.bash
[0.549s] -- Up-to-date: /home/hou/catkin_ws/install/driver/share/driver/local_setup.sh
[0.549s] -- Up-to-date: /home/hou/catkin_ws/install/driver/share/driver/local_setup.zsh
[0.549s] -- Up-to-date: /home/hou/catkin_ws/install/driver/share/driver/local_setup.dsv
[0.549s] -- Installing: /home/hou/catkin_ws/install/driver/share/driver/package.dsv
[0.552s] -- Up-to-date: /home/hou/catkin_ws/install/driver/share/ament_index/resource_index/packages/driver
[0.556s] -- Up-to-date: /home/hou/catkin_ws/install/driver/share/driver/cmake/driverConfig.cmake
[0.556s] -- Up-to-date: /home/hou/catkin_ws/install/driver/share/driver/cmake/driverConfig-version.cmake
[0.556s] -- Up-to-date: /home/hou/catkin_ws/install/driver/share/driver/package.xml
[0.556s] Invoked command in '/home/hou/catkin_ws/build/driver' returned '0': AMENT_PREFIX_PATH=/home/hou/catkin_ws/install/driver_msgs:${AMENT_PREFIX_PATH} CMAKE_PREFIX_PATH=/home/hou/catkin_ws/install/driver_msgs:/opt/ros/humble LD_LIBRARY_PATH=/home/hou/catkin_ws/install/driver_msgs/lib:${LD_LIBRARY_PATH} /usr/bin/cmake --install /home/hou/catkin_ws/build/driver
