[0.147s] DEBUG:colcon:Command line arguments: ['/usr/bin/colcon', 'build', '--packages-select', 'driver']
[0.148s] DEBUG:colcon:Parsed command line arguments: Namespace(log_base=None, log_level=None, verb_name='build', build_base='build', install_base='install', merge_install=False, symlink_install=False, test_result_base=None, continue_on_error=False, executor='parallel', parallel_workers=10, event_handlers=None, ignore_user_meta=False, metas=['./colcon.meta'], base_paths=['.'], packages_ignore=None, packages_ignore_regex=None, paths=None, packages_up_to=None, packages_up_to_regex=None, packages_above=None, packages_above_and_dependencies=None, packages_above_depth=None, packages_select_by_dep=None, packages_skip_by_dep=None, packages_skip_up_to=None, packages_select_build_failed=False, packages_skip_build_finished=False, packages_select_test_failures=False, packages_skip_test_passed=False, packages_select=['driver'], packages_skip=None, packages_select_regex=None, packages_skip_regex=None, packages_start=None, packages_end=None, allow_overriding=[], cmake_args=None, cmake_target=None, cmake_target_skip_unavailable=False, cmake_clean_cache=False, cmake_clean_first=False, cmake_force_configure=False, ament_cmake_args=None, catkin_cmake_args=None, catkin_skip_building_tests=False, verb_parser=<colcon_defaults.argument_parser.defaults.DefaultArgumentsDecorator object at 0x738e4a01a290>, verb_extension=<colcon_core.verb.build.BuildVerb object at 0x738e4a019d80>, main=<bound method BuildVerb.main of <colcon_core.verb.build.BuildVerb object at 0x738e4a019d80>>)
[0.276s] Level 1:colcon.colcon_core.package_discovery:discover_packages(colcon_meta) check parameters
[0.276s] Level 1:colcon.colcon_core.package_discovery:discover_packages(recursive) check parameters
[0.276s] Level 1:colcon.colcon_core.package_discovery:discover_packages(ignore) check parameters
[0.276s] Level 1:colcon.colcon_core.package_discovery:discover_packages(path) check parameters
[0.276s] Level 1:colcon.colcon_core.package_discovery:discover_packages(colcon_meta) discover
[0.276s] Level 1:colcon.colcon_core.package_discovery:discover_packages(recursive) discover
[0.276s] INFO:colcon.colcon_core.package_discovery:Crawling recursively for packages in '/home/hou/catkin_ws'
[0.276s] Level 1:colcon.colcon_core.package_identification:_identify(.) by extensions ['ignore', 'ignore_ament_install']
[0.276s] Level 1:colcon.colcon_core.package_identification:_identify(.) by extension 'ignore'
[0.277s] Level 1:colcon.colcon_core.package_identification:_identify(.) by extension 'ignore_ament_install'
[0.277s] Level 1:colcon.colcon_core.package_identification:_identify(.) by extensions ['colcon_pkg']
[0.277s] Level 1:colcon.colcon_core.package_identification:_identify(.) by extension 'colcon_pkg'
[0.277s] Level 1:colcon.colcon_core.package_identification:_identify(.) by extensions ['colcon_meta']
[0.277s] Level 1:colcon.colcon_core.package_identification:_identify(.) by extension 'colcon_meta'
[0.277s] Level 1:colcon.colcon_core.package_identification:_identify(.) by extensions ['ros']
[0.277s] Level 1:colcon.colcon_core.package_identification:_identify(.) by extension 'ros'
[0.285s] Level 1:colcon.colcon_core.package_identification:_identify(.) by extensions ['cmake', 'python']
[0.285s] Level 1:colcon.colcon_core.package_identification:_identify(.) by extension 'cmake'
[0.285s] Level 1:colcon.colcon_core.package_identification:_identify(.) by extension 'python'
[0.285s] Level 1:colcon.colcon_core.package_identification:_identify(.) by extensions ['python_setup_py']
[0.285s] Level 1:colcon.colcon_core.package_identification:_identify(.) by extension 'python_setup_py'
[0.285s] Level 1:colcon.colcon_core.package_identification:_identify(build) by extensions ['ignore', 'ignore_ament_install']
[0.285s] Level 1:colcon.colcon_core.package_identification:_identify(build) by extension 'ignore'
[0.285s] Level 1:colcon.colcon_core.package_identification:_identify(build) ignored
[0.286s] Level 1:colcon.colcon_core.package_identification:_identify(install) by extensions ['ignore', 'ignore_ament_install']
[0.286s] Level 1:colcon.colcon_core.package_identification:_identify(install) by extension 'ignore'
[0.286s] Level 1:colcon.colcon_core.package_identification:_identify(install) ignored
[0.286s] Level 1:colcon.colcon_core.package_identification:_identify(log) by extensions ['ignore', 'ignore_ament_install']
[0.286s] Level 1:colcon.colcon_core.package_identification:_identify(log) by extension 'ignore'
[0.286s] Level 1:colcon.colcon_core.package_identification:_identify(log) ignored
[0.286s] Level 1:colcon.colcon_core.package_identification:_identify(src) by extensions ['ignore', 'ignore_ament_install']
[0.286s] Level 1:colcon.colcon_core.package_identification:_identify(src) by extension 'ignore'
[0.286s] Level 1:colcon.colcon_core.package_identification:_identify(src) by extension 'ignore_ament_install'
[0.286s] Level 1:colcon.colcon_core.package_identification:_identify(src) by extensions ['colcon_pkg']
[0.286s] Level 1:colcon.colcon_core.package_identification:_identify(src) by extension 'colcon_pkg'
[0.286s] Level 1:colcon.colcon_core.package_identification:_identify(src) by extensions ['colcon_meta']
[0.286s] Level 1:colcon.colcon_core.package_identification:_identify(src) by extension 'colcon_meta'
[0.286s] Level 1:colcon.colcon_core.package_identification:_identify(src) by extensions ['ros']
[0.286s] Level 1:colcon.colcon_core.package_identification:_identify(src) by extension 'ros'
[0.286s] Level 1:colcon.colcon_core.package_identification:_identify(src) by extensions ['cmake', 'python']
[0.286s] Level 1:colcon.colcon_core.package_identification:_identify(src) by extension 'cmake'
[0.286s] Level 1:colcon.colcon_core.package_identification:_identify(src) by extension 'python'
[0.286s] Level 1:colcon.colcon_core.package_identification:_identify(src) by extensions ['python_setup_py']
[0.286s] Level 1:colcon.colcon_core.package_identification:_identify(src) by extension 'python_setup_py'
[0.286s] Level 1:colcon.colcon_core.package_identification:_identify(src/driver) by extensions ['ignore', 'ignore_ament_install']
[0.287s] Level 1:colcon.colcon_core.package_identification:_identify(src/driver) by extension 'ignore'
[0.287s] Level 1:colcon.colcon_core.package_identification:_identify(src/driver) by extension 'ignore_ament_install'
[0.287s] Level 1:colcon.colcon_core.package_identification:_identify(src/driver) by extensions ['colcon_pkg']
[0.287s] Level 1:colcon.colcon_core.package_identification:_identify(src/driver) by extension 'colcon_pkg'
[0.287s] Level 1:colcon.colcon_core.package_identification:_identify(src/driver) by extensions ['colcon_meta']
[0.287s] Level 1:colcon.colcon_core.package_identification:_identify(src/driver) by extension 'colcon_meta'
[0.287s] Level 1:colcon.colcon_core.package_identification:_identify(src/driver) by extensions ['ros']
[0.287s] Level 1:colcon.colcon_core.package_identification:_identify(src/driver) by extension 'ros'
[0.288s] DEBUG:colcon.colcon_core.package_identification:Package 'src/driver' with type 'ros.ament_cmake' and name 'driver'
[0.289s] Level 1:colcon.colcon_core.package_identification:_identify(src/driver_msgs) by extensions ['ignore', 'ignore_ament_install']
[0.289s] Level 1:colcon.colcon_core.package_identification:_identify(src/driver_msgs) by extension 'ignore'
[0.289s] Level 1:colcon.colcon_core.package_identification:_identify(src/driver_msgs) by extension 'ignore_ament_install'
[0.289s] Level 1:colcon.colcon_core.package_identification:_identify(src/driver_msgs) by extensions ['colcon_pkg']
[0.289s] Level 1:colcon.colcon_core.package_identification:_identify(src/driver_msgs) by extension 'colcon_pkg'
[0.289s] Level 1:colcon.colcon_core.package_identification:_identify(src/driver_msgs) by extensions ['colcon_meta']
[0.289s] Level 1:colcon.colcon_core.package_identification:_identify(src/driver_msgs) by extension 'colcon_meta'
[0.289s] Level 1:colcon.colcon_core.package_identification:_identify(src/driver_msgs) by extensions ['ros']
[0.289s] Level 1:colcon.colcon_core.package_identification:_identify(src/driver_msgs) by extension 'ros'
[0.290s] DEBUG:colcon.colcon_core.package_identification:Package 'src/driver_msgs' with type 'ros.ament_cmake' and name 'driver_msgs'
[0.290s] Level 1:colcon.colcon_core.package_identification:_identify(src/process) by extensions ['ignore', 'ignore_ament_install']
[0.290s] Level 1:colcon.colcon_core.package_identification:_identify(src/process) by extension 'ignore'
[0.290s] Level 1:colcon.colcon_core.package_identification:_identify(src/process) by extension 'ignore_ament_install'
[0.290s] Level 1:colcon.colcon_core.package_identification:_identify(src/process) by extensions ['colcon_pkg']
[0.290s] Level 1:colcon.colcon_core.package_identification:_identify(src/process) by extension 'colcon_pkg'
[0.290s] Level 1:colcon.colcon_core.package_identification:_identify(src/process) by extensions ['colcon_meta']
[0.290s] Level 1:colcon.colcon_core.package_identification:_identify(src/process) by extension 'colcon_meta'
[0.290s] Level 1:colcon.colcon_core.package_identification:_identify(src/process) by extensions ['ros']
[0.290s] Level 1:colcon.colcon_core.package_identification:_identify(src/process) by extension 'ros'
[0.291s] DEBUG:colcon.colcon_core.package_identification:Package 'src/process' with type 'ros.ament_python' and name 'process'
[0.291s] Level 1:colcon.colcon_core.package_discovery:discover_packages(recursive) using defaults
[0.291s] Level 1:colcon.colcon_core.package_discovery:discover_packages(ignore) discover
[0.291s] Level 1:colcon.colcon_core.package_discovery:discover_packages(ignore) using defaults
[0.291s] Level 1:colcon.colcon_core.package_discovery:discover_packages(path) discover
[0.291s] Level 1:colcon.colcon_core.package_discovery:discover_packages(path) using defaults
[0.304s] INFO:colcon.colcon_core.package_selection:Skipping not selected package 'driver_msgs' in 'src/driver_msgs'
[0.304s] INFO:colcon.colcon_core.package_selection:Skipping not selected package 'process' in 'src/process'
[0.305s] Level 1:colcon.colcon_core.package_discovery:discover_packages(prefix_path) check parameters
[0.305s] Level 1:colcon.colcon_core.package_discovery:discover_packages(prefix_path) discover
[0.307s] DEBUG:colcon.colcon_installed_package_information.package_discovery:Found 270 installed packages in /opt/ros/humble
[0.308s] Level 1:colcon.colcon_core.package_discovery:discover_packages(prefix_path) using defaults
[0.337s] Level 5:colcon.colcon_core.verb:set package 'driver' build argument 'cmake_args' from command line to 'None'
[0.337s] Level 5:colcon.colcon_core.verb:set package 'driver' build argument 'cmake_target' from command line to 'None'
[0.338s] Level 5:colcon.colcon_core.verb:set package 'driver' build argument 'cmake_target_skip_unavailable' from command line to 'False'
[0.338s] Level 5:colcon.colcon_core.verb:set package 'driver' build argument 'cmake_clean_cache' from command line to 'False'
[0.338s] Level 5:colcon.colcon_core.verb:set package 'driver' build argument 'cmake_clean_first' from command line to 'False'
[0.338s] Level 5:colcon.colcon_core.verb:set package 'driver' build argument 'cmake_force_configure' from command line to 'False'
[0.338s] Level 5:colcon.colcon_core.verb:set package 'driver' build argument 'ament_cmake_args' from command line to 'None'
[0.338s] Level 5:colcon.colcon_core.verb:set package 'driver' build argument 'catkin_cmake_args' from command line to 'None'
[0.338s] Level 5:colcon.colcon_core.verb:set package 'driver' build argument 'catkin_skip_building_tests' from command line to 'False'
[0.338s] DEBUG:colcon.colcon_core.verb:Building package 'driver' with the following arguments: {'ament_cmake_args': None, 'build_base': '/home/hou/catkin_ws/build/driver', 'catkin_cmake_args': None, 'catkin_skip_building_tests': False, 'cmake_args': None, 'cmake_clean_cache': False, 'cmake_clean_first': False, 'cmake_force_configure': False, 'cmake_target': None, 'cmake_target_skip_unavailable': False, 'install_base': '/home/hou/catkin_ws/install/driver', 'merge_install': False, 'path': '/home/hou/catkin_ws/src/driver', 'symlink_install': False, 'test_result_base': None}
[0.338s] INFO:colcon.colcon_core.executor:Executing jobs using 'parallel' executor
[0.339s] DEBUG:colcon.colcon_parallel_executor.executor.parallel:run_until_complete
[0.339s] INFO:colcon.colcon_ros.task.ament_cmake.build:Building ROS package in '/home/hou/catkin_ws/src/driver' with build type 'ament_cmake'
[0.340s] INFO:colcon.colcon_cmake.task.cmake.build:Building CMake package in '/home/hou/catkin_ws/src/driver'
[0.342s] INFO:colcon.colcon_core.plugin_system:Skipping extension 'colcon_core.shell.bat': Not used on non-Windows systems
[0.342s] INFO:colcon.colcon_core.shell:Skip shell extension 'powershell' for command environment: Not usable outside of PowerShell
[0.342s] DEBUG:colcon.colcon_core.shell:Skip shell extension 'dsv' for command environment
[0.402s] DEBUG:colcon.colcon_core.event_handler.log_command:Invoking command in '/home/hou/catkin_ws/build/driver': AMENT_PREFIX_PATH=/home/hou/catkin_ws/install/driver_msgs:${AMENT_PREFIX_PATH} CMAKE_PREFIX_PATH=/home/hou/catkin_ws/install/driver_msgs:/opt/ros/humble LD_LIBRARY_PATH=/home/hou/catkin_ws/install/driver_msgs/lib:${LD_LIBRARY_PATH} PYTHONPATH=/home/hou/catkin_ws/install/driver_msgs/local/lib/python3.10/dist-packages:${PYTHONPATH} /usr/bin/cmake /home/hou/catkin_ws/src/driver -DCMAKE_INSTALL_PREFIX=/home/hou/catkin_ws/install/driver
[1.363s] DEBUG:colcon.colcon_core.event_handler.log_command:Invoked command in '/home/hou/catkin_ws/build/driver' returned '0': AMENT_PREFIX_PATH=/home/hou/catkin_ws/install/driver_msgs:${AMENT_PREFIX_PATH} CMAKE_PREFIX_PATH=/home/hou/catkin_ws/install/driver_msgs:/opt/ros/humble LD_LIBRARY_PATH=/home/hou/catkin_ws/install/driver_msgs/lib:${LD_LIBRARY_PATH} PYTHONPATH=/home/hou/catkin_ws/install/driver_msgs/local/lib/python3.10/dist-packages:${PYTHONPATH} /usr/bin/cmake /home/hou/catkin_ws/src/driver -DCMAKE_INSTALL_PREFIX=/home/hou/catkin_ws/install/driver
[1.370s] DEBUG:colcon.colcon_core.event_handler.log_command:Invoking command in '/home/hou/catkin_ws/build/driver': AMENT_PREFIX_PATH=/home/hou/catkin_ws/install/driver_msgs:${AMENT_PREFIX_PATH} CMAKE_PREFIX_PATH=/home/hou/catkin_ws/install/driver_msgs:/opt/ros/humble LD_LIBRARY_PATH=/home/hou/catkin_ws/install/driver_msgs/lib:${LD_LIBRARY_PATH} PYTHONPATH=/home/hou/catkin_ws/install/driver_msgs/local/lib/python3.10/dist-packages:${PYTHONPATH} /usr/bin/cmake --build /home/hou/catkin_ws/build/driver -- -j10 -l10
[7.694s] DEBUG:colcon.colcon_core.event_handler.log_command:Invoked command in '/home/hou/catkin_ws/build/driver' returned '0': AMENT_PREFIX_PATH=/home/hou/catkin_ws/install/driver_msgs:${AMENT_PREFIX_PATH} CMAKE_PREFIX_PATH=/home/hou/catkin_ws/install/driver_msgs:/opt/ros/humble LD_LIBRARY_PATH=/home/hou/catkin_ws/install/driver_msgs/lib:${LD_LIBRARY_PATH} PYTHONPATH=/home/hou/catkin_ws/install/driver_msgs/local/lib/python3.10/dist-packages:${PYTHONPATH} /usr/bin/cmake --build /home/hou/catkin_ws/build/driver -- -j10 -l10
[7.706s] DEBUG:colcon.colcon_core.event_handler.log_command:Invoking command in '/home/hou/catkin_ws/build/driver': AMENT_PREFIX_PATH=/home/hou/catkin_ws/install/driver_msgs:${AMENT_PREFIX_PATH} CMAKE_PREFIX_PATH=/home/hou/catkin_ws/install/driver_msgs:/opt/ros/humble LD_LIBRARY_PATH=/home/hou/catkin_ws/install/driver_msgs/lib:${LD_LIBRARY_PATH} PYTHONPATH=/home/hou/catkin_ws/install/driver_msgs/local/lib/python3.10/dist-packages:${PYTHONPATH} /usr/bin/cmake --install /home/hou/catkin_ws/build/driver
[7.723s] Level 1:colcon.colcon_core.environment:create_environment_scripts_only(driver)
[7.723s] DEBUG:colcon.colcon_core.event_handler.log_command:Invoked command in '/home/hou/catkin_ws/build/driver' returned '0': AMENT_PREFIX_PATH=/home/hou/catkin_ws/install/driver_msgs:${AMENT_PREFIX_PATH} CMAKE_PREFIX_PATH=/home/hou/catkin_ws/install/driver_msgs:/opt/ros/humble LD_LIBRARY_PATH=/home/hou/catkin_ws/install/driver_msgs/lib:${LD_LIBRARY_PATH} PYTHONPATH=/home/hou/catkin_ws/install/driver_msgs/local/lib/python3.10/dist-packages:${PYTHONPATH} /usr/bin/cmake --install /home/hou/catkin_ws/build/driver
[7.725s] Level 1:colcon.colcon_core.environment:checking '/home/hou/catkin_ws/install/driver' for CMake module files
[7.726s] Level 1:colcon.colcon_core.environment:checking '/home/hou/catkin_ws/install/driver' for CMake config files
[7.726s] Level 1:colcon.colcon_core.shell:create_environment_hook('driver', 'cmake_prefix_path')
[7.727s] INFO:colcon.colcon_core.shell:Creating environment hook '/home/hou/catkin_ws/install/driver/share/driver/hook/cmake_prefix_path.ps1'
[7.727s] INFO:colcon.colcon_core.shell:Creating environment descriptor '/home/hou/catkin_ws/install/driver/share/driver/hook/cmake_prefix_path.dsv'
[7.728s] INFO:colcon.colcon_core.shell:Creating environment hook '/home/hou/catkin_ws/install/driver/share/driver/hook/cmake_prefix_path.sh'
[7.729s] Level 1:colcon.colcon_core.environment:checking '/home/hou/catkin_ws/install/driver/lib'
[7.729s] Level 1:colcon.colcon_core.environment:checking '/home/hou/catkin_ws/install/driver/bin'
[7.729s] Level 1:colcon.colcon_core.environment:checking '/home/hou/catkin_ws/install/driver/lib/pkgconfig/driver.pc'
[7.729s] Level 1:colcon.colcon_core.environment:checking '/home/hou/catkin_ws/install/driver/lib/python3.10/site-packages'
[7.729s] Level 1:colcon.colcon_core.environment:checking '/home/hou/catkin_ws/install/driver/bin'
[7.730s] INFO:colcon.colcon_core.shell:Creating package script '/home/hou/catkin_ws/install/driver/share/driver/package.ps1'
[7.731s] INFO:colcon.colcon_core.shell:Creating package descriptor '/home/hou/catkin_ws/install/driver/share/driver/package.dsv'
[7.731s] INFO:colcon.colcon_core.shell:Creating package script '/home/hou/catkin_ws/install/driver/share/driver/package.sh'
[7.732s] INFO:colcon.colcon_core.shell:Creating package script '/home/hou/catkin_ws/install/driver/share/driver/package.bash'
[7.733s] INFO:colcon.colcon_core.shell:Creating package script '/home/hou/catkin_ws/install/driver/share/driver/package.zsh'
[7.734s] Level 1:colcon.colcon_core.environment:create_file_with_runtime_dependencies(/home/hou/catkin_ws/install/driver/share/colcon-core/packages/driver)
[7.736s] Level 1:colcon.colcon_core.environment:create_environment_scripts_only(driver)
[7.736s] Level 1:colcon.colcon_core.environment:checking '/home/hou/catkin_ws/install/driver' for CMake module files
[7.736s] Level 1:colcon.colcon_core.environment:checking '/home/hou/catkin_ws/install/driver' for CMake config files
[7.736s] Level 1:colcon.colcon_core.shell:create_environment_hook('driver', 'cmake_prefix_path')
[7.737s] INFO:colcon.colcon_core.shell:Creating environment hook '/home/hou/catkin_ws/install/driver/share/driver/hook/cmake_prefix_path.ps1'
[7.737s] INFO:colcon.colcon_core.shell:Creating environment descriptor '/home/hou/catkin_ws/install/driver/share/driver/hook/cmake_prefix_path.dsv'
[7.738s] INFO:colcon.colcon_core.shell:Creating environment hook '/home/hou/catkin_ws/install/driver/share/driver/hook/cmake_prefix_path.sh'
[7.739s] Level 1:colcon.colcon_core.environment:checking '/home/hou/catkin_ws/install/driver/lib'
[7.739s] Level 1:colcon.colcon_core.environment:checking '/home/hou/catkin_ws/install/driver/bin'
[7.739s] Level 1:colcon.colcon_core.environment:checking '/home/hou/catkin_ws/install/driver/lib/pkgconfig/driver.pc'
[7.739s] Level 1:colcon.colcon_core.environment:checking '/home/hou/catkin_ws/install/driver/lib/python3.10/site-packages'
[7.739s] Level 1:colcon.colcon_core.environment:checking '/home/hou/catkin_ws/install/driver/bin'
[7.740s] INFO:colcon.colcon_core.shell:Creating package script '/home/hou/catkin_ws/install/driver/share/driver/package.ps1'
[7.740s] INFO:colcon.colcon_core.shell:Creating package descriptor '/home/hou/catkin_ws/install/driver/share/driver/package.dsv'
[7.741s] INFO:colcon.colcon_core.shell:Creating package script '/home/hou/catkin_ws/install/driver/share/driver/package.sh'
[7.742s] INFO:colcon.colcon_core.shell:Creating package script '/home/hou/catkin_ws/install/driver/share/driver/package.bash'
[7.743s] INFO:colcon.colcon_core.shell:Creating package script '/home/hou/catkin_ws/install/driver/share/driver/package.zsh'
[7.744s] Level 1:colcon.colcon_core.environment:create_file_with_runtime_dependencies(/home/hou/catkin_ws/install/driver/share/colcon-core/packages/driver)
[7.745s] DEBUG:colcon.colcon_parallel_executor.executor.parallel:closing loop
[7.747s] DEBUG:colcon.colcon_parallel_executor.executor.parallel:loop closed
[7.747s] DEBUG:colcon.colcon_parallel_executor.executor.parallel:run_until_complete finished with '0'
[7.747s] DEBUG:colcon.colcon_core.event_reactor:joining thread
[7.754s] INFO:colcon.colcon_core.plugin_system:Skipping extension 'colcon_notification.desktop_notification.terminal_notifier': Not used on non-Darwin systems
[7.756s] INFO:colcon.colcon_core.plugin_system:Skipping extension 'colcon_notification.desktop_notification.win32': Not used on non-Windows systems
[7.756s] INFO:colcon.colcon_notification.desktop_notification:Sending desktop notification using 'notify2'
[7.821s] DEBUG:colcon.colcon_core.event_reactor:joined thread
[7.821s] INFO:colcon.colcon_core.shell:Creating prefix script '/home/hou/catkin_ws/install/local_setup.ps1'
[7.823s] INFO:colcon.colcon_core.shell:Creating prefix util module '/home/hou/catkin_ws/install/_local_setup_util_ps1.py'
[7.825s] INFO:colcon.colcon_core.shell:Creating prefix chain script '/home/hou/catkin_ws/install/setup.ps1'
[7.826s] INFO:colcon.colcon_core.shell:Creating prefix script '/home/hou/catkin_ws/install/local_setup.sh'
[7.827s] INFO:colcon.colcon_core.shell:Creating prefix util module '/home/hou/catkin_ws/install/_local_setup_util_sh.py'
[7.828s] INFO:colcon.colcon_core.shell:Creating prefix chain script '/home/hou/catkin_ws/install/setup.sh'
[7.829s] INFO:colcon.colcon_core.shell:Creating prefix script '/home/hou/catkin_ws/install/local_setup.bash'
[7.830s] INFO:colcon.colcon_core.shell:Creating prefix chain script '/home/hou/catkin_ws/install/setup.bash'
[7.831s] INFO:colcon.colcon_core.shell:Creating prefix script '/home/hou/catkin_ws/install/local_setup.zsh'
[7.831s] INFO:colcon.colcon_core.shell:Creating prefix chain script '/home/hou/catkin_ws/install/setup.zsh'
