[0.149s] Invoking command in '/home/hou/catkin_ws/build/driver_msgs': CMAKE_PREFIX_PATH=/opt/ros/humble /usr/bin/cmake /home/hou/catkin_ws/src/driver_msgs -DCMAKE_INSTALL_PREFIX=/home/hou/catkin_ws/install/driver_msgs
[0.585s] -- Found rosidl_default_generators: 1.2.0 (/opt/ros/humble/share/rosidl_default_generators/cmake)
[0.604s] -- Found ament_cmake_core: 1.3.11 (/opt/ros/humble/share/ament_cmake_core/cmake)
[1.279s] -- Using all available rosidl_typesupport_c: rosidl_typesupport_fastrtps_c;rosidl_typesupport_introspection_c
[1.291s] -- Found rosidl_adapter: 3.1.6 (/opt/ros/humble/share/rosidl_adapter/cmake)
[1.462s] -- Using all available rosidl_typesupport_cpp: rosidl_typesupport_fastrtps_cpp;rosidl_typesupport_introspection_cpp
[1.858s] -- Found geometry_msgs: 4.2.4 (/opt/ros/humble/share/geometry_msgs/cmake)
[2.346s] -- Found ament_cmake_ros: 0.10.0 (/opt/ros/humble/share/ament_cmake_ros/cmake)
[2.625s] -- Using all available rosidl_typesupport_c: rosidl_typesupport_fastrtps_c;rosidl_typesupport_introspection_c
[3.065s] -- Using all available rosidl_typesupport_cpp: rosidl_typesupport_fastrtps_cpp;rosidl_typesupport_introspection_cpp
[3.088s] -- Found python_cmake_module: 0.10.0 (/opt/ros/humble/share/python_cmake_module/cmake)
[3.124s] -- Using PYTHON_EXECUTABLE: /usr/bin/python3
[3.124s] -- Using PYTHON_INCLUDE_DIRS: /usr/include/python3.10
[3.124s] -- Using PYTHON_LIBRARIES: /usr/lib/x86_64-linux-gnu/libpython3.10.so
[3.159s] -- Found ament_lint_auto: 0.12.11 (/opt/ros/humble/share/ament_lint_auto/cmake)
[3.283s] -- Added test 'lint_cmake' to check CMake code style
[3.286s] -- Added test 'xmllint' to check XML markup files
[3.290s] -- Configuring done
[3.361s] -- Generating done
[3.369s] -- Build files have been written to: /home/hou/catkin_ws/build/driver_msgs
[3.378s] Invoked command in '/home/hou/catkin_ws/build/driver_msgs' returned '0': CMAKE_PREFIX_PATH=/opt/ros/humble /usr/bin/cmake /home/hou/catkin_ws/src/driver_msgs -DCMAKE_INSTALL_PREFIX=/home/hou/catkin_ws/install/driver_msgs
[3.379s] Invoking command in '/home/hou/catkin_ws/build/driver_msgs': CMAKE_PREFIX_PATH=/opt/ros/humble /usr/bin/cmake --build /home/hou/catkin_ws/build/driver_msgs -- -j10 -l10
[3.435s] [  3%] [34m[1mGenerating C code for ROS interfaces[0m
[3.451s] [  6%] [34m[1mGenerating C++ code for ROS interfaces[0m
[3.485s] [  6%] Built target ament_cmake_python_copy_driver_msgs
[4.224s] running egg_info
[4.224s] creating driver_msgs.egg-info
[4.224s] writing driver_msgs.egg-info/PKG-INFO
[4.228s] writing dependency_links to driver_msgs.egg-info/dependency_links.txt
[4.228s] writing top-level names to driver_msgs.egg-info/top_level.txt
[4.228s] writing manifest file 'driver_msgs.egg-info/SOURCES.txt'
[4.260s] reading manifest file 'driver_msgs.egg-info/SOURCES.txt'
[4.260s] writing manifest file 'driver_msgs.egg-info/SOURCES.txt'
[4.408s] [  6%] Built target ament_cmake_python_build_driver_msgs_egg
[4.489s] [  6%] Built target driver_msgs__cpp
[4.570s] [  9%] [34m[1mGenerating C++ type support dispatch for ROS interfaces[0m
[4.596s] [ 12%] [34m[1mGenerating C++ type support for eProsima Fast-RTPS[0m
[4.603s] [ 16%] [34m[1mGenerating C++ introspection for ROS interfaces[0m
[4.645s] [ 19%] [32mBuilding C object CMakeFiles/driver_msgs__rosidl_generator_c.dir/rosidl_generator_c/driver_msgs/msg/detail/target__functions.c.o[0m
[5.632s] [ 22%] [32mBuilding CXX object CMakeFiles/driver_msgs__rosidl_typesupport_cpp.dir/rosidl_typesupport_cpp/driver_msgs/msg/target__type_support.cpp.o[0m
[5.636s] [ 25%] [32mBuilding CXX object CMakeFiles/driver_msgs__rosidl_typesupport_fastrtps_cpp.dir/rosidl_typesupport_fastrtps_cpp/driver_msgs/msg/detail/dds_fastrtps/target__type_support.cpp.o[0m
[5.777s] [ 29%] [32mBuilding CXX object CMakeFiles/driver_msgs__rosidl_typesupport_introspection_cpp.dir/rosidl_typesupport_introspection_cpp/driver_msgs/msg/detail/target__type_support.cpp.o[0m
[6.744s] [ 32%] [32m[1mLinking C shared library libdriver_msgs__rosidl_generator_c.so[0m
[7.317s] [ 32%] Built target driver_msgs__rosidl_generator_c
[7.433s] [ 35%] [34m[1mGenerating C introspection for ROS interfaces[0m
[7.453s] [ 38%] [34m[1mGenerating C type support for eProsima Fast-RTPS[0m
[7.467s] [ 41%] [34m[1mGenerating C type support dispatch for ROS interfaces[0m
[8.473s] [ 45%] [32mBuilding CXX object CMakeFiles/driver_msgs__rosidl_typesupport_c.dir/rosidl_typesupport_c/driver_msgs/msg/target__type_support.cpp.o[0m
[8.590s] [ 48%] [32mBuilding C object CMakeFiles/driver_msgs__rosidl_typesupport_introspection_c.dir/rosidl_typesupport_introspection_c/driver_msgs/msg/detail/target__type_support.c.o[0m
[8.607s] [ 51%] [32mBuilding CXX object CMakeFiles/driver_msgs__rosidl_typesupport_fastrtps_c.dir/rosidl_typesupport_fastrtps_c/driver_msgs/msg/detail/target__type_support_c.cpp.o[0m
[9.015s] [ 54%] [32m[1mLinking CXX shared library libdriver_msgs__rosidl_typesupport_c.so[0m
[9.037s] [ 58%] [32m[1mLinking C shared library libdriver_msgs__rosidl_typesupport_introspection_c.so[0m
[9.274s] [ 61%] [32m[1mLinking CXX shared library libdriver_msgs__rosidl_typesupport_cpp.so[0m
[9.521s] [ 61%] Built target driver_msgs__rosidl_typesupport_introspection_c
[9.594s] [ 61%] Built target driver_msgs__rosidl_typesupport_c
[9.762s] [ 61%] Built target driver_msgs__rosidl_typesupport_cpp
[9.772s] [ 64%] [32m[1mLinking CXX shared library libdriver_msgs__rosidl_typesupport_fastrtps_cpp.so[0m
[9.852s] [ 67%] [32m[1mLinking CXX shared library libdriver_msgs__rosidl_typesupport_introspection_cpp.so[0m
[10.413s] [ 67%] Built target driver_msgs__rosidl_typesupport_introspection_cpp
[10.458s] [ 67%] Built target driver_msgs__rosidl_typesupport_fastrtps_cpp
[10.585s] [ 70%] [32m[1mLinking CXX shared library libdriver_msgs__rosidl_typesupport_fastrtps_c.so[0m
[10.673s] [ 70%] Built target driver_msgs__rosidl_typesupport_fastrtps_c
[10.703s] [ 70%] Built target driver_msgs
[10.729s] [ 74%] [34m[1mGenerating Python code for ROS interfaces[0m
[11.089s] [ 74%] Built target driver_msgs__py
[11.116s] [ 77%] [32mBuilding C object CMakeFiles/driver_msgs__rosidl_generator_py.dir/rosidl_generator_py/driver_msgs/msg/_target_s.c.o[0m
[11.618s] [ 80%] [32m[1mLinking C shared library rosidl_generator_py/driver_msgs/libdriver_msgs__rosidl_generator_py.so[0m
[12.008s] [ 80%] Built target driver_msgs__rosidl_generator_py
[12.198s] [ 83%] [32mBuilding C object CMakeFiles/driver_msgs__rosidl_typesupport_introspection_c__pyext.dir/rosidl_generator_py/driver_msgs/_driver_msgs_s.ep.rosidl_typesupport_introspection_c.c.o[0m
[12.198s] [ 87%] [32mBuilding C object CMakeFiles/driver_msgs__rosidl_typesupport_fastrtps_c__pyext.dir/rosidl_generator_py/driver_msgs/_driver_msgs_s.ep.rosidl_typesupport_fastrtps_c.c.o[0m
[12.238s] [ 90%] [32mBuilding C object CMakeFiles/driver_msgs__rosidl_typesupport_c__pyext.dir/rosidl_generator_py/driver_msgs/_driver_msgs_s.ep.rosidl_typesupport_c.c.o[0m
[12.668s] [ 93%] [32m[1mLinking C shared library rosidl_generator_py/driver_msgs/driver_msgs_s__rosidl_typesupport_fastrtps_c.cpython-310-x86_64-linux-gnu.so[0m
[12.691s] [ 96%] [32m[1mLinking C shared library rosidl_generator_py/driver_msgs/driver_msgs_s__rosidl_typesupport_introspection_c.cpython-310-x86_64-linux-gnu.so[0m
[12.724s] [100%] [32m[1mLinking C shared library rosidl_generator_py/driver_msgs/driver_msgs_s__rosidl_typesupport_c.cpython-310-x86_64-linux-gnu.so[0m
[12.931s] [100%] Built target driver_msgs__rosidl_typesupport_fastrtps_c__pyext
[12.937s] [100%] Built target driver_msgs__rosidl_typesupport_introspection_c__pyext
[13.043s] [100%] Built target driver_msgs__rosidl_typesupport_c__pyext
[13.160s] Invoked command in '/home/hou/catkin_ws/build/driver_msgs' returned '0': CMAKE_PREFIX_PATH=/opt/ros/humble /usr/bin/cmake --build /home/hou/catkin_ws/build/driver_msgs -- -j10 -l10
[13.209s] Invoking command in '/home/hou/catkin_ws/build/driver_msgs': CMAKE_PREFIX_PATH=/opt/ros/humble /usr/bin/cmake --install /home/hou/catkin_ws/build/driver_msgs
[13.236s] -- Install configuration: ""
[13.239s] -- Installing: /home/hou/catkin_ws/install/driver_msgs/share/ament_index/resource_index/rosidl_interfaces/driver_msgs
[13.239s] -- Installing: /home/hou/catkin_ws/install/driver_msgs/include/driver_msgs/driver_msgs
[13.239s] -- Installing: /home/hou/catkin_ws/install/driver_msgs/include/driver_msgs/driver_msgs/msg
[13.239s] -- Installing: /home/hou/catkin_ws/install/driver_msgs/include/driver_msgs/driver_msgs/msg/rosidl_generator_c__visibility_control.h
[13.239s] -- Installing: /home/hou/catkin_ws/install/driver_msgs/include/driver_msgs/driver_msgs/msg/detail
[13.239s] -- Installing: /home/hou/catkin_ws/install/driver_msgs/include/driver_msgs/driver_msgs/msg/detail/target__struct.h
[13.239s] -- Installing: /home/hou/catkin_ws/install/driver_msgs/include/driver_msgs/driver_msgs/msg/detail/target__type_support.h
[13.239s] -- Installing: /home/hou/catkin_ws/install/driver_msgs/include/driver_msgs/driver_msgs/msg/detail/target__functions.h
[13.239s] -- Installing: /home/hou/catkin_ws/install/driver_msgs/include/driver_msgs/driver_msgs/msg/detail/target__functions.c
[13.239s] -- Installing: /home/hou/catkin_ws/install/driver_msgs/include/driver_msgs/driver_msgs/msg/target.h
[13.240s] -- Installing: /home/hou/catkin_ws/install/driver_msgs/share/driver_msgs/environment/library_path.sh
[13.240s] -- Installing: /home/hou/catkin_ws/install/driver_msgs/share/driver_msgs/environment/library_path.dsv
[13.240s] -- Installing: /home/hou/catkin_ws/install/driver_msgs/lib/libdriver_msgs__rosidl_generator_c.so
[13.259s] -- Set runtime path of "/home/hou/catkin_ws/install/driver_msgs/lib/libdriver_msgs__rosidl_generator_c.so" to ""
[13.264s] -- Up-to-date: /home/hou/catkin_ws/install/driver_msgs/include/driver_msgs/driver_msgs
[13.264s] -- Up-to-date: /home/hou/catkin_ws/install/driver_msgs/include/driver_msgs/driver_msgs/msg
[13.264s] -- Up-to-date: /home/hou/catkin_ws/install/driver_msgs/include/driver_msgs/driver_msgs/msg/detail
[13.264s] -- Installing: /home/hou/catkin_ws/install/driver_msgs/include/driver_msgs/driver_msgs/msg/detail/target__rosidl_typesupport_fastrtps_c.h
[13.264s] -- Installing: /home/hou/catkin_ws/install/driver_msgs/include/driver_msgs/driver_msgs/msg/rosidl_typesupport_fastrtps_c__visibility_control.h
[13.264s] -- Installing: /home/hou/catkin_ws/install/driver_msgs/lib/libdriver_msgs__rosidl_typesupport_fastrtps_c.so
[13.271s] -- Set runtime path of "/home/hou/catkin_ws/install/driver_msgs/lib/libdriver_msgs__rosidl_typesupport_fastrtps_c.so" to ""
[13.271s] -- Up-to-date: /home/hou/catkin_ws/install/driver_msgs/include/driver_msgs/driver_msgs
[13.271s] -- Up-to-date: /home/hou/catkin_ws/install/driver_msgs/include/driver_msgs/driver_msgs/msg
[13.271s] -- Up-to-date: /home/hou/catkin_ws/install/driver_msgs/include/driver_msgs/driver_msgs/msg/detail
[13.271s] -- Installing: /home/hou/catkin_ws/install/driver_msgs/include/driver_msgs/driver_msgs/msg/detail/target__rosidl_typesupport_introspection_c.h
[13.271s] -- Installing: /home/hou/catkin_ws/install/driver_msgs/include/driver_msgs/driver_msgs/msg/detail/target__type_support.c
[13.271s] -- Installing: /home/hou/catkin_ws/install/driver_msgs/include/driver_msgs/driver_msgs/msg/rosidl_typesupport_introspection_c__visibility_control.h
[13.271s] -- Installing: /home/hou/catkin_ws/install/driver_msgs/lib/libdriver_msgs__rosidl_typesupport_introspection_c.so
[13.271s] -- Set runtime path of "/home/hou/catkin_ws/install/driver_msgs/lib/libdriver_msgs__rosidl_typesupport_introspection_c.so" to ""
[13.271s] -- Installing: /home/hou/catkin_ws/install/driver_msgs/lib/libdriver_msgs__rosidl_typesupport_c.so
[13.271s] -- Set runtime path of "/home/hou/catkin_ws/install/driver_msgs/lib/libdriver_msgs__rosidl_typesupport_c.so" to ""
[13.271s] -- Up-to-date: /home/hou/catkin_ws/install/driver_msgs/include/driver_msgs/driver_msgs
[13.278s] -- Up-to-date: /home/hou/catkin_ws/install/driver_msgs/include/driver_msgs/driver_msgs/msg
[13.278s] -- Up-to-date: /home/hou/catkin_ws/install/driver_msgs/include/driver_msgs/driver_msgs/msg/detail
[13.278s] -- Installing: /home/hou/catkin_ws/install/driver_msgs/include/driver_msgs/driver_msgs/msg/detail/target__builder.hpp
[13.297s] -- Installing: /home/hou/catkin_ws/install/driver_msgs/include/driver_msgs/driver_msgs/msg/detail/target__type_support.hpp
[13.297s] -- Installing: /home/hou/catkin_ws/install/driver_msgs/include/driver_msgs/driver_msgs/msg/detail/target__traits.hpp
[13.297s] -- Installing: /home/hou/catkin_ws/install/driver_msgs/include/driver_msgs/driver_msgs/msg/detail/target__struct.hpp
[13.297s] -- Installing: /home/hou/catkin_ws/install/driver_msgs/include/driver_msgs/driver_msgs/msg/target.hpp
[13.297s] -- Installing: /home/hou/catkin_ws/install/driver_msgs/include/driver_msgs/driver_msgs/msg/rosidl_generator_cpp__visibility_control.hpp
[13.297s] -- Up-to-date: /home/hou/catkin_ws/install/driver_msgs/include/driver_msgs/driver_msgs
[13.297s] -- Up-to-date: /home/hou/catkin_ws/install/driver_msgs/include/driver_msgs/driver_msgs/msg
[13.297s] -- Up-to-date: /home/hou/catkin_ws/install/driver_msgs/include/driver_msgs/driver_msgs/msg/detail
[13.297s] -- Installing: /home/hou/catkin_ws/install/driver_msgs/include/driver_msgs/driver_msgs/msg/detail/target__rosidl_typesupport_fastrtps_cpp.hpp
[13.299s] -- Installing: /home/hou/catkin_ws/install/driver_msgs/include/driver_msgs/driver_msgs/msg/detail/dds_fastrtps
[13.300s] -- Installing: /home/hou/catkin_ws/install/driver_msgs/include/driver_msgs/driver_msgs/msg/rosidl_typesupport_fastrtps_cpp__visibility_control.h
[13.300s] -- Installing: /home/hou/catkin_ws/install/driver_msgs/lib/libdriver_msgs__rosidl_typesupport_fastrtps_cpp.so
[13.300s] -- Set runtime path of "/home/hou/catkin_ws/install/driver_msgs/lib/libdriver_msgs__rosidl_typesupport_fastrtps_cpp.so" to ""
[13.300s] -- Up-to-date: /home/hou/catkin_ws/install/driver_msgs/include/driver_msgs/driver_msgs
[13.300s] -- Up-to-date: /home/hou/catkin_ws/install/driver_msgs/include/driver_msgs/driver_msgs/msg
[13.300s] -- Up-to-date: /home/hou/catkin_ws/install/driver_msgs/include/driver_msgs/driver_msgs/msg/detail
[13.300s] -- Installing: /home/hou/catkin_ws/install/driver_msgs/include/driver_msgs/driver_msgs/msg/detail/target__type_support.cpp
[13.300s] -- Installing: /home/hou/catkin_ws/install/driver_msgs/include/driver_msgs/driver_msgs/msg/detail/target__rosidl_typesupport_introspection_cpp.hpp
[13.300s] -- Installing: /home/hou/catkin_ws/install/driver_msgs/lib/libdriver_msgs__rosidl_typesupport_introspection_cpp.so
[13.300s] -- Set runtime path of "/home/hou/catkin_ws/install/driver_msgs/lib/libdriver_msgs__rosidl_typesupport_introspection_cpp.so" to ""
[13.300s] -- Installing: /home/hou/catkin_ws/install/driver_msgs/lib/libdriver_msgs__rosidl_typesupport_cpp.so
[13.317s] -- Set runtime path of "/home/hou/catkin_ws/install/driver_msgs/lib/libdriver_msgs__rosidl_typesupport_cpp.so" to ""
[13.317s] -- Installing: /home/hou/catkin_ws/install/driver_msgs/share/driver_msgs/environment/pythonpath.sh
[13.324s] -- Installing: /home/hou/catkin_ws/install/driver_msgs/share/driver_msgs/environment/pythonpath.dsv
[13.324s] -- Installing: /home/hou/catkin_ws/install/driver_msgs/local/lib/python3.10/dist-packages/driver_msgs-0.0.0-py3.10.egg-info
[13.324s] -- Installing: /home/hou/catkin_ws/install/driver_msgs/local/lib/python3.10/dist-packages/driver_msgs-0.0.0-py3.10.egg-info/SOURCES.txt
[13.324s] -- Installing: /home/hou/catkin_ws/install/driver_msgs/local/lib/python3.10/dist-packages/driver_msgs-0.0.0-py3.10.egg-info/dependency_links.txt
[13.324s] -- Installing: /home/hou/catkin_ws/install/driver_msgs/local/lib/python3.10/dist-packages/driver_msgs-0.0.0-py3.10.egg-info/PKG-INFO
[13.324s] -- Installing: /home/hou/catkin_ws/install/driver_msgs/local/lib/python3.10/dist-packages/driver_msgs-0.0.0-py3.10.egg-info/top_level.txt
[13.324s] -- Installing: /home/hou/catkin_ws/install/driver_msgs/local/lib/python3.10/dist-packages/driver_msgs
[13.324s] -- Installing: /home/hou/catkin_ws/install/driver_msgs/local/lib/python3.10/dist-packages/driver_msgs/__init__.py
[13.324s] -- Installing: /home/hou/catkin_ws/install/driver_msgs/local/lib/python3.10/dist-packages/driver_msgs/_driver_msgs_s.ep.rosidl_typesupport_fastrtps_c.c
[13.325s] -- Installing: /home/hou/catkin_ws/install/driver_msgs/local/lib/python3.10/dist-packages/driver_msgs/driver_msgs_s__rosidl_typesupport_c.cpython-310-x86_64-linux-gnu.so
[13.325s] -- Installing: /home/hou/catkin_ws/install/driver_msgs/local/lib/python3.10/dist-packages/driver_msgs/driver_msgs_s__rosidl_typesupport_introspection_c.cpython-310-x86_64-linux-gnu.so
[13.325s] -- Installing: /home/hou/catkin_ws/install/driver_msgs/local/lib/python3.10/dist-packages/driver_msgs/driver_msgs_s__rosidl_typesupport_fastrtps_c.cpython-310-x86_64-linux-gnu.so
[13.325s] -- Installing: /home/hou/catkin_ws/install/driver_msgs/local/lib/python3.10/dist-packages/driver_msgs/_driver_msgs_s.ep.rosidl_typesupport_introspection_c.c
[13.325s] -- Installing: /home/hou/catkin_ws/install/driver_msgs/local/lib/python3.10/dist-packages/driver_msgs/msg
[13.325s] -- Installing: /home/hou/catkin_ws/install/driver_msgs/local/lib/python3.10/dist-packages/driver_msgs/msg/__init__.py
[13.325s] -- Installing: /home/hou/catkin_ws/install/driver_msgs/local/lib/python3.10/dist-packages/driver_msgs/msg/_target.py
[13.325s] -- Installing: /home/hou/catkin_ws/install/driver_msgs/local/lib/python3.10/dist-packages/driver_msgs/msg/_target_s.c
[13.325s] -- Installing: /home/hou/catkin_ws/install/driver_msgs/local/lib/python3.10/dist-packages/driver_msgs/_driver_msgs_s.ep.rosidl_typesupport_c.c
[13.325s] -- Installing: /home/hou/catkin_ws/install/driver_msgs/local/lib/python3.10/dist-packages/driver_msgs/libdriver_msgs__rosidl_generator_py.so
[13.503s] Listing '/home/hou/catkin_ws/install/driver_msgs/local/lib/python3.10/dist-packages/driver_msgs'...
[13.503s] Compiling '/home/hou/catkin_ws/install/driver_msgs/local/lib/python3.10/dist-packages/driver_msgs/__init__.py'...
[13.503s] Listing '/home/hou/catkin_ws/install/driver_msgs/local/lib/python3.10/dist-packages/driver_msgs/msg'...
[13.503s] Compiling '/home/hou/catkin_ws/install/driver_msgs/local/lib/python3.10/dist-packages/driver_msgs/msg/__init__.py'...
[13.503s] Compiling '/home/hou/catkin_ws/install/driver_msgs/local/lib/python3.10/dist-packages/driver_msgs/msg/_target.py'...
[13.533s] -- Installing: /home/hou/catkin_ws/install/driver_msgs/local/lib/python3.10/dist-packages/driver_msgs/driver_msgs_s__rosidl_typesupport_fastrtps_c.cpython-310-x86_64-linux-gnu.so
[13.542s] -- Set runtime path of "/home/hou/catkin_ws/install/driver_msgs/local/lib/python3.10/dist-packages/driver_msgs/driver_msgs_s__rosidl_typesupport_fastrtps_c.cpython-310-x86_64-linux-gnu.so" to ""
[13.542s] -- Installing: /home/hou/catkin_ws/install/driver_msgs/local/lib/python3.10/dist-packages/driver_msgs/driver_msgs_s__rosidl_typesupport_introspection_c.cpython-310-x86_64-linux-gnu.so
[13.542s] -- Set runtime path of "/home/hou/catkin_ws/install/driver_msgs/local/lib/python3.10/dist-packages/driver_msgs/driver_msgs_s__rosidl_typesupport_introspection_c.cpython-310-x86_64-linux-gnu.so" to ""
[13.542s] -- Installing: /home/hou/catkin_ws/install/driver_msgs/local/lib/python3.10/dist-packages/driver_msgs/driver_msgs_s__rosidl_typesupport_c.cpython-310-x86_64-linux-gnu.so
[13.542s] -- Set runtime path of "/home/hou/catkin_ws/install/driver_msgs/local/lib/python3.10/dist-packages/driver_msgs/driver_msgs_s__rosidl_typesupport_c.cpython-310-x86_64-linux-gnu.so" to ""
[13.542s] -- Installing: /home/hou/catkin_ws/install/driver_msgs/lib/libdriver_msgs__rosidl_generator_py.so
[13.542s] -- Set runtime path of "/home/hou/catkin_ws/install/driver_msgs/lib/libdriver_msgs__rosidl_generator_py.so" to ""
[13.545s] -- Installing: /home/hou/catkin_ws/install/driver_msgs/share/driver_msgs/msg/Target.idl
[13.545s] -- Installing: /home/hou/catkin_ws/install/driver_msgs/share/driver_msgs/msg/Target.msg
[13.545s] -- Installing: /home/hou/catkin_ws/install/driver_msgs/share/ament_index/resource_index/package_run_dependencies/driver_msgs
[13.545s] -- Installing: /home/hou/catkin_ws/install/driver_msgs/share/ament_index/resource_index/parent_prefix_path/driver_msgs
[13.545s] -- Installing: /home/hou/catkin_ws/install/driver_msgs/share/driver_msgs/environment/ament_prefix_path.sh
[13.545s] -- Installing: /home/hou/catkin_ws/install/driver_msgs/share/driver_msgs/environment/ament_prefix_path.dsv
[13.545s] -- Installing: /home/hou/catkin_ws/install/driver_msgs/share/driver_msgs/environment/path.sh
[13.546s] -- Installing: /home/hou/catkin_ws/install/driver_msgs/share/driver_msgs/environment/path.dsv
[13.547s] -- Installing: /home/hou/catkin_ws/install/driver_msgs/share/driver_msgs/local_setup.bash
[13.547s] -- Installing: /home/hou/catkin_ws/install/driver_msgs/share/driver_msgs/local_setup.sh
[13.558s] -- Installing: /home/hou/catkin_ws/install/driver_msgs/share/driver_msgs/local_setup.zsh
[13.567s] -- Installing: /home/hou/catkin_ws/install/driver_msgs/share/driver_msgs/local_setup.dsv
[13.567s] -- Installing: /home/hou/catkin_ws/install/driver_msgs/share/driver_msgs/package.dsv
[13.567s] -- Installing: /home/hou/catkin_ws/install/driver_msgs/share/ament_index/resource_index/packages/driver_msgs
[13.567s] -- Installing: /home/hou/catkin_ws/install/driver_msgs/share/driver_msgs/cmake/export_driver_msgs__rosidl_generator_cExport.cmake
[13.567s] -- Installing: /home/hou/catkin_ws/install/driver_msgs/share/driver_msgs/cmake/export_driver_msgs__rosidl_generator_cExport-noconfig.cmake
[13.567s] -- Installing: /home/hou/catkin_ws/install/driver_msgs/share/driver_msgs/cmake/export_driver_msgs__rosidl_typesupport_fastrtps_cExport.cmake
[13.567s] -- Installing: /home/hou/catkin_ws/install/driver_msgs/share/driver_msgs/cmake/export_driver_msgs__rosidl_typesupport_fastrtps_cExport-noconfig.cmake
[13.567s] -- Installing: /home/hou/catkin_ws/install/driver_msgs/share/driver_msgs/cmake/driver_msgs__rosidl_typesupport_introspection_cExport.cmake
[13.575s] -- Installing: /home/hou/catkin_ws/install/driver_msgs/share/driver_msgs/cmake/driver_msgs__rosidl_typesupport_introspection_cExport-noconfig.cmake
[13.575s] -- Installing: /home/hou/catkin_ws/install/driver_msgs/share/driver_msgs/cmake/driver_msgs__rosidl_typesupport_cExport.cmake
[13.575s] -- Installing: /home/hou/catkin_ws/install/driver_msgs/share/driver_msgs/cmake/driver_msgs__rosidl_typesupport_cExport-noconfig.cmake
[13.578s] -- Installing: /home/hou/catkin_ws/install/driver_msgs/share/driver_msgs/cmake/export_driver_msgs__rosidl_generator_cppExport.cmake
[13.578s] -- Installing: /home/hou/catkin_ws/install/driver_msgs/share/driver_msgs/cmake/export_driver_msgs__rosidl_typesupport_fastrtps_cppExport.cmake
[13.578s] -- Installing: /home/hou/catkin_ws/install/driver_msgs/share/driver_msgs/cmake/export_driver_msgs__rosidl_typesupport_fastrtps_cppExport-noconfig.cmake
[13.578s] -- Installing: /home/hou/catkin_ws/install/driver_msgs/share/driver_msgs/cmake/driver_msgs__rosidl_typesupport_introspection_cppExport.cmake
[13.578s] -- Installing: /home/hou/catkin_ws/install/driver_msgs/share/driver_msgs/cmake/driver_msgs__rosidl_typesupport_introspection_cppExport-noconfig.cmake
[13.578s] -- Installing: /home/hou/catkin_ws/install/driver_msgs/share/driver_msgs/cmake/driver_msgs__rosidl_typesupport_cppExport.cmake
[13.578s] -- Installing: /home/hou/catkin_ws/install/driver_msgs/share/driver_msgs/cmake/driver_msgs__rosidl_typesupport_cppExport-noconfig.cmake
[13.578s] -- Installing: /home/hou/catkin_ws/install/driver_msgs/share/driver_msgs/cmake/export_driver_msgs__rosidl_generator_pyExport.cmake
[13.578s] -- Installing: /home/hou/catkin_ws/install/driver_msgs/share/driver_msgs/cmake/export_driver_msgs__rosidl_generator_pyExport-noconfig.cmake
[13.578s] -- Installing: /home/hou/catkin_ws/install/driver_msgs/share/driver_msgs/cmake/rosidl_cmake-extras.cmake
[13.578s] -- Installing: /home/hou/catkin_ws/install/driver_msgs/share/driver_msgs/cmake/ament_cmake_export_dependencies-extras.cmake
[13.578s] -- Installing: /home/hou/catkin_ws/install/driver_msgs/share/driver_msgs/cmake/ament_cmake_export_include_directories-extras.cmake
[13.578s] -- Installing: /home/hou/catkin_ws/install/driver_msgs/share/driver_msgs/cmake/ament_cmake_export_libraries-extras.cmake
[13.578s] -- Installing: /home/hou/catkin_ws/install/driver_msgs/share/driver_msgs/cmake/ament_cmake_export_targets-extras.cmake
[13.578s] -- Installing: /home/hou/catkin_ws/install/driver_msgs/share/driver_msgs/cmake/rosidl_cmake_export_typesupport_targets-extras.cmake
[13.578s] -- Installing: /home/hou/catkin_ws/install/driver_msgs/share/driver_msgs/cmake/rosidl_cmake_export_typesupport_libraries-extras.cmake
[13.578s] -- Installing: /home/hou/catkin_ws/install/driver_msgs/share/driver_msgs/cmake/driver_msgsConfig.cmake
[13.578s] -- Installing: /home/hou/catkin_ws/install/driver_msgs/share/driver_msgs/cmake/driver_msgsConfig-version.cmake
[13.578s] -- Installing: /home/hou/catkin_ws/install/driver_msgs/share/driver_msgs/package.xml
[13.599s] Invoked command in '/home/hou/catkin_ws/build/driver_msgs' returned '0': CMAKE_PREFIX_PATH=/opt/ros/humble /usr/bin/cmake --install /home/hou/catkin_ws/build/driver_msgs
