[0.012s] Invoking command in '/home/hou/catkin_ws/build/driver_msgs': CMAKE_PREFIX_PATH=${CMAKE_PREFIX_PATH}:/home/hou/catkin_ws/install/process:/opt/ros/humble /usr/bin/cmake --build /home/hou/catkin_ws/build/driver_msgs -- -j10 -l10
[0.077s] [  4%] Built target driver_msgs__cpp
[0.082s] [ 18%] Built target driver_msgs__rosidl_generator_c
[0.109s] [ 31%] Built target driver_msgs__rosidl_typesupport_introspection_cpp
[0.116s] [ 45%] Built target driver_msgs__rosidl_typesupport_cpp
[0.117s] [ 59%] Built target driver_msgs__rosidl_typesupport_fastrtps_cpp
[0.118s] [ 81%] Built target driver_msgs__rosidl_typesupport_fastrtps_c
[0.119s] [ 86%] Built target driver_msgs__rosidl_typesupport_introspection_c
[0.119s] [100%] Built target driver_msgs__rosidl_typesupport_c
[0.206s] [100%] Built target driver_msgs
[0.222s] Invoked command in '/home/hou/catkin_ws/build/driver_msgs' returned '0': CMAKE_PREFIX_PATH=${CMAKE_PREFIX_PATH}:/home/hou/catkin_ws/install/process:/opt/ros/humble /usr/bin/cmake --build /home/hou/catkin_ws/build/driver_msgs -- -j10 -l10
[0.231s] Invoking command in '/home/hou/catkin_ws/build/driver_msgs': CMAKE_PREFIX_PATH=${CMAKE_PREFIX_PATH}:/home/hou/catkin_ws/install/process:/opt/ros/humble /usr/bin/cmake --install /home/hou/catkin_ws/build/driver_msgs
[0.239s] -- Install configuration: ""
[0.239s] -- Up-to-date: /home/hou/catkin_ws/install/driver_msgs/share/ament_index/resource_index/rosidl_interfaces/driver_msgs
[0.239s] -- Up-to-date: /home/hou/catkin_ws/install/driver_msgs/include/driver_msgs/driver_msgs
[0.239s] -- Up-to-date: /home/hou/catkin_ws/install/driver_msgs/include/driver_msgs/driver_msgs/msg
[0.240s] -- Up-to-date: /home/hou/catkin_ws/install/driver_msgs/include/driver_msgs/driver_msgs/msg/rosidl_generator_c__visibility_control.h
[0.246s] -- Up-to-date: /home/hou/catkin_ws/install/driver_msgs/include/driver_msgs/driver_msgs/msg/detail
[0.246s] -- Up-to-date: /home/hou/catkin_ws/install/driver_msgs/include/driver_msgs/driver_msgs/msg/detail/target__struct.h
[0.246s] -- Up-to-date: /home/hou/catkin_ws/install/driver_msgs/include/driver_msgs/driver_msgs/msg/detail/target__type_support.h
[0.246s] -- Up-to-date: /home/hou/catkin_ws/install/driver_msgs/include/driver_msgs/driver_msgs/msg/detail/target__functions.h
[0.246s] -- Up-to-date: /home/hou/catkin_ws/install/driver_msgs/include/driver_msgs/driver_msgs/msg/detail/target__functions.c
[0.246s] -- Up-to-date: /home/hou/catkin_ws/install/driver_msgs/include/driver_msgs/driver_msgs/msg/target.h
[0.246s] -- Up-to-date: /home/hou/catkin_ws/install/driver_msgs/share/driver_msgs/environment/library_path.sh
[0.246s] -- Up-to-date: /home/hou/catkin_ws/install/driver_msgs/share/driver_msgs/environment/library_path.dsv
[0.246s] -- Up-to-date: /home/hou/catkin_ws/install/driver_msgs/lib/libdriver_msgs__rosidl_generator_c.so
[0.252s] -- Up-to-date: /home/hou/catkin_ws/install/driver_msgs/include/driver_msgs/driver_msgs
[0.266s] -- Up-to-date: /home/hou/catkin_ws/install/driver_msgs/include/driver_msgs/driver_msgs/msg
[0.266s] -- Up-to-date: /home/hou/catkin_ws/install/driver_msgs/include/driver_msgs/driver_msgs/msg/detail
[0.266s] -- Up-to-date: /home/hou/catkin_ws/install/driver_msgs/include/driver_msgs/driver_msgs/msg/detail/target__rosidl_typesupport_fastrtps_c.h
[0.266s] -- Up-to-date: /home/hou/catkin_ws/install/driver_msgs/include/driver_msgs/driver_msgs/msg/rosidl_typesupport_fastrtps_c__visibility_control.h
[0.266s] -- Up-to-date: /home/hou/catkin_ws/install/driver_msgs/lib/libdriver_msgs__rosidl_typesupport_fastrtps_c.so
[0.266s] -- Up-to-date: /home/hou/catkin_ws/install/driver_msgs/include/driver_msgs/driver_msgs
[0.266s] -- Up-to-date: /home/hou/catkin_ws/install/driver_msgs/include/driver_msgs/driver_msgs/msg
[0.266s] -- Up-to-date: /home/hou/catkin_ws/install/driver_msgs/include/driver_msgs/driver_msgs/msg/detail
[0.266s] -- Up-to-date: /home/hou/catkin_ws/install/driver_msgs/include/driver_msgs/driver_msgs/msg/detail/target__builder.hpp
[0.266s] -- Up-to-date: /home/hou/catkin_ws/install/driver_msgs/include/driver_msgs/driver_msgs/msg/detail/target__type_support.hpp
[0.266s] -- Up-to-date: /home/hou/catkin_ws/install/driver_msgs/include/driver_msgs/driver_msgs/msg/detail/target__traits.hpp
[0.266s] -- Up-to-date: /home/hou/catkin_ws/install/driver_msgs/include/driver_msgs/driver_msgs/msg/detail/target__struct.hpp
[0.266s] -- Up-to-date: /home/hou/catkin_ws/install/driver_msgs/include/driver_msgs/driver_msgs/msg/target.hpp
[0.266s] -- Up-to-date: /home/hou/catkin_ws/install/driver_msgs/include/driver_msgs/driver_msgs/msg/rosidl_generator_cpp__visibility_control.hpp
[0.266s] -- Up-to-date: /home/hou/catkin_ws/install/driver_msgs/include/driver_msgs/driver_msgs
[0.266s] -- Up-to-date: /home/hou/catkin_ws/install/driver_msgs/include/driver_msgs/driver_msgs/msg
[0.266s] -- Up-to-date: /home/hou/catkin_ws/install/driver_msgs/include/driver_msgs/driver_msgs/msg/detail
[0.266s] -- Up-to-date: /home/hou/catkin_ws/install/driver_msgs/include/driver_msgs/driver_msgs/msg/detail/target__rosidl_typesupport_fastrtps_cpp.hpp
[0.266s] -- Up-to-date: /home/hou/catkin_ws/install/driver_msgs/include/driver_msgs/driver_msgs/msg/detail/dds_fastrtps
[0.266s] -- Up-to-date: /home/hou/catkin_ws/install/driver_msgs/include/driver_msgs/driver_msgs/msg/rosidl_typesupport_fastrtps_cpp__visibility_control.h
[0.266s] -- Up-to-date: /home/hou/catkin_ws/install/driver_msgs/lib/libdriver_msgs__rosidl_typesupport_fastrtps_cpp.so
[0.277s] -- Up-to-date: /home/hou/catkin_ws/install/driver_msgs/include/driver_msgs/driver_msgs
[0.277s] -- Up-to-date: /home/hou/catkin_ws/install/driver_msgs/include/driver_msgs/driver_msgs/msg
[0.277s] -- Up-to-date: /home/hou/catkin_ws/install/driver_msgs/include/driver_msgs/driver_msgs/msg/detail
[0.277s] -- Up-to-date: /home/hou/catkin_ws/install/driver_msgs/include/driver_msgs/driver_msgs/msg/detail/target__rosidl_typesupport_introspection_c.h
[0.277s] -- Up-to-date: /home/hou/catkin_ws/install/driver_msgs/include/driver_msgs/driver_msgs/msg/detail/target__type_support.c
[0.277s] -- Up-to-date: /home/hou/catkin_ws/install/driver_msgs/include/driver_msgs/driver_msgs/msg/rosidl_typesupport_introspection_c__visibility_control.h
[0.277s] -- Up-to-date: /home/hou/catkin_ws/install/driver_msgs/lib/libdriver_msgs__rosidl_typesupport_introspection_c.so
[0.277s] -- Up-to-date: /home/hou/catkin_ws/install/driver_msgs/lib/libdriver_msgs__rosidl_typesupport_c.so
[0.277s] -- Up-to-date: /home/hou/catkin_ws/install/driver_msgs/include/driver_msgs/driver_msgs
[0.277s] -- Up-to-date: /home/hou/catkin_ws/install/driver_msgs/include/driver_msgs/driver_msgs/msg
[0.277s] -- Up-to-date: /home/hou/catkin_ws/install/driver_msgs/include/driver_msgs/driver_msgs/msg/detail
[0.277s] -- Up-to-date: /home/hou/catkin_ws/install/driver_msgs/include/driver_msgs/driver_msgs/msg/detail/target__type_support.cpp
[0.283s] -- Up-to-date: /home/hou/catkin_ws/install/driver_msgs/include/driver_msgs/driver_msgs/msg/detail/target__rosidl_typesupport_introspection_cpp.hpp
[0.283s] -- Up-to-date: /home/hou/catkin_ws/install/driver_msgs/lib/libdriver_msgs__rosidl_typesupport_introspection_cpp.so
[0.283s] -- Up-to-date: /home/hou/catkin_ws/install/driver_msgs/lib/libdriver_msgs__rosidl_typesupport_cpp.so
[0.283s] -- Up-to-date: /home/hou/catkin_ws/install/driver_msgs/share/driver_msgs/msg/Target.idl
[0.283s] -- Up-to-date: /home/hou/catkin_ws/install/driver_msgs/share/driver_msgs/msg/Target.msg
[0.283s] -- Up-to-date: /home/hou/catkin_ws/install/driver_msgs/share/ament_index/resource_index/package_run_dependencies/driver_msgs
[0.284s] -- Up-to-date: /home/hou/catkin_ws/install/driver_msgs/share/ament_index/resource_index/parent_prefix_path/driver_msgs
[0.284s] -- Up-to-date: /home/hou/catkin_ws/install/driver_msgs/share/driver_msgs/environment/ament_prefix_path.sh
[0.284s] -- Up-to-date: /home/hou/catkin_ws/install/driver_msgs/share/driver_msgs/environment/ament_prefix_path.dsv
[0.284s] -- Up-to-date: /home/hou/catkin_ws/install/driver_msgs/share/driver_msgs/environment/path.sh
[0.284s] -- Up-to-date: /home/hou/catkin_ws/install/driver_msgs/share/driver_msgs/environment/path.dsv
[0.284s] -- Up-to-date: /home/hou/catkin_ws/install/driver_msgs/share/driver_msgs/local_setup.bash
[0.284s] -- Up-to-date: /home/hou/catkin_ws/install/driver_msgs/share/driver_msgs/local_setup.sh
[0.284s] -- Up-to-date: /home/hou/catkin_ws/install/driver_msgs/share/driver_msgs/local_setup.zsh
[0.284s] -- Up-to-date: /home/hou/catkin_ws/install/driver_msgs/share/driver_msgs/local_setup.dsv
[0.285s] -- Installing: /home/hou/catkin_ws/install/driver_msgs/share/driver_msgs/package.dsv
[0.285s] -- Up-to-date: /home/hou/catkin_ws/install/driver_msgs/share/ament_index/resource_index/packages/driver_msgs
[0.285s] -- Up-to-date: /home/hou/catkin_ws/install/driver_msgs/share/driver_msgs/cmake/export_driver_msgs__rosidl_generator_cExport.cmake
[0.285s] -- Up-to-date: /home/hou/catkin_ws/install/driver_msgs/share/driver_msgs/cmake/export_driver_msgs__rosidl_generator_cExport-noconfig.cmake
[0.285s] -- Up-to-date: /home/hou/catkin_ws/install/driver_msgs/share/driver_msgs/cmake/export_driver_msgs__rosidl_typesupport_fastrtps_cExport.cmake
[0.285s] -- Up-to-date: /home/hou/catkin_ws/install/driver_msgs/share/driver_msgs/cmake/export_driver_msgs__rosidl_typesupport_fastrtps_cExport-noconfig.cmake
[0.285s] -- Up-to-date: /home/hou/catkin_ws/install/driver_msgs/share/driver_msgs/cmake/export_driver_msgs__rosidl_generator_cppExport.cmake
[0.285s] -- Up-to-date: /home/hou/catkin_ws/install/driver_msgs/share/driver_msgs/cmake/export_driver_msgs__rosidl_typesupport_fastrtps_cppExport.cmake
[0.285s] -- Up-to-date: /home/hou/catkin_ws/install/driver_msgs/share/driver_msgs/cmake/export_driver_msgs__rosidl_typesupport_fastrtps_cppExport-noconfig.cmake
[0.285s] -- Up-to-date: /home/hou/catkin_ws/install/driver_msgs/share/driver_msgs/cmake/driver_msgs__rosidl_typesupport_introspection_cExport.cmake
[0.285s] -- Up-to-date: /home/hou/catkin_ws/install/driver_msgs/share/driver_msgs/cmake/driver_msgs__rosidl_typesupport_introspection_cExport-noconfig.cmake
[0.285s] -- Up-to-date: /home/hou/catkin_ws/install/driver_msgs/share/driver_msgs/cmake/driver_msgs__rosidl_typesupport_cExport.cmake
[0.285s] -- Up-to-date: /home/hou/catkin_ws/install/driver_msgs/share/driver_msgs/cmake/driver_msgs__rosidl_typesupport_cExport-noconfig.cmake
[0.285s] -- Up-to-date: /home/hou/catkin_ws/install/driver_msgs/share/driver_msgs/cmake/driver_msgs__rosidl_typesupport_introspection_cppExport.cmake
[0.286s] -- Up-to-date: /home/hou/catkin_ws/install/driver_msgs/share/driver_msgs/cmake/driver_msgs__rosidl_typesupport_introspection_cppExport-noconfig.cmake
[0.286s] -- Up-to-date: /home/hou/catkin_ws/install/driver_msgs/share/driver_msgs/cmake/driver_msgs__rosidl_typesupport_cppExport.cmake
[0.286s] -- Up-to-date: /home/hou/catkin_ws/install/driver_msgs/share/driver_msgs/cmake/driver_msgs__rosidl_typesupport_cppExport-noconfig.cmake
[0.292s] -- Up-to-date: /home/hou/catkin_ws/install/driver_msgs/share/driver_msgs/cmake/rosidl_cmake-extras.cmake
[0.293s] -- Up-to-date: /home/hou/catkin_ws/install/driver_msgs/share/driver_msgs/cmake/ament_cmake_export_dependencies-extras.cmake
[0.293s] -- Up-to-date: /home/hou/catkin_ws/install/driver_msgs/share/driver_msgs/cmake/ament_cmake_export_include_directories-extras.cmake
[0.293s] -- Up-to-date: /home/hou/catkin_ws/install/driver_msgs/share/driver_msgs/cmake/ament_cmake_export_libraries-extras.cmake
[0.293s] -- Up-to-date: /home/hou/catkin_ws/install/driver_msgs/share/driver_msgs/cmake/ament_cmake_export_targets-extras.cmake
[0.294s] -- Up-to-date: /home/hou/catkin_ws/install/driver_msgs/share/driver_msgs/cmake/rosidl_cmake_export_typesupport_targets-extras.cmake
[0.294s] -- Up-to-date: /home/hou/catkin_ws/install/driver_msgs/share/driver_msgs/cmake/rosidl_cmake_export_typesupport_libraries-extras.cmake
[0.294s] -- Up-to-date: /home/hou/catkin_ws/install/driver_msgs/share/driver_msgs/cmake/driver_msgsConfig.cmake
[0.294s] -- Up-to-date: /home/hou/catkin_ws/install/driver_msgs/share/driver_msgs/cmake/driver_msgsConfig-version.cmake
[0.294s] -- Up-to-date: /home/hou/catkin_ws/install/driver_msgs/share/driver_msgs/package.xml
[0.319s] Invoked command in '/home/hou/catkin_ws/build/driver_msgs' returned '0': CMAKE_PREFIX_PATH=${CMAKE_PREFIX_PATH}:/home/hou/catkin_ws/install/process:/opt/ros/humble /usr/bin/cmake --install /home/hou/catkin_ws/build/driver_msgs
