[1.282s] Invoking command in '/home/hou/catkin_ws/src/process': PYTHONPATH=/home/hou/catkin_ws/build/process/prefix_override:/usr/lib/python3/dist-packages/colcon_core/task/python/colcon_distutils_commands:/home/hou/catkin_ws/install/process/lib/python3.10/site-packages:${PYTHONPATH} /usr/bin/python3 -W ignore:setup.py install is deprecated -W ignore:easy_install command is deprecated setup.py egg_info --egg-base ../../build/process build --build-base /home/hou/catkin_ws/build/process/build install --record /home/hou/catkin_ws/build/process/install.log --single-version-externally-managed install_data
[1.474s] running egg_info
[1.475s] writing ../../build/process/process.egg-info/PKG-INFO
[1.475s] writing dependency_links to ../../build/process/process.egg-info/dependency_links.txt
[1.475s] writing entry points to ../../build/process/process.egg-info/entry_points.txt
[1.475s] writing requirements to ../../build/process/process.egg-info/requires.txt
[1.475s] writing top-level names to ../../build/process/process.egg-info/top_level.txt
[1.477s] reading manifest file '../../build/process/process.egg-info/SOURCES.txt'
[1.477s] writing manifest file '../../build/process/process.egg-info/SOURCES.txt'
[1.477s] running build
[1.477s] running build_py
[1.478s] running install
[1.478s] running install_lib
[1.480s] running install_data
[1.480s] running install_egg_info
[1.480s] removing '/home/hou/catkin_ws/install/process/lib/python3.10/site-packages/process-0.0.0-py3.10.egg-info' (and everything under it)
[1.482s] Copying ../../build/process/process.egg-info to /home/hou/catkin_ws/install/process/lib/python3.10/site-packages/process-0.0.0-py3.10.egg-info
[1.488s] running install_scripts
[1.508s] Installing process_node script to /home/hou/catkin_ws/install/process/lib/process
[1.508s] writing list of installed files to '/home/hou/catkin_ws/build/process/install.log'
[1.539s] Invoked command in '/home/hou/catkin_ws/src/process' returned '0': PYTHONPATH=/home/hou/catkin_ws/build/process/prefix_override:/usr/lib/python3/dist-packages/colcon_core/task/python/colcon_distutils_commands:/home/hou/catkin_ws/install/process/lib/python3.10/site-packages:${PYTHONPATH} /usr/bin/python3 -W ignore:setup.py install is deprecated -W ignore:easy_install command is deprecated setup.py egg_info --egg-base ../../build/process build --build-base /home/hou/catkin_ws/build/process/build install --record /home/hou/catkin_ws/build/process/install.log --single-version-externally-managed install_data
