[1.853s] Invoking command in '/home/hou/catkin_ws/src/process': PYTHONPATH=/home/hou/catkin_ws/build/process/prefix_override:/usr/lib/python3/dist-packages/colcon_core/task/python/colcon_distutils_commands:/home/hou/catkin_ws/install/process/lib/python3.10/site-packages:${PYTHONPATH} /usr/bin/python3 -W ignore:setup.py install is deprecated -W ignore:easy_install command is deprecated setup.py egg_info --egg-base ../../build/process build --build-base /home/hou/catkin_ws/build/process/build install --record /home/hou/catkin_ws/build/process/install.log --single-version-externally-managed install_data
[2.334s] running egg_info
[2.339s] creating ../../build/process/process.egg-info
[2.339s] writing ../../build/process/process.egg-info/PKG-INFO
[2.348s] writing dependency_links to ../../build/process/process.egg-info/dependency_links.txt
[2.348s] writing entry points to ../../build/process/process.egg-info/entry_points.txt
[2.348s] writing requirements to ../../build/process/process.egg-info/requires.txt
[2.348s] writing top-level names to ../../build/process/process.egg-info/top_level.txt
[2.348s] writing manifest file '../../build/process/process.egg-info/SOURCES.txt'
[2.352s] reading manifest file '../../build/process/process.egg-info/SOURCES.txt'
[2.356s] writing manifest file '../../build/process/process.egg-info/SOURCES.txt'
[2.356s] running build
[2.356s] running build_py
[2.359s] creating /home/hou/catkin_ws/build/process/build
[2.359s] creating /home/hou/catkin_ws/build/process/build/lib
[2.359s] creating /home/hou/catkin_ws/build/process/build/lib/process
[2.359s] copying process/__init__.py -> /home/hou/catkin_ws/build/process/build/lib/process
[2.359s] copying process/process_node.py -> /home/hou/catkin_ws/build/process/build/lib/process
[2.359s] running install
[2.359s] running install_lib
[2.365s] creating /home/hou/catkin_ws/install/process/lib/python3.10/site-packages/process
[2.365s] copying /home/hou/catkin_ws/build/process/build/lib/process/__init__.py -> /home/hou/catkin_ws/install/process/lib/python3.10/site-packages/process
[2.365s] copying /home/hou/catkin_ws/build/process/build/lib/process/process_node.py -> /home/hou/catkin_ws/install/process/lib/python3.10/site-packages/process
[2.371s] byte-compiling /home/hou/catkin_ws/install/process/lib/python3.10/site-packages/process/__init__.py to __init__.cpython-310.pyc
[2.371s] byte-compiling /home/hou/catkin_ws/install/process/lib/python3.10/site-packages/process/process_node.py to process_node.cpython-310.pyc
[2.371s] running install_data
[2.371s] creating /home/hou/catkin_ws/install/process/share/ament_index
[2.371s] creating /home/hou/catkin_ws/install/process/share/ament_index/resource_index
[2.371s] creating /home/hou/catkin_ws/install/process/share/ament_index/resource_index/packages
[2.371s] copying resource/process -> /home/hou/catkin_ws/install/process/share/ament_index/resource_index/packages
[2.371s] copying package.xml -> /home/hou/catkin_ws/install/process/share/process
[2.371s] running install_egg_info
[2.383s] Copying ../../build/process/process.egg-info to /home/hou/catkin_ws/install/process/lib/python3.10/site-packages/process-0.0.0-py3.10.egg-info
[2.387s] running install_scripts
[2.434s] Installing process_node script to /home/hou/catkin_ws/install/process/lib/process
[2.441s] writing list of installed files to '/home/hou/catkin_ws/build/process/install.log'
[2.508s] Invoked command in '/home/hou/catkin_ws/src/process' returned '0': PYTHONPATH=/home/hou/catkin_ws/build/process/prefix_override:/usr/lib/python3/dist-packages/colcon_core/task/python/colcon_distutils_commands:/home/hou/catkin_ws/install/process/lib/python3.10/site-packages:${PYTHONPATH} /usr/bin/python3 -W ignore:setup.py install is deprecated -W ignore:easy_install command is deprecated setup.py egg_info --egg-base ../../build/process build --build-base /home/hou/catkin_ws/build/process/build install --record /home/hou/catkin_ws/build/process/install.log --single-version-externally-managed install_data
