[3.712s] Invoking command in '/home/hou/catkin_ws/src/process': PYTHONPATH=/home/hou/catkin_ws/build/process/prefix_override:/usr/lib/python3/dist-packages/colcon_core/task/python/colcon_distutils_commands:/home/hou/catkin_ws/install/process/lib/python3.10/site-packages:${PYTHONPATH} /usr/bin/python3 -W ignore:setup.py install is deprecated -W ignore:easy_install command is deprecated setup.py egg_info --egg-base ../../build/process build --build-base /home/hou/catkin_ws/build/process/build install --record /home/hou/catkin_ws/build/process/install.log --single-version-externally-managed install_data
[4.562s] running egg_info
[4.571s] writing ../../build/process/process.egg-info/PKG-INFO
[4.611s] writing dependency_links to ../../build/process/process.egg-info/dependency_links.txt
[4.630s] writing entry points to ../../build/process/process.egg-info/entry_points.txt
[4.630s] writing requirements to ../../build/process/process.egg-info/requires.txt
[4.740s] writing top-level names to ../../build/process/process.egg-info/top_level.txt
[4.813s] reading manifest file '../../build/process/process.egg-info/SOURCES.txt'
[4.863s] writing manifest file '../../build/process/process.egg-info/SOURCES.txt'
[4.863s] running build
[4.863s] running build_py
[4.863s] running install
[4.863s] running install_lib
[4.863s] running install_data
[4.863s] running install_egg_info
[4.863s] removing '/home/hou/catkin_ws/install/process/lib/python3.10/site-packages/process-0.0.0-py3.10.egg-info' (and everything under it)
[4.863s] Copying ../../build/process/process.egg-info to /home/hou/catkin_ws/install/process/lib/python3.10/site-packages/process-0.0.0-py3.10.egg-info
[4.863s] running install_scripts
[4.997s] Installing process_node script to /home/hou/catkin_ws/install/process/lib/process
[5.027s] writing list of installed files to '/home/hou/catkin_ws/build/process/install.log'
[5.124s] Invoked command in '/home/hou/catkin_ws/src/process' returned '0': PYTHONPATH=/home/hou/catkin_ws/build/process/prefix_override:/usr/lib/python3/dist-packages/colcon_core/task/python/colcon_distutils_commands:/home/hou/catkin_ws/install/process/lib/python3.10/site-packages:${PYTHONPATH} /usr/bin/python3 -W ignore:setup.py install is deprecated -W ignore:easy_install command is deprecated setup.py egg_info --egg-base ../../build/process build --build-base /home/hou/catkin_ws/build/process/build install --record /home/hou/catkin_ws/build/process/install.log --single-version-externally-managed install_data
