[0.014s] Invoking command in '/home/hou/catkin_ws/build/driver': CMAKE_PREFIX_PATH=/home/hou/catkin_ws/install/driver_msgs:/home/hou/catkin_ws/install/driver:/home/hou/catkin_ws/install/process:/opt/ros/humble /usr/bin/cmake --build /home/hou/catkin_ws/build/driver -- -j10 -l10
[0.190s] [35m[1mConsolidate compiler generated dependencies of target driver_node[0m
[0.242s] [100%] Built target driver_node
[0.366s] Invoked command in '/home/hou/catkin_ws/build/driver' returned '0': CMAKE_PREFIX_PATH=/home/hou/catkin_ws/install/driver_msgs:/home/hou/catkin_ws/install/driver:/home/hou/catkin_ws/install/process:/opt/ros/humble /usr/bin/cmake --build /home/hou/catkin_ws/build/driver -- -j10 -l10
[0.368s] Invoking command in '/home/hou/catkin_ws/build/driver': CMAKE_PREFIX_PATH=/home/hou/catkin_ws/install/driver_msgs:/home/hou/catkin_ws/install/driver:/home/hou/catkin_ws/install/process:/opt/ros/humble /usr/bin/cmake --install /home/hou/catkin_ws/build/driver
[0.378s] -- Install configuration: ""
[0.379s] -- Up-to-date: /home/hou/catkin_ws/install/driver/lib/driver/driver_node
[0.382s] -- Up-to-date: /home/hou/catkin_ws/install/driver/share/ament_index/resource_index/package_run_dependencies/driver
[0.382s] -- Up-to-date: /home/hou/catkin_ws/install/driver/share/ament_index/resource_index/parent_prefix_path/driver
[0.382s] -- Up-to-date: /home/hou/catkin_ws/install/driver/share/driver/environment/ament_prefix_path.sh
[0.382s] -- Up-to-date: /home/hou/catkin_ws/install/driver/share/driver/environment/ament_prefix_path.dsv
[0.382s] -- Up-to-date: /home/hou/catkin_ws/install/driver/share/driver/environment/path.sh
[0.382s] -- Up-to-date: /home/hou/catkin_ws/install/driver/share/driver/environment/path.dsv
[0.383s] -- Up-to-date: /home/hou/catkin_ws/install/driver/share/driver/local_setup.bash
[0.383s] -- Up-to-date: /home/hou/catkin_ws/install/driver/share/driver/local_setup.sh
[0.383s] -- Up-to-date: /home/hou/catkin_ws/install/driver/share/driver/local_setup.zsh
[0.383s] -- Up-to-date: /home/hou/catkin_ws/install/driver/share/driver/local_setup.dsv
[0.383s] -- Installing: /home/hou/catkin_ws/install/driver/share/driver/package.dsv
[0.383s] -- Up-to-date: /home/hou/catkin_ws/install/driver/share/ament_index/resource_index/packages/driver
[0.383s] -- Up-to-date: /home/hou/catkin_ws/install/driver/share/driver/cmake/driverConfig.cmake
[0.383s] -- Up-to-date: /home/hou/catkin_ws/install/driver/share/driver/cmake/driverConfig-version.cmake
[0.383s] -- Up-to-date: /home/hou/catkin_ws/install/driver/share/driver/package.xml
[0.384s] Invoked command in '/home/hou/catkin_ws/build/driver' returned '0': CMAKE_PREFIX_PATH=/home/hou/catkin_ws/install/driver_msgs:/home/hou/catkin_ws/install/driver:/home/hou/catkin_ws/install/process:/opt/ros/humble /usr/bin/cmake --install /home/hou/catkin_ws/build/driver
